[0.366s] Invoking command in '/home/bubble/Develops/ROS2/pkg_dev_ws/build/moteus_msgs': CMAKE_PREFIX_PATH=/opt/ros/humble /usr/bin/cmake /home/bubble/Develops/ROS2/pkg_dev_ws/src/moteus_msgs -DAMENT_CMAKE_SYMLINK_INSTALL=1 -DCMAKE_INSTALL_PREFIX=/home/bubble/Develops/ROS2/pkg_dev_ws/install/moteus_msgs
[0.444s] -- The C compiler identification is GNU 11.2.0
[0.522s] -- The CXX compiler identification is GNU 11.2.0
[0.533s] -- Detecting C compiler ABI info
[0.628s] -- Detecting C compiler ABI info - done
[0.650s] -- Check for working C compiler: /usr/bin/cc - skipped
[0.651s] -- Detecting C compile features
[0.652s] -- Detecting C compile features - done
[0.661s] -- Detecting CXX compiler ABI info
[0.777s] -- Detecting CXX compiler ABI info - done
[0.787s] -- Check for working CXX compiler: /usr/bin/c++ - skipped
[0.787s] -- Detecting CXX compile features
[0.788s] -- Detecting CXX compile features - done
[0.792s] -- Found ament_cmake: 1.3.2 (/opt/ros/humble/share/ament_cmake/cmake)
[1.016s] -- Found Python3: /usr/bin/python3.10 (found version "3.10.4") found components: Interpreter 
[1.091s] -- Override CMake install command with custom implementation using symlinks instead of copying resources
[1.145s] -- Found std_msgs: 4.2.2 (/opt/ros/humble/share/std_msgs/cmake)
[1.206s] -- Found rosidl_generator_c: 3.1.3 (/opt/ros/humble/share/rosidl_generator_c/cmake)
[1.213s] -- Found rosidl_adapter: 3.1.3 (/opt/ros/humble/share/rosidl_adapter/cmake)
[1.225s] -- Found rosidl_generator_cpp: 3.1.3 (/opt/ros/humble/share/rosidl_generator_cpp/cmake)
[1.246s] -- Using all available rosidl_typesupport_c: rosidl_typesupport_fastrtps_c;rosidl_typesupport_introspection_c
[1.276s] -- Using all available rosidl_typesupport_cpp: rosidl_typesupport_fastrtps_cpp;rosidl_typesupport_introspection_cpp
[1.369s] -- Found geometry_msgs: 4.2.2 (/opt/ros/humble/share/geometry_msgs/cmake)
[1.440s] -- Found rosidl_default_generators: 1.2.0 (/opt/ros/humble/share/rosidl_default_generators/cmake)
[1.836s] -- Found ament_cmake_ros: 0.10.0 (/opt/ros/humble/share/ament_cmake_ros/cmake)
[2.331s] -- Using all available rosidl_typesupport_c: rosidl_typesupport_fastrtps_c;rosidl_typesupport_introspection_c
[2.585s] -- Using all available rosidl_typesupport_cpp: rosidl_typesupport_fastrtps_cpp;rosidl_typesupport_introspection_cpp
[2.616s] -- Found PythonInterp: /usr/bin/python3 (found suitable version "3.10.4", minimum required is "3.6") 
[2.619s] -- Found python_cmake_module: 0.10.0 (/opt/ros/humble/share/python_cmake_module/cmake)
[2.657s] -- Found PythonLibs: /usr/lib/x86_64-linux-gnu/libpython3.10.so (found suitable version "3.10.4", minimum required is "3.5") 
[2.657s] -- Using PYTHON_EXECUTABLE: /usr/bin/python3
[2.657s] -- Using PYTHON_INCLUDE_DIRS: /usr/include/python3.10
[2.658s] -- Using PYTHON_LIBRARIES: /usr/lib/x86_64-linux-gnu/libpython3.10.so
[2.683s] -- Found PythonExtra: .so  
[2.769s] -- Configuring done
[2.834s] -- Generating done
[2.839s] -- Build files have been written to: /home/bubble/Develops/ROS2/pkg_dev_ws/build/moteus_msgs
[2.849s] Invoked command in '/home/bubble/Develops/ROS2/pkg_dev_ws/build/moteus_msgs' returned '0': CMAKE_PREFIX_PATH=/opt/ros/humble /usr/bin/cmake /home/bubble/Develops/ROS2/pkg_dev_ws/src/moteus_msgs -DAMENT_CMAKE_SYMLINK_INSTALL=1 -DCMAKE_INSTALL_PREFIX=/home/bubble/Develops/ROS2/pkg_dev_ws/install/moteus_msgs
[2.852s] Invoking command in '/home/bubble/Develops/ROS2/pkg_dev_ws/build/moteus_msgs': CMAKE_PREFIX_PATH=/opt/ros/humble /usr/bin/cmake --build /home/bubble/Develops/ROS2/pkg_dev_ws/build/moteus_msgs -- -j32 -l32
[2.904s] [  2%] [34m[1mGenerating C code for ROS interfaces[0m
[2.920s] [  5%] [34m[1mGenerating C++ code for ROS interfaces[0m
[2.928s] [  5%] Built target ament_cmake_python_symlink_moteus_msgs
[3.272s] running egg_info
[3.272s] creating moteus_msgs.egg-info
[3.273s] writing moteus_msgs.egg-info/PKG-INFO
[3.273s] writing dependency_links to moteus_msgs.egg-info/dependency_links.txt
[3.273s] writing top-level names to moteus_msgs.egg-info/top_level.txt
[3.274s] writing manifest file 'moteus_msgs.egg-info/SOURCES.txt'
[3.276s] reading manifest file 'moteus_msgs.egg-info/SOURCES.txt'
[3.276s] writing manifest file 'moteus_msgs.egg-info/SOURCES.txt'
[3.305s] [  5%] Built target ament_cmake_python_build_moteus_msgs_egg
[3.325s] [  7%] [32mBuilding C object CMakeFiles/moteus_msgs__rosidl_generator_c.dir/rosidl_generator_c/moteus_msgs/msg/detail/moteus_state__functions.c.o[0m
[3.329s] [ 10%] [32mBuilding C object CMakeFiles/moteus_msgs__rosidl_generator_c.dir/rosidl_generator_c/moteus_msgs/msg/detail/moteus_state_stamped__functions.c.o[0m
[3.342s] [ 10%] Built target moteus_msgs__cpp
[3.353s] [ 12%] [34m[1mGenerating C++ type support dispatch for ROS interfaces[0m
[3.354s] [ 15%] [34m[1mGenerating C++ introspection for ROS interfaces[0m
[3.355s] [ 17%] [34m[1mGenerating C++ type support for eProsima Fast-RTPS[0m
[3.396s] [ 20%] [32m[1mLinking C shared library libmoteus_msgs__rosidl_generator_c.so[0m
[3.447s] [ 20%] Built target moteus_msgs__rosidl_generator_c
[3.460s] [ 25%] [34m[1mGenerating C type support for eProsima Fast-RTPS[0m
[3.460s] [ 25%] [34m[1mGenerating C introspection for ROS interfaces[0m
[3.462s] [ 28%] [34m[1mGenerating C type support dispatch for ROS interfaces[0m
[3.672s] [ 33%] [32mBuilding CXX object CMakeFiles/moteus_msgs__rosidl_typesupport_introspection_cpp.dir/rosidl_typesupport_introspection_cpp/moteus_msgs/msg/detail/moteus_state_stamped__type_support.cpp.o[0m
[3.672s] [ 33%] [32mBuilding CXX object CMakeFiles/moteus_msgs__rosidl_typesupport_introspection_cpp.dir/rosidl_typesupport_introspection_cpp/moteus_msgs/msg/detail/moteus_state__type_support.cpp.o[0m
[3.690s] [ 35%] [32mBuilding CXX object CMakeFiles/moteus_msgs__rosidl_typesupport_cpp.dir/rosidl_typesupport_cpp/moteus_msgs/msg/moteus_state_stamped__type_support.cpp.o[0m
[3.693s] [ 38%] [32mBuilding CXX object CMakeFiles/moteus_msgs__rosidl_typesupport_cpp.dir/rosidl_typesupport_cpp/moteus_msgs/msg/moteus_state__type_support.cpp.o[0m
[3.714s] [ 41%] [32mBuilding CXX object CMakeFiles/moteus_msgs__rosidl_typesupport_fastrtps_cpp.dir/rosidl_typesupport_fastrtps_cpp/moteus_msgs/msg/detail/dds_fastrtps/moteus_state_stamped__type_support.cpp.o[0m
[3.715s] [ 43%] [32mBuilding CXX object CMakeFiles/moteus_msgs__rosidl_typesupport_fastrtps_cpp.dir/rosidl_typesupport_fastrtps_cpp/moteus_msgs/msg/detail/dds_fastrtps/moteus_state__type_support.cpp.o[0m
[3.801s] [ 48%] [32mBuilding CXX object CMakeFiles/moteus_msgs__rosidl_typesupport_c.dir/rosidl_typesupport_c/moteus_msgs/msg/moteus_state__type_support.cpp.o[0m
[3.801s] [ 48%] [32mBuilding CXX object CMakeFiles/moteus_msgs__rosidl_typesupport_c.dir/rosidl_typesupport_c/moteus_msgs/msg/moteus_state_stamped__type_support.cpp.o[0m
[3.842s] [ 51%] [32m[1mLinking CXX shared library libmoteus_msgs__rosidl_typesupport_c.so[0m
[3.852s] [ 53%] [32mBuilding CXX object CMakeFiles/moteus_msgs__rosidl_typesupport_fastrtps_c.dir/rosidl_typesupport_fastrtps_c/moteus_msgs/msg/detail/moteus_state_stamped__type_support_c.cpp.o[0m
[3.853s] [ 56%] [32mBuilding CXX object CMakeFiles/moteus_msgs__rosidl_typesupport_fastrtps_c.dir/rosidl_typesupport_fastrtps_c/moteus_msgs/msg/detail/moteus_state__type_support_c.cpp.o[0m
[3.899s] [ 56%] Built target moteus_msgs__rosidl_typesupport_c
[3.901s] [ 58%] [32mBuilding C object CMakeFiles/moteus_msgs__rosidl_typesupport_introspection_c.dir/rosidl_typesupport_introspection_c/moteus_msgs/msg/detail/moteus_state_stamped__type_support.c.o[0m
[3.901s] [ 61%] [32mBuilding C object CMakeFiles/moteus_msgs__rosidl_typesupport_introspection_c.dir/rosidl_typesupport_introspection_c/moteus_msgs/msg/detail/moteus_state__type_support.c.o[0m
[3.953s] [ 64%] [32m[1mLinking C shared library libmoteus_msgs__rosidl_typesupport_introspection_c.so[0m
[3.993s] [ 64%] Built target moteus_msgs__rosidl_typesupport_introspection_c
[4.057s] [ 66%] [32m[1mLinking CXX shared library libmoteus_msgs__rosidl_typesupport_cpp.so[0m
[4.113s] [ 66%] Built target moteus_msgs__rosidl_typesupport_cpp
[4.230s] [ 69%] [32m[1mLinking CXX shared library libmoteus_msgs__rosidl_typesupport_introspection_cpp.so[0m
[4.268s] [ 71%] [32m[1mLinking CXX shared library libmoteus_msgs__rosidl_typesupport_fastrtps_cpp.so[0m
[4.311s] [ 71%] Built target moteus_msgs__rosidl_typesupport_introspection_cpp
[4.340s] [ 74%] [32m[1mLinking CXX shared library libmoteus_msgs__rosidl_typesupport_fastrtps_c.so[0m
[4.353s] [ 74%] Built target moteus_msgs__rosidl_typesupport_fastrtps_cpp
[4.435s] [ 74%] Built target moteus_msgs__rosidl_typesupport_fastrtps_c
[4.453s] [ 74%] Built target moteus_msgs
[4.472s] [ 76%] [34m[1mGenerating Python code for ROS interfaces[0m
[4.997s] [ 76%] Built target moteus_msgs__py
[5.019s] [ 79%] [32mBuilding C object CMakeFiles/moteus_msgs__rosidl_generator_py.dir/rosidl_generator_py/moteus_msgs/msg/_moteus_state_stamped_s.c.o[0m
[5.021s] [ 82%] [32mBuilding C object CMakeFiles/moteus_msgs__rosidl_generator_py.dir/rosidl_generator_py/moteus_msgs/msg/_moteus_state_s.c.o[0m
[5.197s] [ 84%] [32m[1mLinking C shared library rosidl_generator_py/moteus_msgs/libmoteus_msgs__rosidl_generator_py.so[0m
[5.250s] [ 84%] Built target moteus_msgs__rosidl_generator_py
[5.273s] [ 87%] [32mBuilding C object CMakeFiles/moteus_msgs__rosidl_typesupport_c__pyext.dir/rosidl_generator_py/moteus_msgs/_moteus_msgs_s.ep.rosidl_typesupport_c.c.o[0m
[5.275s] [ 89%] [32mBuilding C object CMakeFiles/moteus_msgs__rosidl_typesupport_introspection_c__pyext.dir/rosidl_generator_py/moteus_msgs/_moteus_msgs_s.ep.rosidl_typesupport_introspection_c.c.o[0m
[5.276s] [ 92%] [32mBuilding C object CMakeFiles/moteus_msgs__rosidl_typesupport_fastrtps_c__pyext.dir/rosidl_generator_py/moteus_msgs/_moteus_msgs_s.ep.rosidl_typesupport_fastrtps_c.c.o[0m
[5.429s] [ 94%] [32m[1mLinking C shared library rosidl_generator_py/moteus_msgs/moteus_msgs_s__rosidl_typesupport_introspection_c.cpython-310-x86_64-linux-gnu.so[0m
[5.429s] [ 97%] [32m[1mLinking C shared library rosidl_generator_py/moteus_msgs/moteus_msgs_s__rosidl_typesupport_fastrtps_c.cpython-310-x86_64-linux-gnu.so[0m
[5.430s] [100%] [32m[1mLinking C shared library rosidl_generator_py/moteus_msgs/moteus_msgs_s__rosidl_typesupport_c.cpython-310-x86_64-linux-gnu.so[0m
[5.484s] [100%] Built target moteus_msgs__rosidl_typesupport_introspection_c__pyext
[5.484s] [100%] Built target moteus_msgs__rosidl_typesupport_fastrtps_c__pyext
[5.485s] [100%] Built target moteus_msgs__rosidl_typesupport_c__pyext
[5.499s] Invoked command in '/home/bubble/Develops/ROS2/pkg_dev_ws/build/moteus_msgs' returned '0': CMAKE_PREFIX_PATH=/opt/ros/humble /usr/bin/cmake --build /home/bubble/Develops/ROS2/pkg_dev_ws/build/moteus_msgs -- -j32 -l32
[5.601s] Invoking command in '/home/bubble/Develops/ROS2/pkg_dev_ws/build/moteus_msgs': CMAKE_PREFIX_PATH=/opt/ros/humble /usr/bin/cmake --install /home/bubble/Develops/ROS2/pkg_dev_ws/build/moteus_msgs
[5.610s] -- Install configuration: ""
[5.611s] -- Execute custom install script
[5.611s] -- Symlinking: /home/bubble/Develops/ROS2/pkg_dev_ws/install/moteus_msgs/share/ament_index/resource_index/rosidl_interfaces/moteus_msgs
[5.623s] -- Symlinking: /home/bubble/Develops/ROS2/pkg_dev_ws/install/moteus_msgs/include/moteus_msgs/moteus_msgs/msg/detail/moteus_state__functions.h
[5.632s] -- Symlinking: /home/bubble/Develops/ROS2/pkg_dev_ws/install/moteus_msgs/include/moteus_msgs/moteus_msgs/msg/detail/moteus_state__struct.h
[5.642s] -- Symlinking: /home/bubble/Develops/ROS2/pkg_dev_ws/install/moteus_msgs/include/moteus_msgs/moteus_msgs/msg/detail/moteus_state__type_support.h
[5.651s] -- Symlinking: /home/bubble/Develops/ROS2/pkg_dev_ws/install/moteus_msgs/include/moteus_msgs/moteus_msgs/msg/detail/moteus_state_stamped__functions.h
[5.660s] -- Symlinking: /home/bubble/Develops/ROS2/pkg_dev_ws/install/moteus_msgs/include/moteus_msgs/moteus_msgs/msg/detail/moteus_state_stamped__struct.h
[5.669s] -- Symlinking: /home/bubble/Develops/ROS2/pkg_dev_ws/install/moteus_msgs/include/moteus_msgs/moteus_msgs/msg/detail/moteus_state_stamped__type_support.h
[5.678s] -- Symlinking: /home/bubble/Develops/ROS2/pkg_dev_ws/install/moteus_msgs/include/moteus_msgs/moteus_msgs/msg/moteus_state.h
[5.687s] -- Symlinking: /home/bubble/Develops/ROS2/pkg_dev_ws/install/moteus_msgs/include/moteus_msgs/moteus_msgs/msg/moteus_state_stamped.h
[5.696s] -- Symlinking: /home/bubble/Develops/ROS2/pkg_dev_ws/install/moteus_msgs/include/moteus_msgs/moteus_msgs/msg/rosidl_generator_c__visibility_control.h
[5.705s] -- Symlinking: /home/bubble/Develops/ROS2/pkg_dev_ws/install/moteus_msgs/share/moteus_msgs/environment/library_path.sh
[5.717s] -- Symlinking: /home/bubble/Develops/ROS2/pkg_dev_ws/install/moteus_msgs/share/moteus_msgs/environment/library_path.dsv
[5.730s] -- Symlinking: /home/bubble/Develops/ROS2/pkg_dev_ws/install/moteus_msgs/include/moteus_msgs/moteus_msgs/msg/detail/moteus_state__rosidl_typesupport_fastrtps_c.h
[5.740s] -- Symlinking: /home/bubble/Develops/ROS2/pkg_dev_ws/install/moteus_msgs/include/moteus_msgs/moteus_msgs/msg/detail/moteus_state_stamped__rosidl_typesupport_fastrtps_c.h
[5.747s] -- Symlinking: /home/bubble/Develops/ROS2/pkg_dev_ws/install/moteus_msgs/include/moteus_msgs/moteus_msgs/msg/rosidl_typesupport_fastrtps_c__visibility_control.h
[5.755s] -- Symlinking: /home/bubble/Develops/ROS2/pkg_dev_ws/install/moteus_msgs/include/moteus_msgs/moteus_msgs/msg/detail/moteus_state__builder.hpp
[5.762s] -- Symlinking: /home/bubble/Develops/ROS2/pkg_dev_ws/install/moteus_msgs/include/moteus_msgs/moteus_msgs/msg/detail/moteus_state__struct.hpp
[5.770s] -- Symlinking: /home/bubble/Develops/ROS2/pkg_dev_ws/install/moteus_msgs/include/moteus_msgs/moteus_msgs/msg/detail/moteus_state__traits.hpp
[5.777s] -- Symlinking: /home/bubble/Develops/ROS2/pkg_dev_ws/install/moteus_msgs/include/moteus_msgs/moteus_msgs/msg/detail/moteus_state_stamped__builder.hpp
[5.785s] -- Symlinking: /home/bubble/Develops/ROS2/pkg_dev_ws/install/moteus_msgs/include/moteus_msgs/moteus_msgs/msg/detail/moteus_state_stamped__struct.hpp
[5.792s] -- Symlinking: /home/bubble/Develops/ROS2/pkg_dev_ws/install/moteus_msgs/include/moteus_msgs/moteus_msgs/msg/detail/moteus_state_stamped__traits.hpp
[5.799s] -- Symlinking: /home/bubble/Develops/ROS2/pkg_dev_ws/install/moteus_msgs/include/moteus_msgs/moteus_msgs/msg/moteus_state.hpp
[5.811s] -- Symlinking: /home/bubble/Develops/ROS2/pkg_dev_ws/install/moteus_msgs/include/moteus_msgs/moteus_msgs/msg/moteus_state_stamped.hpp
[5.819s] -- Symlinking: /home/bubble/Develops/ROS2/pkg_dev_ws/install/moteus_msgs/include/moteus_msgs/moteus_msgs/msg/detail/moteus_state__rosidl_typesupport_fastrtps_cpp.hpp
[5.827s] -- Symlinking: /home/bubble/Develops/ROS2/pkg_dev_ws/install/moteus_msgs/include/moteus_msgs/moteus_msgs/msg/detail/moteus_state_stamped__rosidl_typesupport_fastrtps_cpp.hpp
[5.841s] -- Symlinking: /home/bubble/Develops/ROS2/pkg_dev_ws/install/moteus_msgs/include/moteus_msgs/moteus_msgs/msg/rosidl_typesupport_fastrtps_cpp__visibility_control.h
[5.849s] -- Symlinking: /home/bubble/Develops/ROS2/pkg_dev_ws/install/moteus_msgs/include/moteus_msgs/moteus_msgs/msg/detail/moteus_state__rosidl_typesupport_introspection_c.h
[5.856s] -- Symlinking: /home/bubble/Develops/ROS2/pkg_dev_ws/install/moteus_msgs/include/moteus_msgs/moteus_msgs/msg/detail/moteus_state_stamped__rosidl_typesupport_introspection_c.h
[5.865s] -- Symlinking: /home/bubble/Develops/ROS2/pkg_dev_ws/install/moteus_msgs/include/moteus_msgs/moteus_msgs/msg/rosidl_typesupport_introspection_c__visibility_control.h
[5.877s] -- Symlinking: /home/bubble/Develops/ROS2/pkg_dev_ws/install/moteus_msgs/include/moteus_msgs/moteus_msgs/msg/detail/moteus_state__rosidl_typesupport_introspection_cpp.hpp
[5.887s] -- Symlinking: /home/bubble/Develops/ROS2/pkg_dev_ws/install/moteus_msgs/include/moteus_msgs/moteus_msgs/msg/detail/moteus_state_stamped__rosidl_typesupport_introspection_cpp.hpp
[5.898s] -- Symlinking: /home/bubble/Develops/ROS2/pkg_dev_ws/install/moteus_msgs/share/moteus_msgs/environment/pythonpath.sh
[5.909s] -- Symlinking: /home/bubble/Develops/ROS2/pkg_dev_ws/install/moteus_msgs/share/moteus_msgs/environment/pythonpath.dsv
[5.918s] -- Symlinking: /home/bubble/Develops/ROS2/pkg_dev_ws/install/moteus_msgs/local/lib/python3.10/dist-packages/moteus_msgs-0.0.1-py3.10.egg-info/PKG-INFO
[5.928s] -- Symlinking: /home/bubble/Develops/ROS2/pkg_dev_ws/install/moteus_msgs/local/lib/python3.10/dist-packages/moteus_msgs-0.0.1-py3.10.egg-info/SOURCES.txt
[5.935s] -- Symlinking: /home/bubble/Develops/ROS2/pkg_dev_ws/install/moteus_msgs/local/lib/python3.10/dist-packages/moteus_msgs-0.0.1-py3.10.egg-info/dependency_links.txt
[5.945s] -- Symlinking: /home/bubble/Develops/ROS2/pkg_dev_ws/install/moteus_msgs/local/lib/python3.10/dist-packages/moteus_msgs-0.0.1-py3.10.egg-info/top_level.txt
[5.955s] -- Symlinking: /home/bubble/Develops/ROS2/pkg_dev_ws/install/moteus_msgs/local/lib/python3.10/dist-packages/moteus_msgs/__init__.py
[5.965s] -- Symlinking: /home/bubble/Develops/ROS2/pkg_dev_ws/install/moteus_msgs/local/lib/python3.10/dist-packages/moteus_msgs/_moteus_msgs_s.ep.rosidl_typesupport_c.c
[5.974s] -- Symlinking: /home/bubble/Develops/ROS2/pkg_dev_ws/install/moteus_msgs/local/lib/python3.10/dist-packages/moteus_msgs/_moteus_msgs_s.ep.rosidl_typesupport_fastrtps_c.c
[5.982s] -- Symlinking: /home/bubble/Develops/ROS2/pkg_dev_ws/install/moteus_msgs/local/lib/python3.10/dist-packages/moteus_msgs/_moteus_msgs_s.ep.rosidl_typesupport_introspection_c.c
[5.992s] -- Symlinking: /home/bubble/Develops/ROS2/pkg_dev_ws/install/moteus_msgs/local/lib/python3.10/dist-packages/moteus_msgs/libmoteus_msgs__rosidl_generator_py.so
[6.001s] -- Symlinking: /home/bubble/Develops/ROS2/pkg_dev_ws/install/moteus_msgs/local/lib/python3.10/dist-packages/moteus_msgs/moteus_msgs_s__rosidl_typesupport_c.cpython-310-x86_64-linux-gnu.so
[6.009s] -- Symlinking: /home/bubble/Develops/ROS2/pkg_dev_ws/install/moteus_msgs/local/lib/python3.10/dist-packages/moteus_msgs/moteus_msgs_s__rosidl_typesupport_fastrtps_c.cpython-310-x86_64-linux-gnu.so
[6.020s] -- Symlinking: /home/bubble/Develops/ROS2/pkg_dev_ws/install/moteus_msgs/local/lib/python3.10/dist-packages/moteus_msgs/moteus_msgs_s__rosidl_typesupport_introspection_c.cpython-310-x86_64-linux-gnu.so
[6.029s] -- Symlinking: /home/bubble/Develops/ROS2/pkg_dev_ws/install/moteus_msgs/local/lib/python3.10/dist-packages/moteus_msgs/msg/__init__.py
[6.038s] -- Symlinking: /home/bubble/Develops/ROS2/pkg_dev_ws/install/moteus_msgs/local/lib/python3.10/dist-packages/moteus_msgs/msg/_moteus_state.py
[6.048s] -- Symlinking: /home/bubble/Develops/ROS2/pkg_dev_ws/install/moteus_msgs/local/lib/python3.10/dist-packages/moteus_msgs/msg/_moteus_state_s.c
[6.057s] -- Symlinking: /home/bubble/Develops/ROS2/pkg_dev_ws/install/moteus_msgs/local/lib/python3.10/dist-packages/moteus_msgs/msg/_moteus_state_stamped.py
[6.066s] -- Symlinking: /home/bubble/Develops/ROS2/pkg_dev_ws/install/moteus_msgs/local/lib/python3.10/dist-packages/moteus_msgs/msg/_moteus_state_stamped_s.c
[6.076s] -- Up-to-date symlink: /home/bubble/Develops/ROS2/pkg_dev_ws/install/moteus_msgs/local/lib/python3.10/dist-packages/moteus_msgs/moteus_msgs_s__rosidl_typesupport_fastrtps_c.cpython-310-x86_64-linux-gnu.so
[6.077s] -- Up-to-date symlink: /home/bubble/Develops/ROS2/pkg_dev_ws/install/moteus_msgs/local/lib/python3.10/dist-packages/moteus_msgs/moteus_msgs_s__rosidl_typesupport_introspection_c.cpython-310-x86_64-linux-gnu.so
[6.077s] -- Up-to-date symlink: /home/bubble/Develops/ROS2/pkg_dev_ws/install/moteus_msgs/local/lib/python3.10/dist-packages/moteus_msgs/moteus_msgs_s__rosidl_typesupport_c.cpython-310-x86_64-linux-gnu.so
[6.078s] -- Symlinking: /home/bubble/Develops/ROS2/pkg_dev_ws/install/moteus_msgs/share/moteus_msgs/msg/MoteusStateStamped.idl
[6.088s] -- Symlinking: /home/bubble/Develops/ROS2/pkg_dev_ws/install/moteus_msgs/share/moteus_msgs/msg/MoteusState.idl
[6.099s] -- Symlinking: /home/bubble/Develops/ROS2/pkg_dev_ws/install/moteus_msgs/share/moteus_msgs/msg/MoteusStateStamped.msg
[6.109s] -- Symlinking: /home/bubble/Develops/ROS2/pkg_dev_ws/install/moteus_msgs/share/moteus_msgs/msg/MoteusState.msg
[6.120s] -- Symlinking: /home/bubble/Develops/ROS2/pkg_dev_ws/install/moteus_msgs/share/ament_index/resource_index/package_run_dependencies/moteus_msgs
[6.130s] -- Symlinking: /home/bubble/Develops/ROS2/pkg_dev_ws/install/moteus_msgs/share/ament_index/resource_index/parent_prefix_path/moteus_msgs
[6.143s] -- Symlinking: /home/bubble/Develops/ROS2/pkg_dev_ws/install/moteus_msgs/share/moteus_msgs/environment/ament_prefix_path.sh
[6.154s] -- Symlinking: /home/bubble/Develops/ROS2/pkg_dev_ws/install/moteus_msgs/share/moteus_msgs/environment/ament_prefix_path.dsv
[6.163s] -- Symlinking: /home/bubble/Develops/ROS2/pkg_dev_ws/install/moteus_msgs/share/moteus_msgs/environment/path.sh
[6.174s] -- Symlinking: /home/bubble/Develops/ROS2/pkg_dev_ws/install/moteus_msgs/share/moteus_msgs/environment/path.dsv
[6.184s] -- Symlinking: /home/bubble/Develops/ROS2/pkg_dev_ws/install/moteus_msgs/share/moteus_msgs/local_setup.bash
[6.194s] -- Symlinking: /home/bubble/Develops/ROS2/pkg_dev_ws/install/moteus_msgs/share/moteus_msgs/local_setup.sh
[6.203s] -- Symlinking: /home/bubble/Develops/ROS2/pkg_dev_ws/install/moteus_msgs/share/moteus_msgs/local_setup.zsh
[6.215s] -- Symlinking: /home/bubble/Develops/ROS2/pkg_dev_ws/install/moteus_msgs/share/moteus_msgs/local_setup.dsv
[6.225s] -- Symlinking: /home/bubble/Develops/ROS2/pkg_dev_ws/install/moteus_msgs/share/moteus_msgs/package.dsv
[6.235s] -- Symlinking: /home/bubble/Develops/ROS2/pkg_dev_ws/install/moteus_msgs/share/ament_index/resource_index/packages/moteus_msgs
[6.245s] -- Symlinking: /home/bubble/Develops/ROS2/pkg_dev_ws/install/moteus_msgs/share/moteus_msgs/cmake/rosidl_cmake-extras.cmake
[6.255s] -- Symlinking: /home/bubble/Develops/ROS2/pkg_dev_ws/install/moteus_msgs/share/moteus_msgs/cmake/ament_cmake_export_dependencies-extras.cmake
[6.266s] -- Symlinking: /home/bubble/Develops/ROS2/pkg_dev_ws/install/moteus_msgs/share/moteus_msgs/cmake/ament_cmake_export_include_directories-extras.cmake
[6.277s] -- Symlinking: /home/bubble/Develops/ROS2/pkg_dev_ws/install/moteus_msgs/share/moteus_msgs/cmake/ament_cmake_export_libraries-extras.cmake
[6.286s] -- Symlinking: /home/bubble/Develops/ROS2/pkg_dev_ws/install/moteus_msgs/share/moteus_msgs/cmake/ament_cmake_export_targets-extras.cmake
[6.295s] -- Symlinking: /home/bubble/Develops/ROS2/pkg_dev_ws/install/moteus_msgs/share/moteus_msgs/cmake/rosidl_cmake_export_typesupport_targets-extras.cmake
[6.304s] -- Symlinking: /home/bubble/Develops/ROS2/pkg_dev_ws/install/moteus_msgs/share/moteus_msgs/cmake/rosidl_cmake_export_typesupport_libraries-extras.cmake
[6.313s] -- Symlinking: /home/bubble/Develops/ROS2/pkg_dev_ws/install/moteus_msgs/share/moteus_msgs/cmake/moteus_msgsConfig.cmake
[6.322s] -- Symlinking: /home/bubble/Develops/ROS2/pkg_dev_ws/install/moteus_msgs/share/moteus_msgs/cmake/moteus_msgsConfig-version.cmake
[6.334s] -- Symlinking: /home/bubble/Develops/ROS2/pkg_dev_ws/install/moteus_msgs/share/moteus_msgs/package.xml
[6.347s] -- Installing: /home/bubble/Develops/ROS2/pkg_dev_ws/install/moteus_msgs/lib/libmoteus_msgs__rosidl_generator_c.so
[6.349s] -- Set runtime path of "/home/bubble/Develops/ROS2/pkg_dev_ws/install/moteus_msgs/lib/libmoteus_msgs__rosidl_generator_c.so" to ""
[6.349s] -- Installing: /home/bubble/Develops/ROS2/pkg_dev_ws/install/moteus_msgs/lib/libmoteus_msgs__rosidl_typesupport_fastrtps_c.so
[6.350s] -- Set runtime path of "/home/bubble/Develops/ROS2/pkg_dev_ws/install/moteus_msgs/lib/libmoteus_msgs__rosidl_typesupport_fastrtps_c.so" to ""
[6.351s] -- Installing: /home/bubble/Develops/ROS2/pkg_dev_ws/install/moteus_msgs/lib/libmoteus_msgs__rosidl_typesupport_fastrtps_cpp.so
[6.352s] -- Set runtime path of "/home/bubble/Develops/ROS2/pkg_dev_ws/install/moteus_msgs/lib/libmoteus_msgs__rosidl_typesupport_fastrtps_cpp.so" to ""
[6.353s] -- Installing: /home/bubble/Develops/ROS2/pkg_dev_ws/install/moteus_msgs/lib/libmoteus_msgs__rosidl_typesupport_introspection_c.so
[6.353s] -- Set runtime path of "/home/bubble/Develops/ROS2/pkg_dev_ws/install/moteus_msgs/lib/libmoteus_msgs__rosidl_typesupport_introspection_c.so" to ""
[6.354s] -- Installing: /home/bubble/Develops/ROS2/pkg_dev_ws/install/moteus_msgs/lib/libmoteus_msgs__rosidl_typesupport_c.so
[6.355s] -- Set runtime path of "/home/bubble/Develops/ROS2/pkg_dev_ws/install/moteus_msgs/lib/libmoteus_msgs__rosidl_typesupport_c.so" to ""
[6.355s] -- Installing: /home/bubble/Develops/ROS2/pkg_dev_ws/install/moteus_msgs/lib/libmoteus_msgs__rosidl_typesupport_introspection_cpp.so
[6.356s] -- Set runtime path of "/home/bubble/Develops/ROS2/pkg_dev_ws/install/moteus_msgs/lib/libmoteus_msgs__rosidl_typesupport_introspection_cpp.so" to ""
[6.356s] -- Installing: /home/bubble/Develops/ROS2/pkg_dev_ws/install/moteus_msgs/lib/libmoteus_msgs__rosidl_typesupport_cpp.so
[6.357s] -- Set runtime path of "/home/bubble/Develops/ROS2/pkg_dev_ws/install/moteus_msgs/lib/libmoteus_msgs__rosidl_typesupport_cpp.so" to ""
[6.415s] Listing '/home/bubble/Develops/ROS2/pkg_dev_ws/install/moteus_msgs/local/lib/python3.10/dist-packages/moteus_msgs'...
[6.416s] Compiling '/home/bubble/Develops/ROS2/pkg_dev_ws/install/moteus_msgs/local/lib/python3.10/dist-packages/moteus_msgs/__init__.py'...
[6.416s] Listing '/home/bubble/Develops/ROS2/pkg_dev_ws/install/moteus_msgs/local/lib/python3.10/dist-packages/moteus_msgs/msg'...
[6.416s] Compiling '/home/bubble/Develops/ROS2/pkg_dev_ws/install/moteus_msgs/local/lib/python3.10/dist-packages/moteus_msgs/msg/__init__.py'...
[6.417s] Compiling '/home/bubble/Develops/ROS2/pkg_dev_ws/install/moteus_msgs/local/lib/python3.10/dist-packages/moteus_msgs/msg/_moteus_state.py'...
[6.417s] Compiling '/home/bubble/Develops/ROS2/pkg_dev_ws/install/moteus_msgs/local/lib/python3.10/dist-packages/moteus_msgs/msg/_moteus_state_stamped.py'...
[6.422s] -- Installing: /home/bubble/Develops/ROS2/pkg_dev_ws/install/moteus_msgs/lib/libmoteus_msgs__rosidl_generator_py.so
[6.424s] -- Set runtime path of "/home/bubble/Develops/ROS2/pkg_dev_ws/install/moteus_msgs/lib/libmoteus_msgs__rosidl_generator_py.so" to ""
[6.424s] -- Installing: /home/bubble/Develops/ROS2/pkg_dev_ws/install/moteus_msgs/share/moteus_msgs/cmake/export_moteus_msgs__rosidl_generator_cExport.cmake
[6.425s] -- Installing: /home/bubble/Develops/ROS2/pkg_dev_ws/install/moteus_msgs/share/moteus_msgs/cmake/export_moteus_msgs__rosidl_generator_cExport-noconfig.cmake
[6.426s] -- Installing: /home/bubble/Develops/ROS2/pkg_dev_ws/install/moteus_msgs/share/moteus_msgs/cmake/export_moteus_msgs__rosidl_typesupport_fastrtps_cExport.cmake
[6.427s] -- Installing: /home/bubble/Develops/ROS2/pkg_dev_ws/install/moteus_msgs/share/moteus_msgs/cmake/export_moteus_msgs__rosidl_typesupport_fastrtps_cExport-noconfig.cmake
[6.428s] -- Installing: /home/bubble/Develops/ROS2/pkg_dev_ws/install/moteus_msgs/share/moteus_msgs/cmake/export_moteus_msgs__rosidl_generator_cppExport.cmake
[6.428s] -- Installing: /home/bubble/Develops/ROS2/pkg_dev_ws/install/moteus_msgs/share/moteus_msgs/cmake/export_moteus_msgs__rosidl_typesupport_fastrtps_cppExport.cmake
[6.429s] -- Installing: /home/bubble/Develops/ROS2/pkg_dev_ws/install/moteus_msgs/share/moteus_msgs/cmake/export_moteus_msgs__rosidl_typesupport_fastrtps_cppExport-noconfig.cmake
[6.430s] -- Installing: /home/bubble/Develops/ROS2/pkg_dev_ws/install/moteus_msgs/share/moteus_msgs/cmake/moteus_msgs__rosidl_typesupport_introspection_cExport.cmake
[6.431s] -- Installing: /home/bubble/Develops/ROS2/pkg_dev_ws/install/moteus_msgs/share/moteus_msgs/cmake/moteus_msgs__rosidl_typesupport_introspection_cExport-noconfig.cmake
[6.432s] -- Installing: /home/bubble/Develops/ROS2/pkg_dev_ws/install/moteus_msgs/share/moteus_msgs/cmake/moteus_msgs__rosidl_typesupport_cExport.cmake
[6.433s] -- Installing: /home/bubble/Develops/ROS2/pkg_dev_ws/install/moteus_msgs/share/moteus_msgs/cmake/moteus_msgs__rosidl_typesupport_cExport-noconfig.cmake
[6.435s] -- Installing: /home/bubble/Develops/ROS2/pkg_dev_ws/install/moteus_msgs/share/moteus_msgs/cmake/moteus_msgs__rosidl_typesupport_introspection_cppExport.cmake
[6.435s] -- Installing: /home/bubble/Develops/ROS2/pkg_dev_ws/install/moteus_msgs/share/moteus_msgs/cmake/moteus_msgs__rosidl_typesupport_introspection_cppExport-noconfig.cmake
[6.436s] -- Installing: /home/bubble/Develops/ROS2/pkg_dev_ws/install/moteus_msgs/share/moteus_msgs/cmake/moteus_msgs__rosidl_typesupport_cppExport.cmake
[6.437s] -- Installing: /home/bubble/Develops/ROS2/pkg_dev_ws/install/moteus_msgs/share/moteus_msgs/cmake/moteus_msgs__rosidl_typesupport_cppExport-noconfig.cmake
[6.438s] -- Installing: /home/bubble/Develops/ROS2/pkg_dev_ws/install/moteus_msgs/share/moteus_msgs/cmake/export_moteus_msgs__rosidl_generator_pyExport.cmake
[6.439s] -- Installing: /home/bubble/Develops/ROS2/pkg_dev_ws/install/moteus_msgs/share/moteus_msgs/cmake/export_moteus_msgs__rosidl_generator_pyExport-noconfig.cmake
[6.448s] Invoked command in '/home/bubble/Develops/ROS2/pkg_dev_ws/build/moteus_msgs' returned '0': CMAKE_PREFIX_PATH=/opt/ros/humble /usr/bin/cmake --install /home/bubble/Develops/ROS2/pkg_dev_ws/build/moteus_msgs
