[0.382s] DEBUG:colcon:Command line arguments: ['/usr/bin/colcon', 'build', '--symlink-install']
[0.382s] DEBUG:colcon:Parsed command line arguments: Namespace(log_base=None, log_level=None, verb_name='build', build_base='build', install_base='install', merge_install=False, symlink_install=True, test_result_base=None, continue_on_error=False, executor='parallel', parallel_workers=32, event_handlers=None, ignore_user_meta=False, metas=['./colcon.meta'], base_paths=['.'], packages_ignore=None, packages_ignore_regex=None, paths=None, packages_up_to=None, packages_up_to_regex=None, packages_above=None, packages_above_and_dependencies=None, packages_above_depth=None, packages_select_by_dep=None, packages_skip_by_dep=None, packages_skip_up_to=None, packages_select_build_failed=False, packages_skip_build_finished=False, packages_select_test_failures=False, packages_skip_test_passed=False, packages_select=None, packages_skip=None, packages_select_regex=None, packages_skip_regex=None, packages_start=None, packages_end=None, allow_overriding=[], cmake_args=None, cmake_target=None, cmake_target_skip_unavailable=False, cmake_clean_cache=False, cmake_clean_first=False, cmake_force_configure=False, ament_cmake_args=None, catkin_cmake_args=None, catkin_skip_building_tests=False, verb_parser=<colcon_defaults.argument_parser.defaults.DefaultArgumentsDecorator object at 0x7f8068a21c90>, verb_extension=<colcon_core.verb.build.BuildVerb object at 0x7f80693532b0>, main=<bound method BuildVerb.main of <colcon_core.verb.build.BuildVerb object at 0x7f80693532b0>>)
[0.409s] Level 1:colcon.colcon_core.package_discovery:discover_packages(colcon_meta) check parameters
[0.409s] Level 1:colcon.colcon_core.package_discovery:discover_packages(recursive) check parameters
[0.410s] Level 1:colcon.colcon_core.package_discovery:discover_packages(ignore) check parameters
[0.410s] Level 1:colcon.colcon_core.package_discovery:discover_packages(path) check parameters
[0.410s] Level 1:colcon.colcon_core.package_discovery:discover_packages(colcon_meta) discover
[0.410s] Level 1:colcon.colcon_core.package_discovery:discover_packages(recursive) discover
[0.410s] INFO:colcon.colcon_core.package_discovery:Crawling recursively for packages in '/home/bubble/Develops/ROS2/pkg_dev_ws'
[0.410s] Level 1:colcon.colcon_core.package_identification:_identify(.) by extensions ['ignore', 'ignore_ament_install']
[0.410s] Level 1:colcon.colcon_core.package_identification:_identify(.) by extension 'ignore'
[0.410s] Level 1:colcon.colcon_core.package_identification:_identify(.) by extension 'ignore_ament_install'
[0.410s] Level 1:colcon.colcon_core.package_identification:_identify(.) by extensions ['colcon_pkg']
[0.410s] Level 1:colcon.colcon_core.package_identification:_identify(.) by extension 'colcon_pkg'
[0.410s] Level 1:colcon.colcon_core.package_identification:_identify(.) by extensions ['colcon_meta']
[0.410s] Level 1:colcon.colcon_core.package_identification:_identify(.) by extension 'colcon_meta'
[0.411s] Level 1:colcon.colcon_core.package_identification:_identify(.) by extensions ['ros']
[0.411s] Level 1:colcon.colcon_core.package_identification:_identify(.) by extension 'ros'
[0.431s] Level 1:colcon.colcon_core.package_identification:_identify(.) by extensions ['cmake', 'python']
[0.431s] Level 1:colcon.colcon_core.package_identification:_identify(.) by extension 'cmake'
[0.431s] Level 1:colcon.colcon_core.package_identification:_identify(.) by extension 'python'
[0.431s] Level 1:colcon.colcon_core.package_identification:_identify(.) by extensions ['python_setup_py']
[0.431s] Level 1:colcon.colcon_core.package_identification:_identify(.) by extension 'python_setup_py'
[0.431s] Level 1:colcon.colcon_core.package_identification:_identify(build) by extensions ['ignore', 'ignore_ament_install']
[0.431s] Level 1:colcon.colcon_core.package_identification:_identify(build) by extension 'ignore'
[0.432s] Level 1:colcon.colcon_core.package_identification:_identify(build) ignored
[0.432s] Level 1:colcon.colcon_core.package_identification:_identify(install) by extensions ['ignore', 'ignore_ament_install']
[0.432s] Level 1:colcon.colcon_core.package_identification:_identify(install) by extension 'ignore'
[0.432s] Level 1:colcon.colcon_core.package_identification:_identify(install) ignored
[0.432s] Level 1:colcon.colcon_core.package_identification:_identify(log) by extensions ['ignore', 'ignore_ament_install']
[0.432s] Level 1:colcon.colcon_core.package_identification:_identify(log) by extension 'ignore'
[0.432s] Level 1:colcon.colcon_core.package_identification:_identify(log) ignored
[0.432s] Level 1:colcon.colcon_core.package_identification:_identify(src) by extensions ['ignore', 'ignore_ament_install']
[0.432s] Level 1:colcon.colcon_core.package_identification:_identify(src) by extension 'ignore'
[0.433s] Level 1:colcon.colcon_core.package_identification:_identify(src) by extension 'ignore_ament_install'
[0.433s] Level 1:colcon.colcon_core.package_identification:_identify(src) by extensions ['colcon_pkg']
[0.433s] Level 1:colcon.colcon_core.package_identification:_identify(src) by extension 'colcon_pkg'
[0.433s] Level 1:colcon.colcon_core.package_identification:_identify(src) by extensions ['colcon_meta']
[0.433s] Level 1:colcon.colcon_core.package_identification:_identify(src) by extension 'colcon_meta'
[0.433s] Level 1:colcon.colcon_core.package_identification:_identify(src) by extensions ['ros']
[0.433s] Level 1:colcon.colcon_core.package_identification:_identify(src) by extension 'ros'
[0.433s] Level 1:colcon.colcon_core.package_identification:_identify(src) by extensions ['cmake', 'python']
[0.433s] Level 1:colcon.colcon_core.package_identification:_identify(src) by extension 'cmake'
[0.433s] Level 1:colcon.colcon_core.package_identification:_identify(src) by extension 'python'
[0.433s] Level 1:colcon.colcon_core.package_identification:_identify(src) by extensions ['python_setup_py']
[0.433s] Level 1:colcon.colcon_core.package_identification:_identify(src) by extension 'python_setup_py'
[0.433s] Level 1:colcon.colcon_core.package_identification:_identify(src/moteus_motor) by extensions ['ignore', 'ignore_ament_install']
[0.434s] Level 1:colcon.colcon_core.package_identification:_identify(src/moteus_motor) by extension 'ignore'
[0.434s] Level 1:colcon.colcon_core.package_identification:_identify(src/moteus_motor) by extension 'ignore_ament_install'
[0.434s] Level 1:colcon.colcon_core.package_identification:_identify(src/moteus_motor) by extensions ['colcon_pkg']
[0.434s] Level 1:colcon.colcon_core.package_identification:_identify(src/moteus_motor) by extension 'colcon_pkg'
[0.434s] Level 1:colcon.colcon_core.package_identification:_identify(src/moteus_motor) by extensions ['colcon_meta']
[0.434s] Level 1:colcon.colcon_core.package_identification:_identify(src/moteus_motor) by extension 'colcon_meta'
[0.434s] Level 1:colcon.colcon_core.package_identification:_identify(src/moteus_motor) by extensions ['ros']
[0.434s] Level 1:colcon.colcon_core.package_identification:_identify(src/moteus_motor) by extension 'ros'
[0.437s] DEBUG:colcon.colcon_core.package_identification:Package 'src/moteus_motor' with type 'ros.ament_python' and name 'moteus_motor'
[0.437s] Level 1:colcon.colcon_core.package_identification:_identify(src/moteus_msgs) by extensions ['ignore', 'ignore_ament_install']
[0.437s] Level 1:colcon.colcon_core.package_identification:_identify(src/moteus_msgs) by extension 'ignore'
[0.437s] Level 1:colcon.colcon_core.package_identification:_identify(src/moteus_msgs) by extension 'ignore_ament_install'
[0.437s] Level 1:colcon.colcon_core.package_identification:_identify(src/moteus_msgs) by extensions ['colcon_pkg']
[0.437s] Level 1:colcon.colcon_core.package_identification:_identify(src/moteus_msgs) by extension 'colcon_pkg'
[0.438s] Level 1:colcon.colcon_core.package_identification:_identify(src/moteus_msgs) by extensions ['colcon_meta']
[0.438s] Level 1:colcon.colcon_core.package_identification:_identify(src/moteus_msgs) by extension 'colcon_meta'
[0.438s] Level 1:colcon.colcon_core.package_identification:_identify(src/moteus_msgs) by extensions ['ros']
[0.438s] Level 1:colcon.colcon_core.package_identification:_identify(src/moteus_msgs) by extension 'ros'
[0.438s] DEBUG:colcon.colcon_core.package_identification:Package 'src/moteus_msgs' with type 'ros.ament_cmake' and name 'moteus_msgs'
[0.438s] Level 1:colcon.colcon_core.package_discovery:discover_packages(recursive) using defaults
[0.438s] Level 1:colcon.colcon_core.package_discovery:discover_packages(ignore) discover
[0.438s] Level 1:colcon.colcon_core.package_discovery:discover_packages(ignore) using defaults
[0.439s] Level 1:colcon.colcon_core.package_discovery:discover_packages(path) discover
[0.439s] Level 1:colcon.colcon_core.package_discovery:discover_packages(path) using defaults
[0.466s] Level 1:colcon.colcon_core.package_discovery:discover_packages(prefix_path) check parameters
[0.466s] Level 1:colcon.colcon_core.package_discovery:discover_packages(prefix_path) discover
[0.469s] DEBUG:colcon.colcon_installed_package_information.package_discovery:Found 2 installed packages in /home/bubble/Develops/ROS2/pkg_dev_ws/install
[0.471s] DEBUG:colcon.colcon_installed_package_information.package_discovery:Found 270 installed packages in /opt/ros/humble
[0.473s] Level 1:colcon.colcon_core.package_discovery:discover_packages(prefix_path) using defaults
[0.550s] Level 5:colcon.colcon_core.verb:set package 'moteus_motor' build argument 'cmake_args' from command line to 'None'
[0.551s] Level 5:colcon.colcon_core.verb:set package 'moteus_motor' build argument 'cmake_target' from command line to 'None'
[0.551s] Level 5:colcon.colcon_core.verb:set package 'moteus_motor' build argument 'cmake_target_skip_unavailable' from command line to 'False'
[0.551s] Level 5:colcon.colcon_core.verb:set package 'moteus_motor' build argument 'cmake_clean_cache' from command line to 'False'
[0.551s] Level 5:colcon.colcon_core.verb:set package 'moteus_motor' build argument 'cmake_clean_first' from command line to 'False'
[0.551s] Level 5:colcon.colcon_core.verb:set package 'moteus_motor' build argument 'cmake_force_configure' from command line to 'False'
[0.551s] Level 5:colcon.colcon_core.verb:set package 'moteus_motor' build argument 'ament_cmake_args' from command line to 'None'
[0.551s] Level 5:colcon.colcon_core.verb:set package 'moteus_motor' build argument 'catkin_cmake_args' from command line to 'None'
[0.551s] Level 5:colcon.colcon_core.verb:set package 'moteus_motor' build argument 'catkin_skip_building_tests' from command line to 'False'
[0.551s] DEBUG:colcon.colcon_core.verb:Building package 'moteus_motor' with the following arguments: {'ament_cmake_args': None, 'build_base': '/home/bubble/Develops/ROS2/pkg_dev_ws/build/moteus_motor', 'catkin_cmake_args': None, 'catkin_skip_building_tests': False, 'cmake_args': None, 'cmake_clean_cache': False, 'cmake_clean_first': False, 'cmake_force_configure': False, 'cmake_target': None, 'cmake_target_skip_unavailable': False, 'install_base': '/home/bubble/Develops/ROS2/pkg_dev_ws/install/moteus_motor', 'merge_install': False, 'path': '/home/bubble/Develops/ROS2/pkg_dev_ws/src/moteus_motor', 'symlink_install': True, 'test_result_base': None}
[0.552s] Level 5:colcon.colcon_core.verb:set package 'moteus_msgs' build argument 'cmake_args' from command line to 'None'
[0.552s] Level 5:colcon.colcon_core.verb:set package 'moteus_msgs' build argument 'cmake_target' from command line to 'None'
[0.552s] Level 5:colcon.colcon_core.verb:set package 'moteus_msgs' build argument 'cmake_target_skip_unavailable' from command line to 'False'
[0.552s] Level 5:colcon.colcon_core.verb:set package 'moteus_msgs' build argument 'cmake_clean_cache' from command line to 'False'
[0.552s] Level 5:colcon.colcon_core.verb:set package 'moteus_msgs' build argument 'cmake_clean_first' from command line to 'False'
[0.552s] Level 5:colcon.colcon_core.verb:set package 'moteus_msgs' build argument 'cmake_force_configure' from command line to 'False'
[0.552s] Level 5:colcon.colcon_core.verb:set package 'moteus_msgs' build argument 'ament_cmake_args' from command line to 'None'
[0.552s] Level 5:colcon.colcon_core.verb:set package 'moteus_msgs' build argument 'catkin_cmake_args' from command line to 'None'
[0.552s] Level 5:colcon.colcon_core.verb:set package 'moteus_msgs' build argument 'catkin_skip_building_tests' from command line to 'False'
[0.553s] DEBUG:colcon.colcon_core.verb:Building package 'moteus_msgs' with the following arguments: {'ament_cmake_args': None, 'build_base': '/home/bubble/Develops/ROS2/pkg_dev_ws/build/moteus_msgs', 'catkin_cmake_args': None, 'catkin_skip_building_tests': False, 'cmake_args': None, 'cmake_clean_cache': False, 'cmake_clean_first': False, 'cmake_force_configure': False, 'cmake_target': None, 'cmake_target_skip_unavailable': False, 'install_base': '/home/bubble/Develops/ROS2/pkg_dev_ws/install/moteus_msgs', 'merge_install': False, 'path': '/home/bubble/Develops/ROS2/pkg_dev_ws/src/moteus_msgs', 'symlink_install': True, 'test_result_base': None}
[0.553s] INFO:colcon.colcon_core.executor:Executing jobs using 'parallel' executor
[0.558s] DEBUG:colcon.colcon_parallel_executor.executor.parallel:run_until_complete
[0.558s] INFO:colcon.colcon_ros.task.ament_python.build:Building ROS package in '/home/bubble/Develops/ROS2/pkg_dev_ws/src/moteus_motor' with build type 'ament_python'
[0.558s] Level 1:colcon.colcon_core.shell:create_environment_hook('moteus_motor', 'ament_prefix_path')
[0.563s] INFO:colcon.colcon_core.plugin_system:Skipping extension 'colcon_core.shell.bat': Not used on non-Windows systems
[0.564s] INFO:colcon.colcon_core.shell:Creating environment hook '/home/bubble/Develops/ROS2/pkg_dev_ws/install/moteus_motor/share/moteus_motor/hook/ament_prefix_path.ps1'
[0.564s] INFO:colcon.colcon_core.shell:Creating environment descriptor '/home/bubble/Develops/ROS2/pkg_dev_ws/install/moteus_motor/share/moteus_motor/hook/ament_prefix_path.dsv'
[0.565s] INFO:colcon.colcon_core.shell:Creating environment hook '/home/bubble/Develops/ROS2/pkg_dev_ws/install/moteus_motor/share/moteus_motor/hook/ament_prefix_path.sh'
[0.567s] INFO:colcon.colcon_core.shell:Skip shell extension 'powershell' for command environment: Not usable outside of PowerShell
[0.567s] DEBUG:colcon.colcon_core.shell:Skip shell extension 'dsv' for command environment
[0.572s] INFO:colcon.colcon_ros.task.ament_cmake.build:Building ROS package in '/home/bubble/Develops/ROS2/pkg_dev_ws/src/moteus_msgs' with build type 'ament_cmake'
[0.572s] INFO:colcon.colcon_cmake.task.cmake.build:Building CMake package in '/home/bubble/Develops/ROS2/pkg_dev_ws/src/moteus_msgs'
[0.574s] INFO:colcon.colcon_core.shell:Skip shell extension 'powershell' for command environment: Not usable outside of PowerShell
[0.574s] DEBUG:colcon.colcon_core.shell:Skip shell extension 'dsv' for command environment
[0.915s] INFO:colcon.colcon_core.task.python.build:Building Python package in '/home/bubble/Develops/ROS2/pkg_dev_ws/src/moteus_motor'
[0.916s] INFO:colcon.colcon_core.shell:Skip shell extension 'powershell' for command environment: Not usable outside of PowerShell
[0.916s] DEBUG:colcon.colcon_core.shell:Skip shell extension 'dsv' for command environment
[0.931s] DEBUG:colcon.colcon_core.event_handler.log_command:Invoking command in '/home/bubble/Develops/ROS2/pkg_dev_ws/build/moteus_msgs': CMAKE_PREFIX_PATH=${CMAKE_PREFIX_PATH}:/home/bubble/Develops/ROS2/pkg_dev_ws/install/moteus_motor:/opt/ros/humble /usr/bin/cmake --build /home/bubble/Develops/ROS2/pkg_dev_ws/build/moteus_msgs -- -j32 -l32
[1.310s] DEBUG:colcon.colcon_core.event_handler.log_command:Invoking command in '/home/bubble/Develops/ROS2/pkg_dev_ws/build/moteus_motor': PYTHONPATH=/home/bubble/Develops/ROS2/pkg_dev_ws/install/moteus_motor/lib/python3.10/site-packages:${PYTHONPATH} /usr/bin/python3 setup.py develop --prefix /home/bubble/Develops/ROS2/pkg_dev_ws/install/moteus_motor --editable --build-directory /home/bubble/Develops/ROS2/pkg_dev_ws/build/moteus_motor/build --no-deps install_data --install-dir /home/bubble/Develops/ROS2/pkg_dev_ws/install/moteus_motor
[1.926s] Level 1:colcon.colcon_core.shell:create_environment_hook('moteus_motor', 'pythonpath_develop')
[1.930s] INFO:colcon.colcon_core.shell:Creating environment hook '/home/bubble/Develops/ROS2/pkg_dev_ws/build/moteus_motor/share/moteus_motor/hook/pythonpath_develop.ps1'
[1.931s] DEBUG:colcon.colcon_core.event_handler.log_command:Invoked command in '/home/bubble/Develops/ROS2/pkg_dev_ws/build/moteus_motor' returned '0': PYTHONPATH=/home/bubble/Develops/ROS2/pkg_dev_ws/install/moteus_motor/lib/python3.10/site-packages:${PYTHONPATH} /usr/bin/python3 setup.py develop --prefix /home/bubble/Develops/ROS2/pkg_dev_ws/install/moteus_motor --editable --build-directory /home/bubble/Develops/ROS2/pkg_dev_ws/build/moteus_motor/build --no-deps install_data --install-dir /home/bubble/Develops/ROS2/pkg_dev_ws/install/moteus_motor
[1.932s] INFO:colcon.colcon_core.shell:Creating environment descriptor '/home/bubble/Develops/ROS2/pkg_dev_ws/build/moteus_motor/share/moteus_motor/hook/pythonpath_develop.dsv'
[1.933s] INFO:colcon.colcon_core.shell:Creating environment hook '/home/bubble/Develops/ROS2/pkg_dev_ws/build/moteus_motor/share/moteus_motor/hook/pythonpath_develop.sh'
[1.948s] Level 1:colcon.colcon_core.environment:checking '/home/bubble/Develops/ROS2/pkg_dev_ws/install/moteus_motor' for CMake module files
[1.949s] Level 1:colcon.colcon_core.environment:checking '/home/bubble/Develops/ROS2/pkg_dev_ws/install/moteus_motor' for CMake config files
[1.952s] Level 1:colcon.colcon_core.environment:checking '/home/bubble/Develops/ROS2/pkg_dev_ws/install/moteus_motor/lib'
[1.953s] Level 1:colcon.colcon_core.environment:checking '/home/bubble/Develops/ROS2/pkg_dev_ws/install/moteus_motor/bin'
[1.953s] Level 1:colcon.colcon_core.environment:checking '/home/bubble/Develops/ROS2/pkg_dev_ws/install/moteus_motor/lib/pkgconfig/moteus_motor.pc'
[1.954s] Level 1:colcon.colcon_core.environment:checking '/home/bubble/Develops/ROS2/pkg_dev_ws/install/moteus_motor/lib/python3.10/site-packages'
[1.954s] Level 1:colcon.colcon_core.shell:create_environment_hook('moteus_motor', 'pythonpath')
[1.957s] INFO:colcon.colcon_core.shell:Creating environment hook '/home/bubble/Develops/ROS2/pkg_dev_ws/install/moteus_motor/share/moteus_motor/hook/pythonpath.ps1'
[1.958s] INFO:colcon.colcon_core.shell:Creating environment descriptor '/home/bubble/Develops/ROS2/pkg_dev_ws/install/moteus_motor/share/moteus_motor/hook/pythonpath.dsv'
[1.959s] INFO:colcon.colcon_core.shell:Creating environment hook '/home/bubble/Develops/ROS2/pkg_dev_ws/install/moteus_motor/share/moteus_motor/hook/pythonpath.sh'
[1.961s] Level 1:colcon.colcon_core.environment:checking '/home/bubble/Develops/ROS2/pkg_dev_ws/install/moteus_motor/bin'
[1.961s] Level 1:colcon.colcon_core.environment:create_environment_scripts_only(moteus_motor)
[1.965s] INFO:colcon.colcon_core.shell:Creating package script '/home/bubble/Develops/ROS2/pkg_dev_ws/install/moteus_motor/share/moteus_motor/package.ps1'
[1.967s] INFO:colcon.colcon_core.shell:Creating package descriptor '/home/bubble/Develops/ROS2/pkg_dev_ws/install/moteus_motor/share/moteus_motor/package.dsv'
[1.969s] INFO:colcon.colcon_core.shell:Creating package script '/home/bubble/Develops/ROS2/pkg_dev_ws/install/moteus_motor/share/moteus_motor/package.sh'
[1.971s] INFO:colcon.colcon_core.shell:Creating package script '/home/bubble/Develops/ROS2/pkg_dev_ws/install/moteus_motor/share/moteus_motor/package.bash'
[1.973s] INFO:colcon.colcon_core.shell:Creating package script '/home/bubble/Develops/ROS2/pkg_dev_ws/install/moteus_motor/share/moteus_motor/package.zsh'
[1.974s] Level 1:colcon.colcon_core.environment:create_file_with_runtime_dependencies(/home/bubble/Develops/ROS2/pkg_dev_ws/install/moteus_motor/share/colcon-core/packages/moteus_motor)
[5.611s] DEBUG:colcon.colcon_core.event_handler.log_command:Invoked command in '/home/bubble/Develops/ROS2/pkg_dev_ws/build/moteus_msgs' returned '0': CMAKE_PREFIX_PATH=${CMAKE_PREFIX_PATH}:/home/bubble/Develops/ROS2/pkg_dev_ws/install/moteus_motor:/opt/ros/humble /usr/bin/cmake --build /home/bubble/Develops/ROS2/pkg_dev_ws/build/moteus_msgs -- -j32 -l32
[5.720s] DEBUG:colcon.colcon_core.event_handler.log_command:Invoking command in '/home/bubble/Develops/ROS2/pkg_dev_ws/build/moteus_msgs': CMAKE_PREFIX_PATH=${CMAKE_PREFIX_PATH}:/home/bubble/Develops/ROS2/pkg_dev_ws/install/moteus_motor:/opt/ros/humble /usr/bin/cmake --install /home/bubble/Develops/ROS2/pkg_dev_ws/build/moteus_msgs
[5.840s] Level 1:colcon.colcon_core.environment:create_environment_scripts_only(moteus_msgs)
[5.845s] Level 1:colcon.colcon_core.environment:checking '/home/bubble/Develops/ROS2/pkg_dev_ws/install/moteus_msgs' for CMake module files
[5.850s] DEBUG:colcon.colcon_core.event_handler.log_command:Invoked command in '/home/bubble/Develops/ROS2/pkg_dev_ws/build/moteus_msgs' returned '0': CMAKE_PREFIX_PATH=${CMAKE_PREFIX_PATH}:/home/bubble/Develops/ROS2/pkg_dev_ws/install/moteus_motor:/opt/ros/humble /usr/bin/cmake --install /home/bubble/Develops/ROS2/pkg_dev_ws/build/moteus_msgs
[5.851s] Level 1:colcon.colcon_core.environment:checking '/home/bubble/Develops/ROS2/pkg_dev_ws/install/moteus_msgs' for CMake config files
[5.854s] Level 1:colcon.colcon_core.shell:create_environment_hook('moteus_msgs', 'cmake_prefix_path')
[5.857s] INFO:colcon.colcon_core.shell:Creating environment hook '/home/bubble/Develops/ROS2/pkg_dev_ws/install/moteus_msgs/share/moteus_msgs/hook/cmake_prefix_path.ps1'
[5.858s] INFO:colcon.colcon_core.shell:Creating environment descriptor '/home/bubble/Develops/ROS2/pkg_dev_ws/install/moteus_msgs/share/moteus_msgs/hook/cmake_prefix_path.dsv'
[5.859s] INFO:colcon.colcon_core.shell:Creating environment hook '/home/bubble/Develops/ROS2/pkg_dev_ws/install/moteus_msgs/share/moteus_msgs/hook/cmake_prefix_path.sh'
[5.861s] Level 1:colcon.colcon_core.environment:checking '/home/bubble/Develops/ROS2/pkg_dev_ws/install/moteus_msgs/lib'
[5.861s] Level 1:colcon.colcon_core.shell:create_environment_hook('moteus_msgs', 'ld_library_path_lib')
[5.864s] INFO:colcon.colcon_core.shell:Creating environment hook '/home/bubble/Develops/ROS2/pkg_dev_ws/install/moteus_msgs/share/moteus_msgs/hook/ld_library_path_lib.ps1'
[5.865s] INFO:colcon.colcon_core.shell:Creating environment descriptor '/home/bubble/Develops/ROS2/pkg_dev_ws/install/moteus_msgs/share/moteus_msgs/hook/ld_library_path_lib.dsv'
[5.866s] INFO:colcon.colcon_core.shell:Creating environment hook '/home/bubble/Develops/ROS2/pkg_dev_ws/install/moteus_msgs/share/moteus_msgs/hook/ld_library_path_lib.sh'
[5.867s] Level 1:colcon.colcon_core.environment:checking '/home/bubble/Develops/ROS2/pkg_dev_ws/install/moteus_msgs/bin'
[5.867s] Level 1:colcon.colcon_core.environment:checking '/home/bubble/Develops/ROS2/pkg_dev_ws/install/moteus_msgs/lib/pkgconfig/moteus_msgs.pc'
[5.868s] Level 1:colcon.colcon_core.environment:checking '/home/bubble/Develops/ROS2/pkg_dev_ws/install/moteus_msgs/lib/python3.10/site-packages'
[5.869s] Level 1:colcon.colcon_core.environment:checking '/home/bubble/Develops/ROS2/pkg_dev_ws/install/moteus_msgs/bin'
[5.873s] INFO:colcon.colcon_core.shell:Creating package script '/home/bubble/Develops/ROS2/pkg_dev_ws/install/moteus_msgs/share/moteus_msgs/package.ps1'
[5.874s] INFO:colcon.colcon_core.shell:Creating package descriptor '/home/bubble/Develops/ROS2/pkg_dev_ws/install/moteus_msgs/share/moteus_msgs/package.dsv'
[5.876s] INFO:colcon.colcon_core.shell:Creating package script '/home/bubble/Develops/ROS2/pkg_dev_ws/install/moteus_msgs/share/moteus_msgs/package.sh'
[5.877s] INFO:colcon.colcon_core.shell:Creating package script '/home/bubble/Develops/ROS2/pkg_dev_ws/install/moteus_msgs/share/moteus_msgs/package.bash'
[5.878s] INFO:colcon.colcon_core.shell:Creating package script '/home/bubble/Develops/ROS2/pkg_dev_ws/install/moteus_msgs/share/moteus_msgs/package.zsh'
[5.879s] Level 1:colcon.colcon_core.environment:create_file_with_runtime_dependencies(/home/bubble/Develops/ROS2/pkg_dev_ws/install/moteus_msgs/share/colcon-core/packages/moteus_msgs)
[5.990s] Level 1:colcon.colcon_core.environment:create_environment_scripts_only(moteus_msgs)
[5.993s] Level 1:colcon.colcon_core.environment:checking '/home/bubble/Develops/ROS2/pkg_dev_ws/install/moteus_msgs' for CMake module files
[5.994s] Level 1:colcon.colcon_core.environment:checking '/home/bubble/Develops/ROS2/pkg_dev_ws/install/moteus_msgs' for CMake config files
[5.996s] Level 1:colcon.colcon_core.shell:create_environment_hook('moteus_msgs', 'cmake_prefix_path')
[5.997s] INFO:colcon.colcon_core.shell:Creating environment hook '/home/bubble/Develops/ROS2/pkg_dev_ws/install/moteus_msgs/share/moteus_msgs/hook/cmake_prefix_path.ps1'
[5.998s] INFO:colcon.colcon_core.shell:Creating environment descriptor '/home/bubble/Develops/ROS2/pkg_dev_ws/install/moteus_msgs/share/moteus_msgs/hook/cmake_prefix_path.dsv'
[5.998s] INFO:colcon.colcon_core.shell:Creating environment hook '/home/bubble/Develops/ROS2/pkg_dev_ws/install/moteus_msgs/share/moteus_msgs/hook/cmake_prefix_path.sh'
[5.999s] Level 1:colcon.colcon_core.environment:checking '/home/bubble/Develops/ROS2/pkg_dev_ws/install/moteus_msgs/lib'
[5.999s] Level 1:colcon.colcon_core.shell:create_environment_hook('moteus_msgs', 'ld_library_path_lib')
[6.001s] INFO:colcon.colcon_core.shell:Creating environment hook '/home/bubble/Develops/ROS2/pkg_dev_ws/install/moteus_msgs/share/moteus_msgs/hook/ld_library_path_lib.ps1'
[6.001s] INFO:colcon.colcon_core.shell:Creating environment descriptor '/home/bubble/Develops/ROS2/pkg_dev_ws/install/moteus_msgs/share/moteus_msgs/hook/ld_library_path_lib.dsv'
[6.002s] INFO:colcon.colcon_core.shell:Creating environment hook '/home/bubble/Develops/ROS2/pkg_dev_ws/install/moteus_msgs/share/moteus_msgs/hook/ld_library_path_lib.sh'
[6.002s] Level 1:colcon.colcon_core.environment:checking '/home/bubble/Develops/ROS2/pkg_dev_ws/install/moteus_msgs/bin'
[6.002s] Level 1:colcon.colcon_core.environment:checking '/home/bubble/Develops/ROS2/pkg_dev_ws/install/moteus_msgs/lib/pkgconfig/moteus_msgs.pc'
[6.003s] Level 1:colcon.colcon_core.environment:checking '/home/bubble/Develops/ROS2/pkg_dev_ws/install/moteus_msgs/lib/python3.10/site-packages'
[6.003s] Level 1:colcon.colcon_core.environment:checking '/home/bubble/Develops/ROS2/pkg_dev_ws/install/moteus_msgs/bin'
[6.005s] INFO:colcon.colcon_core.shell:Creating package script '/home/bubble/Develops/ROS2/pkg_dev_ws/install/moteus_msgs/share/moteus_msgs/package.ps1'
[6.005s] INFO:colcon.colcon_core.shell:Creating package descriptor '/home/bubble/Develops/ROS2/pkg_dev_ws/install/moteus_msgs/share/moteus_msgs/package.dsv'
[6.006s] INFO:colcon.colcon_core.shell:Creating package script '/home/bubble/Develops/ROS2/pkg_dev_ws/install/moteus_msgs/share/moteus_msgs/package.sh'
[6.007s] INFO:colcon.colcon_core.shell:Creating package script '/home/bubble/Develops/ROS2/pkg_dev_ws/install/moteus_msgs/share/moteus_msgs/package.bash'
[6.007s] INFO:colcon.colcon_core.shell:Creating package script '/home/bubble/Develops/ROS2/pkg_dev_ws/install/moteus_msgs/share/moteus_msgs/package.zsh'
[6.008s] Level 1:colcon.colcon_core.environment:create_file_with_runtime_dependencies(/home/bubble/Develops/ROS2/pkg_dev_ws/install/moteus_msgs/share/colcon-core/packages/moteus_msgs)
[6.008s] DEBUG:colcon.colcon_parallel_executor.executor.parallel:closing loop
[6.009s] DEBUG:colcon.colcon_parallel_executor.executor.parallel:loop closed
[6.009s] DEBUG:colcon.colcon_parallel_executor.executor.parallel:run_until_complete finished with '0'
[6.009s] DEBUG:colcon.colcon_core.event_reactor:joining thread
[6.027s] INFO:colcon.colcon_core.plugin_system:Skipping extension 'colcon_notification.desktop_notification.terminal_notifier': Not used on non-Darwin systems
[6.028s] INFO:colcon.colcon_core.plugin_system:Skipping extension 'colcon_notification.desktop_notification.win32': Not used on non-Windows systems
[6.028s] INFO:colcon.colcon_notification.desktop_notification:Sending desktop notification using 'notify2'
[6.057s] DEBUG:colcon.colcon_core.event_reactor:joined thread
[6.060s] INFO:colcon.colcon_core.shell:Creating prefix script '/home/bubble/Develops/ROS2/pkg_dev_ws/install/local_setup.ps1'
[6.062s] INFO:colcon.colcon_core.shell:Creating prefix util module '/home/bubble/Develops/ROS2/pkg_dev_ws/install/_local_setup_util_ps1.py'
[6.065s] INFO:colcon.colcon_core.shell:Creating prefix chain script '/home/bubble/Develops/ROS2/pkg_dev_ws/install/setup.ps1'
[6.068s] INFO:colcon.colcon_core.shell:Creating prefix script '/home/bubble/Develops/ROS2/pkg_dev_ws/install/local_setup.sh'
[6.069s] INFO:colcon.colcon_core.shell:Creating prefix util module '/home/bubble/Develops/ROS2/pkg_dev_ws/install/_local_setup_util_sh.py'
[6.070s] INFO:colcon.colcon_core.shell:Creating prefix chain script '/home/bubble/Develops/ROS2/pkg_dev_ws/install/setup.sh'
[6.073s] INFO:colcon.colcon_core.shell:Creating prefix script '/home/bubble/Develops/ROS2/pkg_dev_ws/install/local_setup.bash'
[6.074s] INFO:colcon.colcon_core.shell:Creating prefix chain script '/home/bubble/Develops/ROS2/pkg_dev_ws/install/setup.bash'
[6.076s] INFO:colcon.colcon_core.shell:Creating prefix script '/home/bubble/Develops/ROS2/pkg_dev_ws/install/local_setup.zsh'
[6.077s] INFO:colcon.colcon_core.shell:Creating prefix chain script '/home/bubble/Develops/ROS2/pkg_dev_ws/install/setup.zsh'
