running develop
/usr/lib/python3/dist-packages/setuptools/command/easy_install.py:158: EasyInstallDeprecationWarning: easy_install command is deprecated. Use build and pip and other standards-based tools.
  warnings.warn(
/usr/lib/python3/dist-packages/setuptools/command/install.py:34: SetuptoolsDeprecationWarning: setup.py install is deprecated. Use build and pip and other standards-based tools.
  warnings.warn(
/usr/lib/python3/dist-packages/pkg_resources/__init__.py:116: PkgResourcesDeprecationWarning: 0.1.43ubuntu1 is an invalid version and will not be supported in a future release
  warnings.warn(
/usr/lib/python3/dist-packages/pkg_resources/__init__.py:116: PkgResourcesDeprecationWarning: 1.1build1 is an invalid version and will not be supported in a future release
  warnings.warn(
running egg_info
creating moteus_motor.egg-info
writing moteus_motor.egg-info/PKG-INFO
writing dependency_links to moteus_motor.egg-info/dependency_links.txt
writing entry points to moteus_motor.egg-info/entry_points.txt
writing requirements to moteus_motor.egg-info/requires.txt
writing top-level names to moteus_motor.egg-info/top_level.txt
writing manifest file 'moteus_motor.egg-info/SOURCES.txt'
reading manifest file 'moteus_motor.egg-info/SOURCES.txt'
writing manifest file 'moteus_motor.egg-info/SOURCES.txt'
running build_ext
Creating /home/bubble/Develops/ROS2/pkg_dev_ws/install/moteus_motor/lib/python3.10/site-packages/moteus-motor.egg-link (link to .)
Installing moteus_motor script to /home/bubble/Develops/ROS2/pkg_dev_ws/install/moteus_motor/lib/moteus_motor

Installed /home/bubble/Develops/ROS2/pkg_dev_ws/build/moteus_motor
running install_data
creating /home/bubble/Develops/ROS2/pkg_dev_ws/install/moteus_motor/share/ament_index
creating /home/bubble/Develops/ROS2/pkg_dev_ws/install/moteus_motor/share/ament_index/resource_index
creating /home/bubble/Develops/ROS2/pkg_dev_ws/install/moteus_motor/share/ament_index/resource_index/packages
copying resource/moteus_motor -> /home/bubble/Develops/ROS2/pkg_dev_ws/install/moteus_motor/share/ament_index/resource_index/packages
copying package.xml -> /home/bubble/Develops/ROS2/pkg_dev_ws/install/moteus_motor/share/moteus_motor
creating /home/bubble/Develops/ROS2/pkg_dev_ws/install/moteus_motor/share/moteus_motor/launch
copying launch/moteus_node.launch.py -> /home/bubble/Develops/ROS2/pkg_dev_ws/install/moteus_motor/share/moteus_motor/launch
creating /home/bubble/Develops/ROS2/pkg_dev_ws/install/moteus_motor/share/moteus_motor/config
copying config/params.yaml -> /home/bubble/Develops/ROS2/pkg_dev_ws/install/moteus_motor/share/moteus_motor/config
