running develop
running egg_info
creating moteus_motor.egg-info
writing moteus_motor.egg-info/PKG-INFO
writing dependency_links to moteus_motor.egg-info/dependency_links.txt
writing entry points to moteus_motor.egg-info/entry_points.txt
writing requirements to moteus_motor.egg-info/requires.txt
writing top-level names to moteus_motor.egg-info/top_level.txt
writing manifest file 'moteus_motor.egg-info/SOURCES.txt'
reading manifest file 'moteus_motor.egg-info/SOURCES.txt'
writing manifest file 'moteus_motor.egg-info/SOURCES.txt'
running build_ext
Creating /home/bubble/Develops/ROS2/pkg_dev_ws/install/moteus_motor/lib/python3.10/site-packages/moteus-motor.egg-link (link to .)
Installing moteus_motor script to /home/bubble/Develops/ROS2/pkg_dev_ws/install/moteus_motor/lib/moteus_motor

Installed /home/bubble/Develops/ROS2/pkg_dev_ws/build/moteus_motor
running install_data
creating /home/bubble/Develops/ROS2/pkg_dev_ws/install/moteus_motor/share/ament_index
creating /home/bubble/Develops/ROS2/pkg_dev_ws/install/moteus_motor/share/ament_index/resource_index
creating /home/bubble/Develops/ROS2/pkg_dev_ws/install/moteus_motor/share/ament_index/resource_index/packages
copying resource/moteus_motor -> /home/bubble/Develops/ROS2/pkg_dev_ws/install/moteus_motor/share/ament_index/resource_index/packages
copying package.xml -> /home/bubble/Develops/ROS2/pkg_dev_ws/install/moteus_motor/share/moteus_motor
creating /home/bubble/Develops/ROS2/pkg_dev_ws/install/moteus_motor/share/moteus_motor/launch
copying launch/moteus_node.launch.py -> /home/bubble/Develops/ROS2/pkg_dev_ws/install/moteus_motor/share/moteus_motor/launch
creating /home/bubble/Develops/ROS2/pkg_dev_ws/install/moteus_motor/share/moteus_motor/config
copying config/params.yaml -> /home/bubble/Develops/ROS2/pkg_dev_ws/install/moteus_motor/share/moteus_motor/config
