[0.870s] Invoking command in '/home/bubble/Develops/ROS2/pkg_dev_ws/build/moteus_motor': PYTHONPATH=/home/bubble/Develops/ROS2/pkg_dev_ws/install/moteus_motor/lib/python3.10/site-packages:${PYTHONPATH} /usr/bin/python3 setup.py develop --prefix /home/bubble/Develops/ROS2/pkg_dev_ws/install/moteus_motor --editable --build-directory /home/bubble/Develops/ROS2/pkg_dev_ws/build/moteus_motor/build --no-deps install_data --install-dir /home/bubble/Develops/ROS2/pkg_dev_ws/install/moteus_motor
[1.186s] running develop
[1.186s] /usr/lib/python3/dist-packages/setuptools/command/easy_install.py:158: EasyInstallDeprecationWarning: easy_install command is deprecated. Use build and pip and other standards-based tools.
[1.186s]   warnings.warn(
[1.187s] /usr/lib/python3/dist-packages/setuptools/command/install.py:34: SetuptoolsDeprecationWarning: setup.py install is deprecated. Use build and pip and other standards-based tools.
[1.188s]   warnings.warn(
[1.259s] /usr/lib/python3/dist-packages/pkg_resources/__init__.py:116: PkgResourcesDeprecationWarning: 0.1.43ubuntu1 is an invalid version and will not be supported in a future release
[1.259s]   warnings.warn(
[1.260s] /usr/lib/python3/dist-packages/pkg_resources/__init__.py:116: PkgResourcesDeprecationWarning: 1.1build1 is an invalid version and will not be supported in a future release
[1.260s]   warnings.warn(
[1.387s] running egg_info
[1.387s] creating moteus_motor.egg-info
[1.388s] writing moteus_motor.egg-info/PKG-INFO
[1.388s] writing dependency_links to moteus_motor.egg-info/dependency_links.txt
[1.388s] writing entry points to moteus_motor.egg-info/entry_points.txt
[1.389s] writing requirements to moteus_motor.egg-info/requires.txt
[1.389s] writing top-level names to moteus_motor.egg-info/top_level.txt
[1.389s] writing manifest file 'moteus_motor.egg-info/SOURCES.txt'
[1.391s] reading manifest file 'moteus_motor.egg-info/SOURCES.txt'
[1.391s] writing manifest file 'moteus_motor.egg-info/SOURCES.txt'
[1.393s] running build_ext
[1.393s] Creating /home/bubble/Develops/ROS2/pkg_dev_ws/install/moteus_motor/lib/python3.10/site-packages/moteus-motor.egg-link (link to .)
[1.394s] Installing moteus_motor script to /home/bubble/Develops/ROS2/pkg_dev_ws/install/moteus_motor/lib/moteus_motor
[1.396s] 
[1.396s] Installed /home/bubble/Develops/ROS2/pkg_dev_ws/build/moteus_motor
[1.397s] running install_data
[1.397s] creating /home/bubble/Develops/ROS2/pkg_dev_ws/install/moteus_motor/share/ament_index
[1.397s] creating /home/bubble/Develops/ROS2/pkg_dev_ws/install/moteus_motor/share/ament_index/resource_index
[1.397s] creating /home/bubble/Develops/ROS2/pkg_dev_ws/install/moteus_motor/share/ament_index/resource_index/packages
[1.398s] copying resource/moteus_motor -> /home/bubble/Develops/ROS2/pkg_dev_ws/install/moteus_motor/share/ament_index/resource_index/packages
[1.398s] copying package.xml -> /home/bubble/Develops/ROS2/pkg_dev_ws/install/moteus_motor/share/moteus_motor
[1.398s] creating /home/bubble/Develops/ROS2/pkg_dev_ws/install/moteus_motor/share/moteus_motor/launch
[1.398s] copying launch/moteus_node.launch.py -> /home/bubble/Develops/ROS2/pkg_dev_ws/install/moteus_motor/share/moteus_motor/launch
[1.399s] creating /home/bubble/Develops/ROS2/pkg_dev_ws/install/moteus_motor/share/moteus_motor/config
[1.399s] copying config/params.yaml -> /home/bubble/Develops/ROS2/pkg_dev_ws/install/moteus_motor/share/moteus_motor/config
[1.426s] Invoked command in '/home/bubble/Develops/ROS2/pkg_dev_ws/build/moteus_motor' returned '0': PYTHONPATH=/home/bubble/Develops/ROS2/pkg_dev_ws/install/moteus_motor/lib/python3.10/site-packages:${PYTHONPATH} /usr/bin/python3 setup.py develop --prefix /home/bubble/Develops/ROS2/pkg_dev_ws/install/moteus_motor --editable --build-directory /home/bubble/Develops/ROS2/pkg_dev_ws/build/moteus_motor/build --no-deps install_data --install-dir /home/bubble/Develops/ROS2/pkg_dev_ws/install/moteus_motor
