-- Found ament_cmake: 1.3.2 (/opt/ros/humble/share/ament_cmake/cmake)
-- Override CMake install command with custom implementation using symlinks instead of copying resources
-- Found std_msgs: 4.2.2 (/opt/ros/humble/share/std_msgs/cmake)
-- Found rosidl_generator_c: 3.1.3 (/opt/ros/humble/share/rosidl_generator_c/cmake)
-- Found rosidl_adapter: 3.1.3 (/opt/ros/humble/share/rosidl_adapter/cmake)
-- Found rosidl_generator_cpp: 3.1.3 (/opt/ros/humble/share/rosidl_generator_cpp/cmake)
-- Using all available rosidl_typesupport_c: rosidl_typesupport_fastrtps_c;rosidl_typesupport_introspection_c
-- Using all available rosidl_typesupport_cpp: rosidl_typesupport_fastrtps_cpp;rosidl_typesupport_introspection_cpp
-- Found geometry_msgs: 4.2.2 (/opt/ros/humble/share/geometry_msgs/cmake)
-- Found rosidl_default_generators: 1.2.0 (/opt/ros/humble/share/rosidl_default_generators/cmake)
-- Found ament_cmake_ros: 0.10.0 (/opt/ros/humble/share/ament_cmake_ros/cmake)
-- Using all available rosidl_typesupport_c: rosidl_typesupport_fastrtps_c;rosidl_typesupport_introspection_c
-- Using all available rosidl_typesupport_cpp: rosidl_typesupport_fastrtps_cpp;rosidl_typesupport_introspection_cpp
-- Found python_cmake_module: 0.10.0 (/opt/ros/humble/share/python_cmake_module/cmake)
-- Using PYTHON_EXECUTABLE: /usr/bin/python3
-- Using PYTHON_INCLUDE_DIRS: /usr/include/python3.10
-- Using PYTHON_LIBRARIES: /usr/lib/x86_64-linux-gnu/libpython3.10.so
-- Configuring done
-- Generating done
-- Build files have been written to: /home/bubble/Develops/ROS2/pkg_dev_ws/build/moteus_msgs
[  2%] [34m[1mGenerating C code for ROS interfaces[0m
[  5%] [34m[1mGenerating C++ code for ROS interfaces[0m
[  5%] Built target ament_cmake_python_symlink_moteus_msgs
[  5%] Built target moteus_msgs__cpp
running egg_info
writing moteus_msgs.egg-info/PKG-INFO
writing dependency_links to moteus_msgs.egg-info/dependency_links.txt
writing top-level names to moteus_msgs.egg-info/top_level.txt
reading manifest file 'moteus_msgs.egg-info/SOURCES.txt'
writing manifest file 'moteus_msgs.egg-info/SOURCES.txt'
[  7%] [34m[1mGenerating C++ type support for eProsima Fast-RTPS[0m
[ 10%] [34m[1mGenerating C++ type support dispatch for ROS interfaces[0m
[ 12%] [34m[1mGenerating C++ introspection for ROS interfaces[0m
[35m[1mConsolidate compiler generated dependencies of target moteus_msgs__rosidl_generator_c[0m
[ 12%] Built target ament_cmake_python_build_moteus_msgs_egg
[ 15%] [32mBuilding C object CMakeFiles/moteus_msgs__rosidl_generator_c.dir/rosidl_generator_c/moteus_msgs/msg/detail/moteus_state_stamped__functions.c.o[0m
[ 17%] [32mBuilding C object CMakeFiles/moteus_msgs__rosidl_generator_c.dir/rosidl_generator_c/moteus_msgs/msg/detail/moteus_state__functions.c.o[0m
[ 20%] [32m[1mLinking C shared library libmoteus_msgs__rosidl_generator_c.so[0m
[ 20%] Built target moteus_msgs__rosidl_generator_c
[ 25%] [34m[1mGenerating C type support dispatch for ROS interfaces[0m
[ 25%] [34m[1mGenerating C type support for eProsima Fast-RTPS[0m
[ 28%] [34m[1mGenerating C introspection for ROS interfaces[0m
[35m[1mConsolidate compiler generated dependencies of target moteus_msgs__rosidl_typesupport_introspection_cpp[0m
[35m[1mConsolidate compiler generated dependencies of target moteus_msgs__rosidl_typesupport_cpp[0m
[ 30%] [32mBuilding CXX object CMakeFiles/moteus_msgs__rosidl_typesupport_introspection_cpp.dir/rosidl_typesupport_introspection_cpp/moteus_msgs/msg/detail/moteus_state_stamped__type_support.cpp.o[0m
[ 33%] [32mBuilding CXX object CMakeFiles/moteus_msgs__rosidl_typesupport_introspection_cpp.dir/rosidl_typesupport_introspection_cpp/moteus_msgs/msg/detail/moteus_state__type_support.cpp.o[0m
[ 35%] [32mBuilding CXX object CMakeFiles/moteus_msgs__rosidl_typesupport_cpp.dir/rosidl_typesupport_cpp/moteus_msgs/msg/moteus_state_stamped__type_support.cpp.o[0m
[ 38%] [32mBuilding CXX object CMakeFiles/moteus_msgs__rosidl_typesupport_cpp.dir/rosidl_typesupport_cpp/moteus_msgs/msg/moteus_state__type_support.cpp.o[0m
[35m[1mConsolidate compiler generated dependencies of target moteus_msgs__rosidl_typesupport_fastrtps_cpp[0m
[ 43%] [32mBuilding CXX object CMakeFiles/moteus_msgs__rosidl_typesupport_fastrtps_cpp.dir/rosidl_typesupport_fastrtps_cpp/moteus_msgs/msg/detail/dds_fastrtps/moteus_state__type_support.cpp.o[0m
[ 43%] [32mBuilding CXX object CMakeFiles/moteus_msgs__rosidl_typesupport_fastrtps_cpp.dir/rosidl_typesupport_fastrtps_cpp/moteus_msgs/msg/detail/dds_fastrtps/moteus_state_stamped__type_support.cpp.o[0m
[35m[1mConsolidate compiler generated dependencies of target moteus_msgs__rosidl_typesupport_c[0m
[ 46%] [32mBuilding CXX object CMakeFiles/moteus_msgs__rosidl_typesupport_c.dir/rosidl_typesupport_c/moteus_msgs/msg/moteus_state__type_support.cpp.o[0m
[ 48%] [32mBuilding CXX object CMakeFiles/moteus_msgs__rosidl_typesupport_c.dir/rosidl_typesupport_c/moteus_msgs/msg/moteus_state_stamped__type_support.cpp.o[0m
[35m[1mConsolidate compiler generated dependencies of target moteus_msgs__rosidl_typesupport_introspection_c[0m
[35m[1mConsolidate compiler generated dependencies of target moteus_msgs__rosidl_typesupport_fastrtps_c[0m
[ 56%] [32mBuilding C object CMakeFiles/moteus_msgs__rosidl_typesupport_introspection_c.dir/rosidl_typesupport_introspection_c/moteus_msgs/msg/detail/moteus_state__type_support.c.o[0m
[ 56%] [32m[1mLinking CXX shared library libmoteus_msgs__rosidl_typesupport_c.so[0m
[ 56%] [32mBuilding C object CMakeFiles/moteus_msgs__rosidl_typesupport_introspection_c.dir/rosidl_typesupport_introspection_c/moteus_msgs/msg/detail/moteus_state_stamped__type_support.c.o[0m
[ 58%] [32mBuilding CXX object CMakeFiles/moteus_msgs__rosidl_typesupport_fastrtps_c.dir/rosidl_typesupport_fastrtps_c/moteus_msgs/msg/detail/moteus_state__type_support_c.cpp.o[0m
[ 61%] [32mBuilding CXX object CMakeFiles/moteus_msgs__rosidl_typesupport_fastrtps_c.dir/rosidl_typesupport_fastrtps_c/moteus_msgs/msg/detail/moteus_state_stamped__type_support_c.cpp.o[0m
[ 64%] [32m[1mLinking C shared library libmoteus_msgs__rosidl_typesupport_introspection_c.so[0m
[ 64%] Built target moteus_msgs__rosidl_typesupport_c
[ 64%] Built target moteus_msgs__rosidl_typesupport_introspection_c
[ 66%] [32m[1mLinking CXX shared library libmoteus_msgs__rosidl_typesupport_cpp.so[0m
[ 66%] Built target moteus_msgs__rosidl_typesupport_cpp
[ 69%] [32m[1mLinking CXX shared library libmoteus_msgs__rosidl_typesupport_introspection_cpp.so[0m
[ 69%] Built target moteus_msgs__rosidl_typesupport_introspection_cpp
[ 71%] [32m[1mLinking CXX shared library libmoteus_msgs__rosidl_typesupport_fastrtps_cpp.so[0m
[ 74%] [32m[1mLinking CXX shared library libmoteus_msgs__rosidl_typesupport_fastrtps_c.so[0m
[ 74%] Built target moteus_msgs__rosidl_typesupport_fastrtps_cpp
[ 74%] Built target moteus_msgs__rosidl_typesupport_fastrtps_c
[ 74%] Built target moteus_msgs
[ 76%] [34m[1mGenerating Python code for ROS interfaces[0m
[ 76%] Built target moteus_msgs__py
[35m[1mConsolidate compiler generated dependencies of target moteus_msgs__rosidl_generator_py[0m
[ 79%] [32mBuilding C object CMakeFiles/moteus_msgs__rosidl_generator_py.dir/rosidl_generator_py/moteus_msgs/msg/_moteus_state_stamped_s.c.o[0m
[ 82%] [32mBuilding C object CMakeFiles/moteus_msgs__rosidl_generator_py.dir/rosidl_generator_py/moteus_msgs/msg/_moteus_state_s.c.o[0m
[ 84%] [32m[1mLinking C shared library rosidl_generator_py/moteus_msgs/libmoteus_msgs__rosidl_generator_py.so[0m
[ 84%] Built target moteus_msgs__rosidl_generator_py
[35m[1mConsolidate compiler generated dependencies of target moteus_msgs__rosidl_typesupport_fastrtps_c__pyext[0m
[35m[1mConsolidate compiler generated dependencies of target moteus_msgs__rosidl_typesupport_c__pyext[0m
[35m[1mConsolidate compiler generated dependencies of target moteus_msgs__rosidl_typesupport_introspection_c__pyext[0m
[ 92%] [32mBuilding C object CMakeFiles/moteus_msgs__rosidl_typesupport_introspection_c__pyext.dir/rosidl_generator_py/moteus_msgs/_moteus_msgs_s.ep.rosidl_typesupport_introspection_c.c.o[0m
[ 92%] [32mBuilding C object CMakeFiles/moteus_msgs__rosidl_typesupport_c__pyext.dir/rosidl_generator_py/moteus_msgs/_moteus_msgs_s.ep.rosidl_typesupport_c.c.o[0m
[ 92%] [32mBuilding C object CMakeFiles/moteus_msgs__rosidl_typesupport_fastrtps_c__pyext.dir/rosidl_generator_py/moteus_msgs/_moteus_msgs_s.ep.rosidl_typesupport_fastrtps_c.c.o[0m
[ 94%] [32m[1mLinking C shared library rosidl_generator_py/moteus_msgs/moteus_msgs_s__rosidl_typesupport_introspection_c.cpython-310-x86_64-linux-gnu.so[0m
[ 97%] [32m[1mLinking C shared library rosidl_generator_py/moteus_msgs/moteus_msgs_s__rosidl_typesupport_fastrtps_c.cpython-310-x86_64-linux-gnu.so[0m
[100%] [32m[1mLinking C shared library rosidl_generator_py/moteus_msgs/moteus_msgs_s__rosidl_typesupport_c.cpython-310-x86_64-linux-gnu.so[0m
[100%] Built target moteus_msgs__rosidl_typesupport_introspection_c__pyext
[100%] Built target moteus_msgs__rosidl_typesupport_c__pyext
[100%] Built target moteus_msgs__rosidl_typesupport_fastrtps_c__pyext
-- Install configuration: ""
-- Execute custom install script
-- Up-to-date symlink: /home/bubble/Develops/ROS2/pkg_dev_ws/install/moteus_msgs/share/ament_index/resource_index/rosidl_interfaces/moteus_msgs
-- Up-to-date symlink: /home/bubble/Develops/ROS2/pkg_dev_ws/install/moteus_msgs/include/moteus_msgs/moteus_msgs/msg/detail/moteus_state__functions.h
-- Up-to-date symlink: /home/bubble/Develops/ROS2/pkg_dev_ws/install/moteus_msgs/include/moteus_msgs/moteus_msgs/msg/detail/moteus_state__struct.h
-- Up-to-date symlink: /home/bubble/Develops/ROS2/pkg_dev_ws/install/moteus_msgs/include/moteus_msgs/moteus_msgs/msg/detail/moteus_state__type_support.h
-- Up-to-date symlink: /home/bubble/Develops/ROS2/pkg_dev_ws/install/moteus_msgs/include/moteus_msgs/moteus_msgs/msg/detail/moteus_state_multi__functions.h
-- Up-to-date symlink: /home/bubble/Develops/ROS2/pkg_dev_ws/install/moteus_msgs/include/moteus_msgs/moteus_msgs/msg/detail/moteus_state_multi__struct.h
-- Up-to-date symlink: /home/bubble/Develops/ROS2/pkg_dev_ws/install/moteus_msgs/include/moteus_msgs/moteus_msgs/msg/detail/moteus_state_multi__type_support.h
-- Up-to-date symlink: /home/bubble/Develops/ROS2/pkg_dev_ws/install/moteus_msgs/include/moteus_msgs/moteus_msgs/msg/detail/moteus_state_stamped__functions.h
-- Up-to-date symlink: /home/bubble/Develops/ROS2/pkg_dev_ws/install/moteus_msgs/include/moteus_msgs/moteus_msgs/msg/detail/moteus_state_stamped__struct.h
-- Up-to-date symlink: /home/bubble/Develops/ROS2/pkg_dev_ws/install/moteus_msgs/include/moteus_msgs/moteus_msgs/msg/detail/moteus_state_stamped__type_support.h
-- Up-to-date symlink: /home/bubble/Develops/ROS2/pkg_dev_ws/install/moteus_msgs/include/moteus_msgs/moteus_msgs/msg/moteus_state.h
-- Up-to-date symlink: /home/bubble/Develops/ROS2/pkg_dev_ws/install/moteus_msgs/include/moteus_msgs/moteus_msgs/msg/moteus_state_multi.h
-- Up-to-date symlink: /home/bubble/Develops/ROS2/pkg_dev_ws/install/moteus_msgs/include/moteus_msgs/moteus_msgs/msg/moteus_state_stamped.h
-- Up-to-date symlink: /home/bubble/Develops/ROS2/pkg_dev_ws/install/moteus_msgs/include/moteus_msgs/moteus_msgs/msg/rosidl_generator_c__visibility_control.h
-- Up-to-date symlink: /home/bubble/Develops/ROS2/pkg_dev_ws/install/moteus_msgs/share/moteus_msgs/environment/library_path.sh
-- Up-to-date symlink: /home/bubble/Develops/ROS2/pkg_dev_ws/install/moteus_msgs/share/moteus_msgs/environment/library_path.dsv
-- Up-to-date symlink: /home/bubble/Develops/ROS2/pkg_dev_ws/install/moteus_msgs/include/moteus_msgs/moteus_msgs/msg/detail/moteus_state__rosidl_typesupport_fastrtps_c.h
-- Up-to-date symlink: /home/bubble/Develops/ROS2/pkg_dev_ws/install/moteus_msgs/include/moteus_msgs/moteus_msgs/msg/detail/moteus_state_multi__rosidl_typesupport_fastrtps_c.h
-- Up-to-date symlink: /home/bubble/Develops/ROS2/pkg_dev_ws/install/moteus_msgs/include/moteus_msgs/moteus_msgs/msg/detail/moteus_state_stamped__rosidl_typesupport_fastrtps_c.h
-- Up-to-date symlink: /home/bubble/Develops/ROS2/pkg_dev_ws/install/moteus_msgs/include/moteus_msgs/moteus_msgs/msg/rosidl_typesupport_fastrtps_c__visibility_control.h
-- Up-to-date symlink: /home/bubble/Develops/ROS2/pkg_dev_ws/install/moteus_msgs/include/moteus_msgs/moteus_msgs/msg/detail/moteus_state__builder.hpp
-- Up-to-date symlink: /home/bubble/Develops/ROS2/pkg_dev_ws/install/moteus_msgs/include/moteus_msgs/moteus_msgs/msg/detail/moteus_state__struct.hpp
-- Up-to-date symlink: /home/bubble/Develops/ROS2/pkg_dev_ws/install/moteus_msgs/include/moteus_msgs/moteus_msgs/msg/detail/moteus_state__traits.hpp
-- Up-to-date symlink: /home/bubble/Develops/ROS2/pkg_dev_ws/install/moteus_msgs/include/moteus_msgs/moteus_msgs/msg/detail/moteus_state_multi__builder.hpp
-- Up-to-date symlink: /home/bubble/Develops/ROS2/pkg_dev_ws/install/moteus_msgs/include/moteus_msgs/moteus_msgs/msg/detail/moteus_state_multi__struct.hpp
-- Up-to-date symlink: /home/bubble/Develops/ROS2/pkg_dev_ws/install/moteus_msgs/include/moteus_msgs/moteus_msgs/msg/detail/moteus_state_multi__traits.hpp
-- Up-to-date symlink: /home/bubble/Develops/ROS2/pkg_dev_ws/install/moteus_msgs/include/moteus_msgs/moteus_msgs/msg/detail/moteus_state_stamped__builder.hpp
-- Up-to-date symlink: /home/bubble/Develops/ROS2/pkg_dev_ws/install/moteus_msgs/include/moteus_msgs/moteus_msgs/msg/detail/moteus_state_stamped__struct.hpp
-- Up-to-date symlink: /home/bubble/Develops/ROS2/pkg_dev_ws/install/moteus_msgs/include/moteus_msgs/moteus_msgs/msg/detail/moteus_state_stamped__traits.hpp
-- Up-to-date symlink: /home/bubble/Develops/ROS2/pkg_dev_ws/install/moteus_msgs/include/moteus_msgs/moteus_msgs/msg/moteus_state.hpp
-- Up-to-date symlink: /home/bubble/Develops/ROS2/pkg_dev_ws/install/moteus_msgs/include/moteus_msgs/moteus_msgs/msg/moteus_state_multi.hpp
-- Up-to-date symlink: /home/bubble/Develops/ROS2/pkg_dev_ws/install/moteus_msgs/include/moteus_msgs/moteus_msgs/msg/moteus_state_stamped.hpp
-- Up-to-date symlink: /home/bubble/Develops/ROS2/pkg_dev_ws/install/moteus_msgs/include/moteus_msgs/moteus_msgs/msg/detail/moteus_state__rosidl_typesupport_fastrtps_cpp.hpp
-- Up-to-date symlink: /home/bubble/Develops/ROS2/pkg_dev_ws/install/moteus_msgs/include/moteus_msgs/moteus_msgs/msg/detail/moteus_state_multi__rosidl_typesupport_fastrtps_cpp.hpp
-- Up-to-date symlink: /home/bubble/Develops/ROS2/pkg_dev_ws/install/moteus_msgs/include/moteus_msgs/moteus_msgs/msg/detail/moteus_state_stamped__rosidl_typesupport_fastrtps_cpp.hpp
-- Up-to-date symlink: /home/bubble/Develops/ROS2/pkg_dev_ws/install/moteus_msgs/include/moteus_msgs/moteus_msgs/msg/rosidl_typesupport_fastrtps_cpp__visibility_control.h
-- Up-to-date symlink: /home/bubble/Develops/ROS2/pkg_dev_ws/install/moteus_msgs/include/moteus_msgs/moteus_msgs/msg/detail/moteus_state__rosidl_typesupport_introspection_c.h
-- Up-to-date symlink: /home/bubble/Develops/ROS2/pkg_dev_ws/install/moteus_msgs/include/moteus_msgs/moteus_msgs/msg/detail/moteus_state_multi__rosidl_typesupport_introspection_c.h
-- Up-to-date symlink: /home/bubble/Develops/ROS2/pkg_dev_ws/install/moteus_msgs/include/moteus_msgs/moteus_msgs/msg/detail/moteus_state_stamped__rosidl_typesupport_introspection_c.h
-- Up-to-date symlink: /home/bubble/Develops/ROS2/pkg_dev_ws/install/moteus_msgs/include/moteus_msgs/moteus_msgs/msg/rosidl_typesupport_introspection_c__visibility_control.h
-- Up-to-date symlink: /home/bubble/Develops/ROS2/pkg_dev_ws/install/moteus_msgs/include/moteus_msgs/moteus_msgs/msg/detail/moteus_state__rosidl_typesupport_introspection_cpp.hpp
-- Up-to-date symlink: /home/bubble/Develops/ROS2/pkg_dev_ws/install/moteus_msgs/include/moteus_msgs/moteus_msgs/msg/detail/moteus_state_multi__rosidl_typesupport_introspection_cpp.hpp
-- Up-to-date symlink: /home/bubble/Develops/ROS2/pkg_dev_ws/install/moteus_msgs/include/moteus_msgs/moteus_msgs/msg/detail/moteus_state_stamped__rosidl_typesupport_introspection_cpp.hpp
-- Up-to-date symlink: /home/bubble/Develops/ROS2/pkg_dev_ws/install/moteus_msgs/share/moteus_msgs/environment/pythonpath.sh
-- Up-to-date symlink: /home/bubble/Develops/ROS2/pkg_dev_ws/install/moteus_msgs/share/moteus_msgs/environment/pythonpath.dsv
-- Up-to-date symlink: /home/bubble/Develops/ROS2/pkg_dev_ws/install/moteus_msgs/local/lib/python3.10/dist-packages/moteus_msgs-0.0.1-py3.10.egg-info/PKG-INFO
-- Up-to-date symlink: /home/bubble/Develops/ROS2/pkg_dev_ws/install/moteus_msgs/local/lib/python3.10/dist-packages/moteus_msgs-0.0.1-py3.10.egg-info/SOURCES.txt
-- Up-to-date symlink: /home/bubble/Develops/ROS2/pkg_dev_ws/install/moteus_msgs/local/lib/python3.10/dist-packages/moteus_msgs-0.0.1-py3.10.egg-info/dependency_links.txt
-- Up-to-date symlink: /home/bubble/Develops/ROS2/pkg_dev_ws/install/moteus_msgs/local/lib/python3.10/dist-packages/moteus_msgs-0.0.1-py3.10.egg-info/top_level.txt
-- Up-to-date symlink: /home/bubble/Develops/ROS2/pkg_dev_ws/install/moteus_msgs/local/lib/python3.10/dist-packages/moteus_msgs/__init__.py
-- Up-to-date symlink: /home/bubble/Develops/ROS2/pkg_dev_ws/install/moteus_msgs/local/lib/python3.10/dist-packages/moteus_msgs/_moteus_msgs_s.ep.rosidl_typesupport_c.c
-- Up-to-date symlink: /home/bubble/Develops/ROS2/pkg_dev_ws/install/moteus_msgs/local/lib/python3.10/dist-packages/moteus_msgs/_moteus_msgs_s.ep.rosidl_typesupport_fastrtps_c.c
-- Up-to-date symlink: /home/bubble/Develops/ROS2/pkg_dev_ws/install/moteus_msgs/local/lib/python3.10/dist-packages/moteus_msgs/_moteus_msgs_s.ep.rosidl_typesupport_introspection_c.c
-- Up-to-date symlink: /home/bubble/Develops/ROS2/pkg_dev_ws/install/moteus_msgs/local/lib/python3.10/dist-packages/moteus_msgs/libmoteus_msgs__rosidl_generator_py.so
-- Up-to-date symlink: /home/bubble/Develops/ROS2/pkg_dev_ws/install/moteus_msgs/local/lib/python3.10/dist-packages/moteus_msgs/moteus_msgs_s__rosidl_typesupport_c.cpython-310-x86_64-linux-gnu.so
-- Up-to-date symlink: /home/bubble/Develops/ROS2/pkg_dev_ws/install/moteus_msgs/local/lib/python3.10/dist-packages/moteus_msgs/moteus_msgs_s__rosidl_typesupport_fastrtps_c.cpython-310-x86_64-linux-gnu.so
-- Up-to-date symlink: /home/bubble/Develops/ROS2/pkg_dev_ws/install/moteus_msgs/local/lib/python3.10/dist-packages/moteus_msgs/moteus_msgs_s__rosidl_typesupport_introspection_c.cpython-310-x86_64-linux-gnu.so
-- Up-to-date symlink: /home/bubble/Develops/ROS2/pkg_dev_ws/install/moteus_msgs/local/lib/python3.10/dist-packages/moteus_msgs/msg/__init__.py
-- Up-to-date symlink: /home/bubble/Develops/ROS2/pkg_dev_ws/install/moteus_msgs/local/lib/python3.10/dist-packages/moteus_msgs/msg/_moteus_state.py
-- Up-to-date symlink: /home/bubble/Develops/ROS2/pkg_dev_ws/install/moteus_msgs/local/lib/python3.10/dist-packages/moteus_msgs/msg/_moteus_state_multi.py
-- Up-to-date symlink: /home/bubble/Develops/ROS2/pkg_dev_ws/install/moteus_msgs/local/lib/python3.10/dist-packages/moteus_msgs/msg/_moteus_state_multi_s.c
-- Up-to-date symlink: /home/bubble/Develops/ROS2/pkg_dev_ws/install/moteus_msgs/local/lib/python3.10/dist-packages/moteus_msgs/msg/_moteus_state_s.c
-- Up-to-date symlink: /home/bubble/Develops/ROS2/pkg_dev_ws/install/moteus_msgs/local/lib/python3.10/dist-packages/moteus_msgs/msg/_moteus_state_stamped.py
-- Up-to-date symlink: /home/bubble/Develops/ROS2/pkg_dev_ws/install/moteus_msgs/local/lib/python3.10/dist-packages/moteus_msgs/msg/_moteus_state_stamped_s.c
-- Up-to-date symlink: /home/bubble/Develops/ROS2/pkg_dev_ws/install/moteus_msgs/local/lib/python3.10/dist-packages/moteus_msgs/moteus_msgs_s__rosidl_typesupport_fastrtps_c.cpython-310-x86_64-linux-gnu.so
-- Up-to-date symlink: /home/bubble/Develops/ROS2/pkg_dev_ws/install/moteus_msgs/local/lib/python3.10/dist-packages/moteus_msgs/moteus_msgs_s__rosidl_typesupport_introspection_c.cpython-310-x86_64-linux-gnu.so
-- Up-to-date symlink: /home/bubble/Develops/ROS2/pkg_dev_ws/install/moteus_msgs/local/lib/python3.10/dist-packages/moteus_msgs/moteus_msgs_s__rosidl_typesupport_c.cpython-310-x86_64-linux-gnu.so
-- Up-to-date symlink: /home/bubble/Develops/ROS2/pkg_dev_ws/install/moteus_msgs/share/moteus_msgs/msg/MoteusStateStamped.idl
-- Up-to-date symlink: /home/bubble/Develops/ROS2/pkg_dev_ws/install/moteus_msgs/share/moteus_msgs/msg/MoteusState.idl
-- Up-to-date symlink: /home/bubble/Develops/ROS2/pkg_dev_ws/install/moteus_msgs/share/moteus_msgs/msg/MoteusStateStamped.msg
-- Up-to-date symlink: /home/bubble/Develops/ROS2/pkg_dev_ws/install/moteus_msgs/share/moteus_msgs/msg/MoteusState.msg
-- Up-to-date symlink: /home/bubble/Develops/ROS2/pkg_dev_ws/install/moteus_msgs/share/ament_index/resource_index/package_run_dependencies/moteus_msgs
-- Up-to-date symlink: /home/bubble/Develops/ROS2/pkg_dev_ws/install/moteus_msgs/share/ament_index/resource_index/parent_prefix_path/moteus_msgs
-- Up-to-date symlink: /home/bubble/Develops/ROS2/pkg_dev_ws/install/moteus_msgs/share/moteus_msgs/environment/ament_prefix_path.sh
-- Up-to-date symlink: /home/bubble/Develops/ROS2/pkg_dev_ws/install/moteus_msgs/share/moteus_msgs/environment/ament_prefix_path.dsv
-- Up-to-date symlink: /home/bubble/Develops/ROS2/pkg_dev_ws/install/moteus_msgs/share/moteus_msgs/environment/path.sh
-- Up-to-date symlink: /home/bubble/Develops/ROS2/pkg_dev_ws/install/moteus_msgs/share/moteus_msgs/environment/path.dsv
-- Up-to-date symlink: /home/bubble/Develops/ROS2/pkg_dev_ws/install/moteus_msgs/share/moteus_msgs/local_setup.bash
-- Up-to-date symlink: /home/bubble/Develops/ROS2/pkg_dev_ws/install/moteus_msgs/share/moteus_msgs/local_setup.sh
-- Up-to-date symlink: /home/bubble/Develops/ROS2/pkg_dev_ws/install/moteus_msgs/share/moteus_msgs/local_setup.zsh
-- Up-to-date symlink: /home/bubble/Develops/ROS2/pkg_dev_ws/install/moteus_msgs/share/moteus_msgs/local_setup.dsv
-- Symlinking: /home/bubble/Develops/ROS2/pkg_dev_ws/install/moteus_msgs/share/moteus_msgs/package.dsv
-- Up-to-date symlink: /home/bubble/Develops/ROS2/pkg_dev_ws/install/moteus_msgs/share/ament_index/resource_index/packages/moteus_msgs
-- Up-to-date symlink: /home/bubble/Develops/ROS2/pkg_dev_ws/install/moteus_msgs/share/moteus_msgs/cmake/rosidl_cmake-extras.cmake
-- Up-to-date symlink: /home/bubble/Develops/ROS2/pkg_dev_ws/install/moteus_msgs/share/moteus_msgs/cmake/ament_cmake_export_dependencies-extras.cmake
-- Up-to-date symlink: /home/bubble/Develops/ROS2/pkg_dev_ws/install/moteus_msgs/share/moteus_msgs/cmake/ament_cmake_export_include_directories-extras.cmake
-- Up-to-date symlink: /home/bubble/Develops/ROS2/pkg_dev_ws/install/moteus_msgs/share/moteus_msgs/cmake/ament_cmake_export_libraries-extras.cmake
-- Up-to-date symlink: /home/bubble/Develops/ROS2/pkg_dev_ws/install/moteus_msgs/share/moteus_msgs/cmake/ament_cmake_export_targets-extras.cmake
-- Up-to-date symlink: /home/bubble/Develops/ROS2/pkg_dev_ws/install/moteus_msgs/share/moteus_msgs/cmake/rosidl_cmake_export_typesupport_targets-extras.cmake
-- Up-to-date symlink: /home/bubble/Develops/ROS2/pkg_dev_ws/install/moteus_msgs/share/moteus_msgs/cmake/rosidl_cmake_export_typesupport_libraries-extras.cmake
-- Up-to-date symlink: /home/bubble/Develops/ROS2/pkg_dev_ws/install/moteus_msgs/share/moteus_msgs/cmake/moteus_msgsConfig.cmake
-- Up-to-date symlink: /home/bubble/Develops/ROS2/pkg_dev_ws/install/moteus_msgs/share/moteus_msgs/cmake/moteus_msgsConfig-version.cmake
-- Up-to-date symlink: /home/bubble/Develops/ROS2/pkg_dev_ws/install/moteus_msgs/share/moteus_msgs/package.xml
-- Installing: /home/bubble/Develops/ROS2/pkg_dev_ws/install/moteus_msgs/lib/libmoteus_msgs__rosidl_generator_c.so
-- Set runtime path of "/home/bubble/Develops/ROS2/pkg_dev_ws/install/moteus_msgs/lib/libmoteus_msgs__rosidl_generator_c.so" to ""
-- Installing: /home/bubble/Develops/ROS2/pkg_dev_ws/install/moteus_msgs/lib/libmoteus_msgs__rosidl_typesupport_fastrtps_c.so
-- Set runtime path of "/home/bubble/Develops/ROS2/pkg_dev_ws/install/moteus_msgs/lib/libmoteus_msgs__rosidl_typesupport_fastrtps_c.so" to ""
-- Installing: /home/bubble/Develops/ROS2/pkg_dev_ws/install/moteus_msgs/lib/libmoteus_msgs__rosidl_typesupport_fastrtps_cpp.so
-- Set runtime path of "/home/bubble/Develops/ROS2/pkg_dev_ws/install/moteus_msgs/lib/libmoteus_msgs__rosidl_typesupport_fastrtps_cpp.so" to ""
-- Installing: /home/bubble/Develops/ROS2/pkg_dev_ws/install/moteus_msgs/lib/libmoteus_msgs__rosidl_typesupport_introspection_c.so
-- Set runtime path of "/home/bubble/Develops/ROS2/pkg_dev_ws/install/moteus_msgs/lib/libmoteus_msgs__rosidl_typesupport_introspection_c.so" to ""
-- Installing: /home/bubble/Develops/ROS2/pkg_dev_ws/install/moteus_msgs/lib/libmoteus_msgs__rosidl_typesupport_c.so
-- Set runtime path of "/home/bubble/Develops/ROS2/pkg_dev_ws/install/moteus_msgs/lib/libmoteus_msgs__rosidl_typesupport_c.so" to ""
-- Installing: /home/bubble/Develops/ROS2/pkg_dev_ws/install/moteus_msgs/lib/libmoteus_msgs__rosidl_typesupport_introspection_cpp.so
-- Set runtime path of "/home/bubble/Develops/ROS2/pkg_dev_ws/install/moteus_msgs/lib/libmoteus_msgs__rosidl_typesupport_introspection_cpp.so" to ""
-- Installing: /home/bubble/Develops/ROS2/pkg_dev_ws/install/moteus_msgs/lib/libmoteus_msgs__rosidl_typesupport_cpp.so
-- Set runtime path of "/home/bubble/Develops/ROS2/pkg_dev_ws/install/moteus_msgs/lib/libmoteus_msgs__rosidl_typesupport_cpp.so" to ""
Listing '/home/bubble/Develops/ROS2/pkg_dev_ws/install/moteus_msgs/local/lib/python3.10/dist-packages/moteus_msgs'...
Compiling '/home/bubble/Develops/ROS2/pkg_dev_ws/install/moteus_msgs/local/lib/python3.10/dist-packages/moteus_msgs/__init__.py'...
Listing '/home/bubble/Develops/ROS2/pkg_dev_ws/install/moteus_msgs/local/lib/python3.10/dist-packages/moteus_msgs/msg'...
Compiling '/home/bubble/Develops/ROS2/pkg_dev_ws/install/moteus_msgs/local/lib/python3.10/dist-packages/moteus_msgs/msg/__init__.py'...
Compiling '/home/bubble/Develops/ROS2/pkg_dev_ws/install/moteus_msgs/local/lib/python3.10/dist-packages/moteus_msgs/msg/_moteus_state.py'...
Compiling '/home/bubble/Develops/ROS2/pkg_dev_ws/install/moteus_msgs/local/lib/python3.10/dist-packages/moteus_msgs/msg/_moteus_state_stamped.py'...
-- Installing: /home/bubble/Develops/ROS2/pkg_dev_ws/install/moteus_msgs/lib/libmoteus_msgs__rosidl_generator_py.so
-- Set runtime path of "/home/bubble/Develops/ROS2/pkg_dev_ws/install/moteus_msgs/lib/libmoteus_msgs__rosidl_generator_py.so" to ""
-- Up-to-date: /home/bubble/Develops/ROS2/pkg_dev_ws/install/moteus_msgs/share/moteus_msgs/cmake/export_moteus_msgs__rosidl_generator_cExport.cmake
-- Up-to-date: /home/bubble/Develops/ROS2/pkg_dev_ws/install/moteus_msgs/share/moteus_msgs/cmake/export_moteus_msgs__rosidl_generator_cExport-noconfig.cmake
-- Up-to-date: /home/bubble/Develops/ROS2/pkg_dev_ws/install/moteus_msgs/share/moteus_msgs/cmake/export_moteus_msgs__rosidl_typesupport_fastrtps_cExport.cmake
-- Up-to-date: /home/bubble/Develops/ROS2/pkg_dev_ws/install/moteus_msgs/share/moteus_msgs/cmake/export_moteus_msgs__rosidl_typesupport_fastrtps_cExport-noconfig.cmake
-- Up-to-date: /home/bubble/Develops/ROS2/pkg_dev_ws/install/moteus_msgs/share/moteus_msgs/cmake/export_moteus_msgs__rosidl_generator_cppExport.cmake
-- Up-to-date: /home/bubble/Develops/ROS2/pkg_dev_ws/install/moteus_msgs/share/moteus_msgs/cmake/export_moteus_msgs__rosidl_typesupport_fastrtps_cppExport.cmake
-- Up-to-date: /home/bubble/Develops/ROS2/pkg_dev_ws/install/moteus_msgs/share/moteus_msgs/cmake/export_moteus_msgs__rosidl_typesupport_fastrtps_cppExport-noconfig.cmake
-- Up-to-date: /home/bubble/Develops/ROS2/pkg_dev_ws/install/moteus_msgs/share/moteus_msgs/cmake/moteus_msgs__rosidl_typesupport_introspection_cExport.cmake
-- Up-to-date: /home/bubble/Develops/ROS2/pkg_dev_ws/install/moteus_msgs/share/moteus_msgs/cmake/moteus_msgs__rosidl_typesupport_introspection_cExport-noconfig.cmake
-- Up-to-date: /home/bubble/Develops/ROS2/pkg_dev_ws/install/moteus_msgs/share/moteus_msgs/cmake/moteus_msgs__rosidl_typesupport_cExport.cmake
-- Up-to-date: /home/bubble/Develops/ROS2/pkg_dev_ws/install/moteus_msgs/share/moteus_msgs/cmake/moteus_msgs__rosidl_typesupport_cExport-noconfig.cmake
-- Up-to-date: /home/bubble/Develops/ROS2/pkg_dev_ws/install/moteus_msgs/share/moteus_msgs/cmake/moteus_msgs__rosidl_typesupport_introspection_cppExport.cmake
-- Up-to-date: /home/bubble/Develops/ROS2/pkg_dev_ws/install/moteus_msgs/share/moteus_msgs/cmake/moteus_msgs__rosidl_typesupport_introspection_cppExport-noconfig.cmake
-- Up-to-date: /home/bubble/Develops/ROS2/pkg_dev_ws/install/moteus_msgs/share/moteus_msgs/cmake/moteus_msgs__rosidl_typesupport_cppExport.cmake
-- Up-to-date: /home/bubble/Develops/ROS2/pkg_dev_ws/install/moteus_msgs/share/moteus_msgs/cmake/moteus_msgs__rosidl_typesupport_cppExport-noconfig.cmake
-- Up-to-date: /home/bubble/Develops/ROS2/pkg_dev_ws/install/moteus_msgs/share/moteus_msgs/cmake/export_moteus_msgs__rosidl_generator_pyExport.cmake
-- Up-to-date: /home/bubble/Develops/ROS2/pkg_dev_ws/install/moteus_msgs/share/moteus_msgs/cmake/export_moteus_msgs__rosidl_generator_pyExport-noconfig.cmake
