[0.358s] Invoking command in '/home/bubble/Develops/ROS2/pkg_dev_ws/build/moteus_msgs': CMAKE_PREFIX_PATH=${CMAKE_PREFIX_PATH}:/home/bubble/Develops/ROS2/pkg_dev_ws/install/moteus_motor:/opt/ros/humble /usr/bin/cmake --build /home/bubble/Develops/ROS2/pkg_dev_ws/build/moteus_msgs -- -j32 -l32
[0.392s] -- Found ament_cmake: 1.3.2 (/opt/ros/humble/share/ament_cmake/cmake)
[0.608s] -- Override CMake install command with custom implementation using symlinks instead of copying resources
[0.633s] -- Found std_msgs: 4.2.2 (/opt/ros/humble/share/std_msgs/cmake)
[0.690s] -- Found rosidl_generator_c: 3.1.3 (/opt/ros/humble/share/rosidl_generator_c/cmake)
[0.694s] -- Found rosidl_adapter: 3.1.3 (/opt/ros/humble/share/rosidl_adapter/cmake)
[0.704s] -- Found rosidl_generator_cpp: 3.1.3 (/opt/ros/humble/share/rosidl_generator_cpp/cmake)
[0.722s] -- Using all available rosidl_typesupport_c: rosidl_typesupport_fastrtps_c;rosidl_typesupport_introspection_c
[0.748s] -- Using all available rosidl_typesupport_cpp: rosidl_typesupport_fastrtps_cpp;rosidl_typesupport_introspection_cpp
[0.834s] -- Found geometry_msgs: 4.2.2 (/opt/ros/humble/share/geometry_msgs/cmake)
[0.902s] -- Found rosidl_default_generators: 1.2.0 (/opt/ros/humble/share/rosidl_default_generators/cmake)
[1.332s] -- Found ament_cmake_ros: 0.10.0 (/opt/ros/humble/share/ament_cmake_ros/cmake)
[2.004s] -- Using all available rosidl_typesupport_c: rosidl_typesupport_fastrtps_c;rosidl_typesupport_introspection_c
[2.235s] -- Using all available rosidl_typesupport_cpp: rosidl_typesupport_fastrtps_cpp;rosidl_typesupport_introspection_cpp
[2.270s] -- Found python_cmake_module: 0.10.0 (/opt/ros/humble/share/python_cmake_module/cmake)
[2.306s] -- Using PYTHON_EXECUTABLE: /usr/bin/python3
[2.306s] -- Using PYTHON_INCLUDE_DIRS: /usr/include/python3.10
[2.307s] -- Using PYTHON_LIBRARIES: /usr/lib/x86_64-linux-gnu/libpython3.10.so
[2.384s] -- Configuring done
[2.455s] -- Generating done
[2.461s] -- Build files have been written to: /home/bubble/Develops/ROS2/pkg_dev_ws/build/moteus_msgs
[2.503s] [  2%] [34m[1mGenerating C code for ROS interfaces[0m
[2.517s] [  5%] [34m[1mGenerating C++ code for ROS interfaces[0m
[2.528s] [  5%] Built target ament_cmake_python_symlink_moteus_msgs
[2.877s] [  5%] Built target moteus_msgs__cpp
[2.884s] running egg_info
[2.885s] writing moteus_msgs.egg-info/PKG-INFO
[2.886s] writing dependency_links to moteus_msgs.egg-info/dependency_links.txt
[2.886s] writing top-level names to moteus_msgs.egg-info/top_level.txt
[2.889s] reading manifest file 'moteus_msgs.egg-info/SOURCES.txt'
[2.890s] writing manifest file 'moteus_msgs.egg-info/SOURCES.txt'
[2.891s] [  7%] [34m[1mGenerating C++ type support for eProsima Fast-RTPS[0m
[2.892s] [ 10%] [34m[1mGenerating C++ type support dispatch for ROS interfaces[0m
[2.892s] [ 12%] [34m[1mGenerating C++ introspection for ROS interfaces[0m
[2.909s] [35m[1mConsolidate compiler generated dependencies of target moteus_msgs__rosidl_generator_c[0m
[2.921s] [ 12%] Built target ament_cmake_python_build_moteus_msgs_egg
[2.925s] [ 15%] [32mBuilding C object CMakeFiles/moteus_msgs__rosidl_generator_c.dir/rosidl_generator_c/moteus_msgs/msg/detail/moteus_state_stamped__functions.c.o[0m
[2.927s] [ 17%] [32mBuilding C object CMakeFiles/moteus_msgs__rosidl_generator_c.dir/rosidl_generator_c/moteus_msgs/msg/detail/moteus_state__functions.c.o[0m
[3.001s] [ 20%] [32m[1mLinking C shared library libmoteus_msgs__rosidl_generator_c.so[0m
[3.045s] [ 20%] Built target moteus_msgs__rosidl_generator_c
[3.059s] [ 25%] [34m[1mGenerating C type support dispatch for ROS interfaces[0m
[3.060s] [ 25%] [34m[1mGenerating C type support for eProsima Fast-RTPS[0m
[3.060s] [ 28%] [34m[1mGenerating C introspection for ROS interfaces[0m
[3.209s] [35m[1mConsolidate compiler generated dependencies of target moteus_msgs__rosidl_typesupport_introspection_cpp[0m
[3.218s] [35m[1mConsolidate compiler generated dependencies of target moteus_msgs__rosidl_typesupport_cpp[0m
[3.233s] [ 30%] [32mBuilding CXX object CMakeFiles/moteus_msgs__rosidl_typesupport_introspection_cpp.dir/rosidl_typesupport_introspection_cpp/moteus_msgs/msg/detail/moteus_state_stamped__type_support.cpp.o[0m
[3.233s] [ 33%] [32mBuilding CXX object CMakeFiles/moteus_msgs__rosidl_typesupport_introspection_cpp.dir/rosidl_typesupport_introspection_cpp/moteus_msgs/msg/detail/moteus_state__type_support.cpp.o[0m
[3.239s] [ 35%] [32mBuilding CXX object CMakeFiles/moteus_msgs__rosidl_typesupport_cpp.dir/rosidl_typesupport_cpp/moteus_msgs/msg/moteus_state_stamped__type_support.cpp.o[0m
[3.242s] [ 38%] [32mBuilding CXX object CMakeFiles/moteus_msgs__rosidl_typesupport_cpp.dir/rosidl_typesupport_cpp/moteus_msgs/msg/moteus_state__type_support.cpp.o[0m
[3.273s] [35m[1mConsolidate compiler generated dependencies of target moteus_msgs__rosidl_typesupport_fastrtps_cpp[0m
[3.296s] [ 43%] [32mBuilding CXX object CMakeFiles/moteus_msgs__rosidl_typesupport_fastrtps_cpp.dir/rosidl_typesupport_fastrtps_cpp/moteus_msgs/msg/detail/dds_fastrtps/moteus_state__type_support.cpp.o[0m
[3.297s] [ 43%] [32mBuilding CXX object CMakeFiles/moteus_msgs__rosidl_typesupport_fastrtps_cpp.dir/rosidl_typesupport_fastrtps_cpp/moteus_msgs/msg/detail/dds_fastrtps/moteus_state_stamped__type_support.cpp.o[0m
[3.393s] [35m[1mConsolidate compiler generated dependencies of target moteus_msgs__rosidl_typesupport_c[0m
[3.410s] [ 46%] [32mBuilding CXX object CMakeFiles/moteus_msgs__rosidl_typesupport_c.dir/rosidl_typesupport_c/moteus_msgs/msg/moteus_state__type_support.cpp.o[0m
[3.411s] [ 48%] [32mBuilding CXX object CMakeFiles/moteus_msgs__rosidl_typesupport_c.dir/rosidl_typesupport_c/moteus_msgs/msg/moteus_state_stamped__type_support.cpp.o[0m
[3.438s] [35m[1mConsolidate compiler generated dependencies of target moteus_msgs__rosidl_typesupport_introspection_c[0m
[3.442s] [35m[1mConsolidate compiler generated dependencies of target moteus_msgs__rosidl_typesupport_fastrtps_c[0m
[3.456s] [ 56%] [32mBuilding C object CMakeFiles/moteus_msgs__rosidl_typesupport_introspection_c.dir/rosidl_typesupport_introspection_c/moteus_msgs/msg/detail/moteus_state__type_support.c.o[0m
[3.456s] [ 56%] [32m[1mLinking CXX shared library libmoteus_msgs__rosidl_typesupport_c.so[0m
[3.456s] [ 56%] [32mBuilding C object CMakeFiles/moteus_msgs__rosidl_typesupport_introspection_c.dir/rosidl_typesupport_introspection_c/moteus_msgs/msg/detail/moteus_state_stamped__type_support.c.o[0m
[3.466s] [ 58%] [32mBuilding CXX object CMakeFiles/moteus_msgs__rosidl_typesupport_fastrtps_c.dir/rosidl_typesupport_fastrtps_c/moteus_msgs/msg/detail/moteus_state__type_support_c.cpp.o[0m
[3.467s] [ 61%] [32mBuilding CXX object CMakeFiles/moteus_msgs__rosidl_typesupport_fastrtps_c.dir/rosidl_typesupport_fastrtps_c/moteus_msgs/msg/detail/moteus_state_stamped__type_support_c.cpp.o[0m
[3.507s] [ 64%] [32m[1mLinking C shared library libmoteus_msgs__rosidl_typesupport_introspection_c.so[0m
[3.521s] [ 64%] Built target moteus_msgs__rosidl_typesupport_c
[3.548s] [ 64%] Built target moteus_msgs__rosidl_typesupport_introspection_c
[3.612s] [ 66%] [32m[1mLinking CXX shared library libmoteus_msgs__rosidl_typesupport_cpp.so[0m
[3.665s] [ 66%] Built target moteus_msgs__rosidl_typesupport_cpp
[3.764s] [ 69%] [32m[1mLinking CXX shared library libmoteus_msgs__rosidl_typesupport_introspection_cpp.so[0m
[3.849s] [ 69%] Built target moteus_msgs__rosidl_typesupport_introspection_cpp
[3.853s] [ 71%] [32m[1mLinking CXX shared library libmoteus_msgs__rosidl_typesupport_fastrtps_cpp.so[0m
[3.894s] [ 74%] [32m[1mLinking CXX shared library libmoteus_msgs__rosidl_typesupport_fastrtps_c.so[0m
[3.950s] [ 74%] Built target moteus_msgs__rosidl_typesupport_fastrtps_cpp
[3.984s] [ 74%] Built target moteus_msgs__rosidl_typesupport_fastrtps_c
[4.005s] [ 74%] Built target moteus_msgs
[4.031s] [ 76%] [34m[1mGenerating Python code for ROS interfaces[0m
[4.565s] [ 76%] Built target moteus_msgs__py
[4.579s] [35m[1mConsolidate compiler generated dependencies of target moteus_msgs__rosidl_generator_py[0m
[4.603s] [ 79%] [32mBuilding C object CMakeFiles/moteus_msgs__rosidl_generator_py.dir/rosidl_generator_py/moteus_msgs/msg/_moteus_state_stamped_s.c.o[0m
[4.604s] [ 82%] [32mBuilding C object CMakeFiles/moteus_msgs__rosidl_generator_py.dir/rosidl_generator_py/moteus_msgs/msg/_moteus_state_s.c.o[0m
[4.738s] [ 84%] [32m[1mLinking C shared library rosidl_generator_py/moteus_msgs/libmoteus_msgs__rosidl_generator_py.so[0m
[4.796s] [ 84%] Built target moteus_msgs__rosidl_generator_py
[4.810s] [35m[1mConsolidate compiler generated dependencies of target moteus_msgs__rosidl_typesupport_fastrtps_c__pyext[0m
[4.811s] [35m[1mConsolidate compiler generated dependencies of target moteus_msgs__rosidl_typesupport_c__pyext[0m
[4.812s] [35m[1mConsolidate compiler generated dependencies of target moteus_msgs__rosidl_typesupport_introspection_c__pyext[0m
[4.834s] [ 92%] [32mBuilding C object CMakeFiles/moteus_msgs__rosidl_typesupport_introspection_c__pyext.dir/rosidl_generator_py/moteus_msgs/_moteus_msgs_s.ep.rosidl_typesupport_introspection_c.c.o[0m
[4.835s] [ 92%] [32mBuilding C object CMakeFiles/moteus_msgs__rosidl_typesupport_c__pyext.dir/rosidl_generator_py/moteus_msgs/_moteus_msgs_s.ep.rosidl_typesupport_c.c.o[0m
[4.835s] [ 92%] [32mBuilding C object CMakeFiles/moteus_msgs__rosidl_typesupport_fastrtps_c__pyext.dir/rosidl_generator_py/moteus_msgs/_moteus_msgs_s.ep.rosidl_typesupport_fastrtps_c.c.o[0m
[4.968s] [ 94%] [32m[1mLinking C shared library rosidl_generator_py/moteus_msgs/moteus_msgs_s__rosidl_typesupport_introspection_c.cpython-310-x86_64-linux-gnu.so[0m
[4.970s] [ 97%] [32m[1mLinking C shared library rosidl_generator_py/moteus_msgs/moteus_msgs_s__rosidl_typesupport_fastrtps_c.cpython-310-x86_64-linux-gnu.so[0m
[4.971s] [100%] [32m[1mLinking C shared library rosidl_generator_py/moteus_msgs/moteus_msgs_s__rosidl_typesupport_c.cpython-310-x86_64-linux-gnu.so[0m
[5.022s] [100%] Built target moteus_msgs__rosidl_typesupport_introspection_c__pyext
[5.024s] [100%] Built target moteus_msgs__rosidl_typesupport_c__pyext
[5.025s] [100%] Built target moteus_msgs__rosidl_typesupport_fastrtps_c__pyext
[5.038s] Invoked command in '/home/bubble/Develops/ROS2/pkg_dev_ws/build/moteus_msgs' returned '0': CMAKE_PREFIX_PATH=${CMAKE_PREFIX_PATH}:/home/bubble/Develops/ROS2/pkg_dev_ws/install/moteus_motor:/opt/ros/humble /usr/bin/cmake --build /home/bubble/Develops/ROS2/pkg_dev_ws/build/moteus_msgs -- -j32 -l32
[5.147s] Invoking command in '/home/bubble/Develops/ROS2/pkg_dev_ws/build/moteus_msgs': CMAKE_PREFIX_PATH=${CMAKE_PREFIX_PATH}:/home/bubble/Develops/ROS2/pkg_dev_ws/install/moteus_motor:/opt/ros/humble /usr/bin/cmake --install /home/bubble/Develops/ROS2/pkg_dev_ws/build/moteus_msgs
[5.156s] -- Install configuration: ""
[5.157s] -- Execute custom install script
[5.157s] -- Up-to-date symlink: /home/bubble/Develops/ROS2/pkg_dev_ws/install/moteus_msgs/share/ament_index/resource_index/rosidl_interfaces/moteus_msgs
[5.158s] -- Up-to-date symlink: /home/bubble/Develops/ROS2/pkg_dev_ws/install/moteus_msgs/include/moteus_msgs/moteus_msgs/msg/detail/moteus_state__functions.h
[5.158s] -- Up-to-date symlink: /home/bubble/Develops/ROS2/pkg_dev_ws/install/moteus_msgs/include/moteus_msgs/moteus_msgs/msg/detail/moteus_state__struct.h
[5.159s] -- Up-to-date symlink: /home/bubble/Develops/ROS2/pkg_dev_ws/install/moteus_msgs/include/moteus_msgs/moteus_msgs/msg/detail/moteus_state__type_support.h
[5.159s] -- Up-to-date symlink: /home/bubble/Develops/ROS2/pkg_dev_ws/install/moteus_msgs/include/moteus_msgs/moteus_msgs/msg/detail/moteus_state_multi__functions.h
[5.159s] -- Up-to-date symlink: /home/bubble/Develops/ROS2/pkg_dev_ws/install/moteus_msgs/include/moteus_msgs/moteus_msgs/msg/detail/moteus_state_multi__struct.h
[5.159s] -- Up-to-date symlink: /home/bubble/Develops/ROS2/pkg_dev_ws/install/moteus_msgs/include/moteus_msgs/moteus_msgs/msg/detail/moteus_state_multi__type_support.h
[5.160s] -- Up-to-date symlink: /home/bubble/Develops/ROS2/pkg_dev_ws/install/moteus_msgs/include/moteus_msgs/moteus_msgs/msg/detail/moteus_state_stamped__functions.h
[5.160s] -- Up-to-date symlink: /home/bubble/Develops/ROS2/pkg_dev_ws/install/moteus_msgs/include/moteus_msgs/moteus_msgs/msg/detail/moteus_state_stamped__struct.h
[5.160s] -- Up-to-date symlink: /home/bubble/Develops/ROS2/pkg_dev_ws/install/moteus_msgs/include/moteus_msgs/moteus_msgs/msg/detail/moteus_state_stamped__type_support.h
[5.160s] -- Up-to-date symlink: /home/bubble/Develops/ROS2/pkg_dev_ws/install/moteus_msgs/include/moteus_msgs/moteus_msgs/msg/moteus_state.h
[5.161s] -- Up-to-date symlink: /home/bubble/Develops/ROS2/pkg_dev_ws/install/moteus_msgs/include/moteus_msgs/moteus_msgs/msg/moteus_state_multi.h
[5.161s] -- Up-to-date symlink: /home/bubble/Develops/ROS2/pkg_dev_ws/install/moteus_msgs/include/moteus_msgs/moteus_msgs/msg/moteus_state_stamped.h
[5.161s] -- Up-to-date symlink: /home/bubble/Develops/ROS2/pkg_dev_ws/install/moteus_msgs/include/moteus_msgs/moteus_msgs/msg/rosidl_generator_c__visibility_control.h
[5.161s] -- Up-to-date symlink: /home/bubble/Develops/ROS2/pkg_dev_ws/install/moteus_msgs/share/moteus_msgs/environment/library_path.sh
[5.162s] -- Up-to-date symlink: /home/bubble/Develops/ROS2/pkg_dev_ws/install/moteus_msgs/share/moteus_msgs/environment/library_path.dsv
[5.162s] -- Up-to-date symlink: /home/bubble/Develops/ROS2/pkg_dev_ws/install/moteus_msgs/include/moteus_msgs/moteus_msgs/msg/detail/moteus_state__rosidl_typesupport_fastrtps_c.h
[5.162s] -- Up-to-date symlink: /home/bubble/Develops/ROS2/pkg_dev_ws/install/moteus_msgs/include/moteus_msgs/moteus_msgs/msg/detail/moteus_state_multi__rosidl_typesupport_fastrtps_c.h
[5.162s] -- Up-to-date symlink: /home/bubble/Develops/ROS2/pkg_dev_ws/install/moteus_msgs/include/moteus_msgs/moteus_msgs/msg/detail/moteus_state_stamped__rosidl_typesupport_fastrtps_c.h
[5.163s] -- Up-to-date symlink: /home/bubble/Develops/ROS2/pkg_dev_ws/install/moteus_msgs/include/moteus_msgs/moteus_msgs/msg/rosidl_typesupport_fastrtps_c__visibility_control.h
[5.163s] -- Up-to-date symlink: /home/bubble/Develops/ROS2/pkg_dev_ws/install/moteus_msgs/include/moteus_msgs/moteus_msgs/msg/detail/moteus_state__builder.hpp
[5.163s] -- Up-to-date symlink: /home/bubble/Develops/ROS2/pkg_dev_ws/install/moteus_msgs/include/moteus_msgs/moteus_msgs/msg/detail/moteus_state__struct.hpp
[5.163s] -- Up-to-date symlink: /home/bubble/Develops/ROS2/pkg_dev_ws/install/moteus_msgs/include/moteus_msgs/moteus_msgs/msg/detail/moteus_state__traits.hpp
[5.164s] -- Up-to-date symlink: /home/bubble/Develops/ROS2/pkg_dev_ws/install/moteus_msgs/include/moteus_msgs/moteus_msgs/msg/detail/moteus_state_multi__builder.hpp
[5.164s] -- Up-to-date symlink: /home/bubble/Develops/ROS2/pkg_dev_ws/install/moteus_msgs/include/moteus_msgs/moteus_msgs/msg/detail/moteus_state_multi__struct.hpp
[5.164s] -- Up-to-date symlink: /home/bubble/Develops/ROS2/pkg_dev_ws/install/moteus_msgs/include/moteus_msgs/moteus_msgs/msg/detail/moteus_state_multi__traits.hpp
[5.164s] -- Up-to-date symlink: /home/bubble/Develops/ROS2/pkg_dev_ws/install/moteus_msgs/include/moteus_msgs/moteus_msgs/msg/detail/moteus_state_stamped__builder.hpp
[5.165s] -- Up-to-date symlink: /home/bubble/Develops/ROS2/pkg_dev_ws/install/moteus_msgs/include/moteus_msgs/moteus_msgs/msg/detail/moteus_state_stamped__struct.hpp
[5.165s] -- Up-to-date symlink: /home/bubble/Develops/ROS2/pkg_dev_ws/install/moteus_msgs/include/moteus_msgs/moteus_msgs/msg/detail/moteus_state_stamped__traits.hpp
[5.165s] -- Up-to-date symlink: /home/bubble/Develops/ROS2/pkg_dev_ws/install/moteus_msgs/include/moteus_msgs/moteus_msgs/msg/moteus_state.hpp
[5.165s] -- Up-to-date symlink: /home/bubble/Develops/ROS2/pkg_dev_ws/install/moteus_msgs/include/moteus_msgs/moteus_msgs/msg/moteus_state_multi.hpp
[5.166s] -- Up-to-date symlink: /home/bubble/Develops/ROS2/pkg_dev_ws/install/moteus_msgs/include/moteus_msgs/moteus_msgs/msg/moteus_state_stamped.hpp
[5.166s] -- Up-to-date symlink: /home/bubble/Develops/ROS2/pkg_dev_ws/install/moteus_msgs/include/moteus_msgs/moteus_msgs/msg/detail/moteus_state__rosidl_typesupport_fastrtps_cpp.hpp
[5.166s] -- Up-to-date symlink: /home/bubble/Develops/ROS2/pkg_dev_ws/install/moteus_msgs/include/moteus_msgs/moteus_msgs/msg/detail/moteus_state_multi__rosidl_typesupport_fastrtps_cpp.hpp
[5.166s] -- Up-to-date symlink: /home/bubble/Develops/ROS2/pkg_dev_ws/install/moteus_msgs/include/moteus_msgs/moteus_msgs/msg/detail/moteus_state_stamped__rosidl_typesupport_fastrtps_cpp.hpp
[5.167s] -- Up-to-date symlink: /home/bubble/Develops/ROS2/pkg_dev_ws/install/moteus_msgs/include/moteus_msgs/moteus_msgs/msg/rosidl_typesupport_fastrtps_cpp__visibility_control.h
[5.167s] -- Up-to-date symlink: /home/bubble/Develops/ROS2/pkg_dev_ws/install/moteus_msgs/include/moteus_msgs/moteus_msgs/msg/detail/moteus_state__rosidl_typesupport_introspection_c.h
[5.167s] -- Up-to-date symlink: /home/bubble/Develops/ROS2/pkg_dev_ws/install/moteus_msgs/include/moteus_msgs/moteus_msgs/msg/detail/moteus_state_multi__rosidl_typesupport_introspection_c.h
[5.167s] -- Up-to-date symlink: /home/bubble/Develops/ROS2/pkg_dev_ws/install/moteus_msgs/include/moteus_msgs/moteus_msgs/msg/detail/moteus_state_stamped__rosidl_typesupport_introspection_c.h
[5.168s] -- Up-to-date symlink: /home/bubble/Develops/ROS2/pkg_dev_ws/install/moteus_msgs/include/moteus_msgs/moteus_msgs/msg/rosidl_typesupport_introspection_c__visibility_control.h
[5.168s] -- Up-to-date symlink: /home/bubble/Develops/ROS2/pkg_dev_ws/install/moteus_msgs/include/moteus_msgs/moteus_msgs/msg/detail/moteus_state__rosidl_typesupport_introspection_cpp.hpp
[5.168s] -- Up-to-date symlink: /home/bubble/Develops/ROS2/pkg_dev_ws/install/moteus_msgs/include/moteus_msgs/moteus_msgs/msg/detail/moteus_state_multi__rosidl_typesupport_introspection_cpp.hpp
[5.169s] -- Up-to-date symlink: /home/bubble/Develops/ROS2/pkg_dev_ws/install/moteus_msgs/include/moteus_msgs/moteus_msgs/msg/detail/moteus_state_stamped__rosidl_typesupport_introspection_cpp.hpp
[5.169s] -- Up-to-date symlink: /home/bubble/Develops/ROS2/pkg_dev_ws/install/moteus_msgs/share/moteus_msgs/environment/pythonpath.sh
[5.169s] -- Up-to-date symlink: /home/bubble/Develops/ROS2/pkg_dev_ws/install/moteus_msgs/share/moteus_msgs/environment/pythonpath.dsv
[5.170s] -- Up-to-date symlink: /home/bubble/Develops/ROS2/pkg_dev_ws/install/moteus_msgs/local/lib/python3.10/dist-packages/moteus_msgs-0.0.1-py3.10.egg-info/PKG-INFO
[5.170s] -- Up-to-date symlink: /home/bubble/Develops/ROS2/pkg_dev_ws/install/moteus_msgs/local/lib/python3.10/dist-packages/moteus_msgs-0.0.1-py3.10.egg-info/SOURCES.txt
[5.170s] -- Up-to-date symlink: /home/bubble/Develops/ROS2/pkg_dev_ws/install/moteus_msgs/local/lib/python3.10/dist-packages/moteus_msgs-0.0.1-py3.10.egg-info/dependency_links.txt
[5.170s] -- Up-to-date symlink: /home/bubble/Develops/ROS2/pkg_dev_ws/install/moteus_msgs/local/lib/python3.10/dist-packages/moteus_msgs-0.0.1-py3.10.egg-info/top_level.txt
[5.171s] -- Up-to-date symlink: /home/bubble/Develops/ROS2/pkg_dev_ws/install/moteus_msgs/local/lib/python3.10/dist-packages/moteus_msgs/__init__.py
[5.171s] -- Up-to-date symlink: /home/bubble/Develops/ROS2/pkg_dev_ws/install/moteus_msgs/local/lib/python3.10/dist-packages/moteus_msgs/_moteus_msgs_s.ep.rosidl_typesupport_c.c
[5.172s] -- Up-to-date symlink: /home/bubble/Develops/ROS2/pkg_dev_ws/install/moteus_msgs/local/lib/python3.10/dist-packages/moteus_msgs/_moteus_msgs_s.ep.rosidl_typesupport_fastrtps_c.c
[5.172s] -- Up-to-date symlink: /home/bubble/Develops/ROS2/pkg_dev_ws/install/moteus_msgs/local/lib/python3.10/dist-packages/moteus_msgs/_moteus_msgs_s.ep.rosidl_typesupport_introspection_c.c
[5.172s] -- Up-to-date symlink: /home/bubble/Develops/ROS2/pkg_dev_ws/install/moteus_msgs/local/lib/python3.10/dist-packages/moteus_msgs/libmoteus_msgs__rosidl_generator_py.so
[5.172s] -- Up-to-date symlink: /home/bubble/Develops/ROS2/pkg_dev_ws/install/moteus_msgs/local/lib/python3.10/dist-packages/moteus_msgs/moteus_msgs_s__rosidl_typesupport_c.cpython-310-x86_64-linux-gnu.so
[5.173s] -- Up-to-date symlink: /home/bubble/Develops/ROS2/pkg_dev_ws/install/moteus_msgs/local/lib/python3.10/dist-packages/moteus_msgs/moteus_msgs_s__rosidl_typesupport_fastrtps_c.cpython-310-x86_64-linux-gnu.so
[5.173s] -- Up-to-date symlink: /home/bubble/Develops/ROS2/pkg_dev_ws/install/moteus_msgs/local/lib/python3.10/dist-packages/moteus_msgs/moteus_msgs_s__rosidl_typesupport_introspection_c.cpython-310-x86_64-linux-gnu.so
[5.173s] -- Up-to-date symlink: /home/bubble/Develops/ROS2/pkg_dev_ws/install/moteus_msgs/local/lib/python3.10/dist-packages/moteus_msgs/msg/__init__.py
[5.173s] -- Up-to-date symlink: /home/bubble/Develops/ROS2/pkg_dev_ws/install/moteus_msgs/local/lib/python3.10/dist-packages/moteus_msgs/msg/_moteus_state.py
[5.174s] -- Up-to-date symlink: /home/bubble/Develops/ROS2/pkg_dev_ws/install/moteus_msgs/local/lib/python3.10/dist-packages/moteus_msgs/msg/_moteus_state_multi.py
[5.174s] -- Up-to-date symlink: /home/bubble/Develops/ROS2/pkg_dev_ws/install/moteus_msgs/local/lib/python3.10/dist-packages/moteus_msgs/msg/_moteus_state_multi_s.c
[5.174s] -- Up-to-date symlink: /home/bubble/Develops/ROS2/pkg_dev_ws/install/moteus_msgs/local/lib/python3.10/dist-packages/moteus_msgs/msg/_moteus_state_s.c
[5.174s] -- Up-to-date symlink: /home/bubble/Develops/ROS2/pkg_dev_ws/install/moteus_msgs/local/lib/python3.10/dist-packages/moteus_msgs/msg/_moteus_state_stamped.py
[5.175s] -- Up-to-date symlink: /home/bubble/Develops/ROS2/pkg_dev_ws/install/moteus_msgs/local/lib/python3.10/dist-packages/moteus_msgs/msg/_moteus_state_stamped_s.c
[5.175s] -- Up-to-date symlink: /home/bubble/Develops/ROS2/pkg_dev_ws/install/moteus_msgs/local/lib/python3.10/dist-packages/moteus_msgs/moteus_msgs_s__rosidl_typesupport_fastrtps_c.cpython-310-x86_64-linux-gnu.so
[5.175s] -- Up-to-date symlink: /home/bubble/Develops/ROS2/pkg_dev_ws/install/moteus_msgs/local/lib/python3.10/dist-packages/moteus_msgs/moteus_msgs_s__rosidl_typesupport_introspection_c.cpython-310-x86_64-linux-gnu.so
[5.175s] -- Up-to-date symlink: /home/bubble/Develops/ROS2/pkg_dev_ws/install/moteus_msgs/local/lib/python3.10/dist-packages/moteus_msgs/moteus_msgs_s__rosidl_typesupport_c.cpython-310-x86_64-linux-gnu.so
[5.176s] -- Up-to-date symlink: /home/bubble/Develops/ROS2/pkg_dev_ws/install/moteus_msgs/share/moteus_msgs/msg/MoteusStateStamped.idl
[5.176s] -- Up-to-date symlink: /home/bubble/Develops/ROS2/pkg_dev_ws/install/moteus_msgs/share/moteus_msgs/msg/MoteusState.idl
[5.176s] -- Up-to-date symlink: /home/bubble/Develops/ROS2/pkg_dev_ws/install/moteus_msgs/share/moteus_msgs/msg/MoteusStateStamped.msg
[5.176s] -- Up-to-date symlink: /home/bubble/Develops/ROS2/pkg_dev_ws/install/moteus_msgs/share/moteus_msgs/msg/MoteusState.msg
[5.177s] -- Up-to-date symlink: /home/bubble/Develops/ROS2/pkg_dev_ws/install/moteus_msgs/share/ament_index/resource_index/package_run_dependencies/moteus_msgs
[5.177s] -- Up-to-date symlink: /home/bubble/Develops/ROS2/pkg_dev_ws/install/moteus_msgs/share/ament_index/resource_index/parent_prefix_path/moteus_msgs
[5.177s] -- Up-to-date symlink: /home/bubble/Develops/ROS2/pkg_dev_ws/install/moteus_msgs/share/moteus_msgs/environment/ament_prefix_path.sh
[5.177s] -- Up-to-date symlink: /home/bubble/Develops/ROS2/pkg_dev_ws/install/moteus_msgs/share/moteus_msgs/environment/ament_prefix_path.dsv
[5.178s] -- Up-to-date symlink: /home/bubble/Develops/ROS2/pkg_dev_ws/install/moteus_msgs/share/moteus_msgs/environment/path.sh
[5.178s] -- Up-to-date symlink: /home/bubble/Develops/ROS2/pkg_dev_ws/install/moteus_msgs/share/moteus_msgs/environment/path.dsv
[5.178s] -- Up-to-date symlink: /home/bubble/Develops/ROS2/pkg_dev_ws/install/moteus_msgs/share/moteus_msgs/local_setup.bash
[5.178s] -- Up-to-date symlink: /home/bubble/Develops/ROS2/pkg_dev_ws/install/moteus_msgs/share/moteus_msgs/local_setup.sh
[5.179s] -- Up-to-date symlink: /home/bubble/Develops/ROS2/pkg_dev_ws/install/moteus_msgs/share/moteus_msgs/local_setup.zsh
[5.179s] -- Up-to-date symlink: /home/bubble/Develops/ROS2/pkg_dev_ws/install/moteus_msgs/share/moteus_msgs/local_setup.dsv
[5.179s] -- Symlinking: /home/bubble/Develops/ROS2/pkg_dev_ws/install/moteus_msgs/share/moteus_msgs/package.dsv
[5.189s] -- Up-to-date symlink: /home/bubble/Develops/ROS2/pkg_dev_ws/install/moteus_msgs/share/ament_index/resource_index/packages/moteus_msgs
[5.189s] -- Up-to-date symlink: /home/bubble/Develops/ROS2/pkg_dev_ws/install/moteus_msgs/share/moteus_msgs/cmake/rosidl_cmake-extras.cmake
[5.189s] -- Up-to-date symlink: /home/bubble/Develops/ROS2/pkg_dev_ws/install/moteus_msgs/share/moteus_msgs/cmake/ament_cmake_export_dependencies-extras.cmake
[5.190s] -- Up-to-date symlink: /home/bubble/Develops/ROS2/pkg_dev_ws/install/moteus_msgs/share/moteus_msgs/cmake/ament_cmake_export_include_directories-extras.cmake
[5.190s] -- Up-to-date symlink: /home/bubble/Develops/ROS2/pkg_dev_ws/install/moteus_msgs/share/moteus_msgs/cmake/ament_cmake_export_libraries-extras.cmake
[5.190s] -- Up-to-date symlink: /home/bubble/Develops/ROS2/pkg_dev_ws/install/moteus_msgs/share/moteus_msgs/cmake/ament_cmake_export_targets-extras.cmake
[5.190s] -- Up-to-date symlink: /home/bubble/Develops/ROS2/pkg_dev_ws/install/moteus_msgs/share/moteus_msgs/cmake/rosidl_cmake_export_typesupport_targets-extras.cmake
[5.191s] -- Up-to-date symlink: /home/bubble/Develops/ROS2/pkg_dev_ws/install/moteus_msgs/share/moteus_msgs/cmake/rosidl_cmake_export_typesupport_libraries-extras.cmake
[5.191s] -- Up-to-date symlink: /home/bubble/Develops/ROS2/pkg_dev_ws/install/moteus_msgs/share/moteus_msgs/cmake/moteus_msgsConfig.cmake
[5.191s] -- Up-to-date symlink: /home/bubble/Develops/ROS2/pkg_dev_ws/install/moteus_msgs/share/moteus_msgs/cmake/moteus_msgsConfig-version.cmake
[5.191s] -- Up-to-date symlink: /home/bubble/Develops/ROS2/pkg_dev_ws/install/moteus_msgs/share/moteus_msgs/package.xml
[5.192s] -- Installing: /home/bubble/Develops/ROS2/pkg_dev_ws/install/moteus_msgs/lib/libmoteus_msgs__rosidl_generator_c.so
[5.192s] -- Set runtime path of "/home/bubble/Develops/ROS2/pkg_dev_ws/install/moteus_msgs/lib/libmoteus_msgs__rosidl_generator_c.so" to ""
[5.193s] -- Installing: /home/bubble/Develops/ROS2/pkg_dev_ws/install/moteus_msgs/lib/libmoteus_msgs__rosidl_typesupport_fastrtps_c.so
[5.194s] -- Set runtime path of "/home/bubble/Develops/ROS2/pkg_dev_ws/install/moteus_msgs/lib/libmoteus_msgs__rosidl_typesupport_fastrtps_c.so" to ""
[5.194s] -- Installing: /home/bubble/Develops/ROS2/pkg_dev_ws/install/moteus_msgs/lib/libmoteus_msgs__rosidl_typesupport_fastrtps_cpp.so
[5.195s] -- Set runtime path of "/home/bubble/Develops/ROS2/pkg_dev_ws/install/moteus_msgs/lib/libmoteus_msgs__rosidl_typesupport_fastrtps_cpp.so" to ""
[5.196s] -- Installing: /home/bubble/Develops/ROS2/pkg_dev_ws/install/moteus_msgs/lib/libmoteus_msgs__rosidl_typesupport_introspection_c.so
[5.197s] -- Set runtime path of "/home/bubble/Develops/ROS2/pkg_dev_ws/install/moteus_msgs/lib/libmoteus_msgs__rosidl_typesupport_introspection_c.so" to ""
[5.197s] -- Installing: /home/bubble/Develops/ROS2/pkg_dev_ws/install/moteus_msgs/lib/libmoteus_msgs__rosidl_typesupport_c.so
[5.198s] -- Set runtime path of "/home/bubble/Develops/ROS2/pkg_dev_ws/install/moteus_msgs/lib/libmoteus_msgs__rosidl_typesupport_c.so" to ""
[5.199s] -- Installing: /home/bubble/Develops/ROS2/pkg_dev_ws/install/moteus_msgs/lib/libmoteus_msgs__rosidl_typesupport_introspection_cpp.so
[5.200s] -- Set runtime path of "/home/bubble/Develops/ROS2/pkg_dev_ws/install/moteus_msgs/lib/libmoteus_msgs__rosidl_typesupport_introspection_cpp.so" to ""
[5.200s] -- Installing: /home/bubble/Develops/ROS2/pkg_dev_ws/install/moteus_msgs/lib/libmoteus_msgs__rosidl_typesupport_cpp.so
[5.201s] -- Set runtime path of "/home/bubble/Develops/ROS2/pkg_dev_ws/install/moteus_msgs/lib/libmoteus_msgs__rosidl_typesupport_cpp.so" to ""
[5.255s] Listing '/home/bubble/Develops/ROS2/pkg_dev_ws/install/moteus_msgs/local/lib/python3.10/dist-packages/moteus_msgs'...
[5.255s] Compiling '/home/bubble/Develops/ROS2/pkg_dev_ws/install/moteus_msgs/local/lib/python3.10/dist-packages/moteus_msgs/__init__.py'...
[5.256s] Listing '/home/bubble/Develops/ROS2/pkg_dev_ws/install/moteus_msgs/local/lib/python3.10/dist-packages/moteus_msgs/msg'...
[5.256s] Compiling '/home/bubble/Develops/ROS2/pkg_dev_ws/install/moteus_msgs/local/lib/python3.10/dist-packages/moteus_msgs/msg/__init__.py'...
[5.257s] Compiling '/home/bubble/Develops/ROS2/pkg_dev_ws/install/moteus_msgs/local/lib/python3.10/dist-packages/moteus_msgs/msg/_moteus_state.py'...
[5.257s] Compiling '/home/bubble/Develops/ROS2/pkg_dev_ws/install/moteus_msgs/local/lib/python3.10/dist-packages/moteus_msgs/msg/_moteus_state_stamped.py'...
[5.261s] -- Installing: /home/bubble/Develops/ROS2/pkg_dev_ws/install/moteus_msgs/lib/libmoteus_msgs__rosidl_generator_py.so
[5.262s] -- Set runtime path of "/home/bubble/Develops/ROS2/pkg_dev_ws/install/moteus_msgs/lib/libmoteus_msgs__rosidl_generator_py.so" to ""
[5.262s] -- Up-to-date: /home/bubble/Develops/ROS2/pkg_dev_ws/install/moteus_msgs/share/moteus_msgs/cmake/export_moteus_msgs__rosidl_generator_cExport.cmake
[5.263s] -- Up-to-date: /home/bubble/Develops/ROS2/pkg_dev_ws/install/moteus_msgs/share/moteus_msgs/cmake/export_moteus_msgs__rosidl_generator_cExport-noconfig.cmake
[5.263s] -- Up-to-date: /home/bubble/Develops/ROS2/pkg_dev_ws/install/moteus_msgs/share/moteus_msgs/cmake/export_moteus_msgs__rosidl_typesupport_fastrtps_cExport.cmake
[5.264s] -- Up-to-date: /home/bubble/Develops/ROS2/pkg_dev_ws/install/moteus_msgs/share/moteus_msgs/cmake/export_moteus_msgs__rosidl_typesupport_fastrtps_cExport-noconfig.cmake
[5.264s] -- Up-to-date: /home/bubble/Develops/ROS2/pkg_dev_ws/install/moteus_msgs/share/moteus_msgs/cmake/export_moteus_msgs__rosidl_generator_cppExport.cmake
[5.265s] -- Up-to-date: /home/bubble/Develops/ROS2/pkg_dev_ws/install/moteus_msgs/share/moteus_msgs/cmake/export_moteus_msgs__rosidl_typesupport_fastrtps_cppExport.cmake
[5.265s] -- Up-to-date: /home/bubble/Develops/ROS2/pkg_dev_ws/install/moteus_msgs/share/moteus_msgs/cmake/export_moteus_msgs__rosidl_typesupport_fastrtps_cppExport-noconfig.cmake
[5.266s] -- Up-to-date: /home/bubble/Develops/ROS2/pkg_dev_ws/install/moteus_msgs/share/moteus_msgs/cmake/moteus_msgs__rosidl_typesupport_introspection_cExport.cmake
[5.266s] -- Up-to-date: /home/bubble/Develops/ROS2/pkg_dev_ws/install/moteus_msgs/share/moteus_msgs/cmake/moteus_msgs__rosidl_typesupport_introspection_cExport-noconfig.cmake
[5.268s] -- Up-to-date: /home/bubble/Develops/ROS2/pkg_dev_ws/install/moteus_msgs/share/moteus_msgs/cmake/moteus_msgs__rosidl_typesupport_cExport.cmake
[5.274s] -- Up-to-date: /home/bubble/Develops/ROS2/pkg_dev_ws/install/moteus_msgs/share/moteus_msgs/cmake/moteus_msgs__rosidl_typesupport_cExport-noconfig.cmake
[5.274s] -- Up-to-date: /home/bubble/Develops/ROS2/pkg_dev_ws/install/moteus_msgs/share/moteus_msgs/cmake/moteus_msgs__rosidl_typesupport_introspection_cppExport.cmake
[5.275s] -- Up-to-date: /home/bubble/Develops/ROS2/pkg_dev_ws/install/moteus_msgs/share/moteus_msgs/cmake/moteus_msgs__rosidl_typesupport_introspection_cppExport-noconfig.cmake
[5.275s] -- Up-to-date: /home/bubble/Develops/ROS2/pkg_dev_ws/install/moteus_msgs/share/moteus_msgs/cmake/moteus_msgs__rosidl_typesupport_cppExport.cmake
[5.276s] -- Up-to-date: /home/bubble/Develops/ROS2/pkg_dev_ws/install/moteus_msgs/share/moteus_msgs/cmake/moteus_msgs__rosidl_typesupport_cppExport-noconfig.cmake
[5.276s] -- Up-to-date: /home/bubble/Develops/ROS2/pkg_dev_ws/install/moteus_msgs/share/moteus_msgs/cmake/export_moteus_msgs__rosidl_generator_pyExport.cmake
[5.277s] -- Up-to-date: /home/bubble/Develops/ROS2/pkg_dev_ws/install/moteus_msgs/share/moteus_msgs/cmake/export_moteus_msgs__rosidl_generator_pyExport-noconfig.cmake
[5.277s] Invoked command in '/home/bubble/Develops/ROS2/pkg_dev_ws/build/moteus_msgs' returned '0': CMAKE_PREFIX_PATH=${CMAKE_PREFIX_PATH}:/home/bubble/Develops/ROS2/pkg_dev_ws/install/moteus_motor:/opt/ros/humble /usr/bin/cmake --install /home/bubble/Develops/ROS2/pkg_dev_ws/build/moteus_msgs
