[0.365s] DEBUG:colcon:Command line arguments: ['/usr/bin/colcon', 'build', '--symlink-install']
[0.365s] DEBUG:colcon:Parsed command line arguments: Namespace(log_base=None, log_level=None, verb_name='build', build_base='build', install_base='install', merge_install=False, symlink_install=True, test_result_base=None, continue_on_error=False, executor='parallel', parallel_workers=32, event_handlers=None, ignore_user_meta=False, metas=['./colcon.meta'], base_paths=['.'], packages_ignore=None, packages_ignore_regex=None, paths=None, packages_up_to=None, packages_up_to_regex=None, packages_above=None, packages_above_and_dependencies=None, packages_above_depth=None, packages_select_by_dep=None, packages_skip_by_dep=None, packages_skip_up_to=None, packages_select_build_failed=False, packages_skip_build_finished=False, packages_select_test_failures=False, packages_skip_test_passed=False, packages_select=None, packages_skip=None, packages_select_regex=None, packages_skip_regex=None, packages_start=None, packages_end=None, allow_overriding=[], cmake_args=None, cmake_target=None, cmake_target_skip_unavailable=False, cmake_clean_cache=False, cmake_clean_first=False, cmake_force_configure=False, ament_cmake_args=None, catkin_cmake_args=None, catkin_skip_building_tests=False, verb_parser=<colcon_defaults.argument_parser.defaults.DefaultArgumentsDecorator object at 0x7f767a762560>, verb_extension=<colcon_core.verb.build.BuildVerb object at 0x7f767b0e2d70>, main=<bound method BuildVerb.main of <colcon_core.verb.build.BuildVerb object at 0x7f767b0e2d70>>)
[0.393s] Level 1:colcon.colcon_core.package_discovery:discover_packages(colcon_meta) check parameters
[0.393s] Level 1:colcon.colcon_core.package_discovery:discover_packages(recursive) check parameters
[0.393s] Level 1:colcon.colcon_core.package_discovery:discover_packages(ignore) check parameters
[0.393s] Level 1:colcon.colcon_core.package_discovery:discover_packages(path) check parameters
[0.393s] Level 1:colcon.colcon_core.package_discovery:discover_packages(colcon_meta) discover
[0.393s] Level 1:colcon.colcon_core.package_discovery:discover_packages(recursive) discover
[0.393s] INFO:colcon.colcon_core.package_discovery:Crawling recursively for packages in '/home/bubble/Develops/ROS2/pkg_dev_ws'
[0.394s] Level 1:colcon.colcon_core.package_identification:_identify(.) by extensions ['ignore', 'ignore_ament_install']
[0.394s] Level 1:colcon.colcon_core.package_identification:_identify(.) by extension 'ignore'
[0.394s] Level 1:colcon.colcon_core.package_identification:_identify(.) by extension 'ignore_ament_install'
[0.394s] Level 1:colcon.colcon_core.package_identification:_identify(.) by extensions ['colcon_pkg']
[0.394s] Level 1:colcon.colcon_core.package_identification:_identify(.) by extension 'colcon_pkg'
[0.394s] Level 1:colcon.colcon_core.package_identification:_identify(.) by extensions ['colcon_meta']
[0.394s] Level 1:colcon.colcon_core.package_identification:_identify(.) by extension 'colcon_meta'
[0.394s] Level 1:colcon.colcon_core.package_identification:_identify(.) by extensions ['ros']
[0.394s] Level 1:colcon.colcon_core.package_identification:_identify(.) by extension 'ros'
[0.414s] Level 1:colcon.colcon_core.package_identification:_identify(.) by extensions ['cmake', 'python']
[0.414s] Level 1:colcon.colcon_core.package_identification:_identify(.) by extension 'cmake'
[0.414s] Level 1:colcon.colcon_core.package_identification:_identify(.) by extension 'python'
[0.414s] Level 1:colcon.colcon_core.package_identification:_identify(.) by extensions ['python_setup_py']
[0.414s] Level 1:colcon.colcon_core.package_identification:_identify(.) by extension 'python_setup_py'
[0.415s] Level 1:colcon.colcon_core.package_identification:_identify(build) by extensions ['ignore', 'ignore_ament_install']
[0.415s] Level 1:colcon.colcon_core.package_identification:_identify(build) by extension 'ignore'
[0.415s] Level 1:colcon.colcon_core.package_identification:_identify(build) ignored
[0.415s] Level 1:colcon.colcon_core.package_identification:_identify(install) by extensions ['ignore', 'ignore_ament_install']
[0.415s] Level 1:colcon.colcon_core.package_identification:_identify(install) by extension 'ignore'
[0.415s] Level 1:colcon.colcon_core.package_identification:_identify(install) ignored
[0.415s] Level 1:colcon.colcon_core.package_identification:_identify(log) by extensions ['ignore', 'ignore_ament_install']
[0.415s] Level 1:colcon.colcon_core.package_identification:_identify(log) by extension 'ignore'
[0.415s] Level 1:colcon.colcon_core.package_identification:_identify(log) ignored
[0.416s] Level 1:colcon.colcon_core.package_identification:_identify(src) by extensions ['ignore', 'ignore_ament_install']
[0.416s] Level 1:colcon.colcon_core.package_identification:_identify(src) by extension 'ignore'
[0.416s] Level 1:colcon.colcon_core.package_identification:_identify(src) by extension 'ignore_ament_install'
[0.416s] Level 1:colcon.colcon_core.package_identification:_identify(src) by extensions ['colcon_pkg']
[0.416s] Level 1:colcon.colcon_core.package_identification:_identify(src) by extension 'colcon_pkg'
[0.416s] Level 1:colcon.colcon_core.package_identification:_identify(src) by extensions ['colcon_meta']
[0.416s] Level 1:colcon.colcon_core.package_identification:_identify(src) by extension 'colcon_meta'
[0.416s] Level 1:colcon.colcon_core.package_identification:_identify(src) by extensions ['ros']
[0.416s] Level 1:colcon.colcon_core.package_identification:_identify(src) by extension 'ros'
[0.416s] Level 1:colcon.colcon_core.package_identification:_identify(src) by extensions ['cmake', 'python']
[0.416s] Level 1:colcon.colcon_core.package_identification:_identify(src) by extension 'cmake'
[0.416s] Level 1:colcon.colcon_core.package_identification:_identify(src) by extension 'python'
[0.417s] Level 1:colcon.colcon_core.package_identification:_identify(src) by extensions ['python_setup_py']
[0.417s] Level 1:colcon.colcon_core.package_identification:_identify(src) by extension 'python_setup_py'
[0.417s] Level 1:colcon.colcon_core.package_identification:_identify(src/moteus_motor) by extensions ['ignore', 'ignore_ament_install']
[0.417s] Level 1:colcon.colcon_core.package_identification:_identify(src/moteus_motor) by extension 'ignore'
[0.417s] Level 1:colcon.colcon_core.package_identification:_identify(src/moteus_motor) by extension 'ignore_ament_install'
[0.417s] Level 1:colcon.colcon_core.package_identification:_identify(src/moteus_motor) by extensions ['colcon_pkg']
[0.417s] Level 1:colcon.colcon_core.package_identification:_identify(src/moteus_motor) by extension 'colcon_pkg'
[0.417s] Level 1:colcon.colcon_core.package_identification:_identify(src/moteus_motor) by extensions ['colcon_meta']
[0.417s] Level 1:colcon.colcon_core.package_identification:_identify(src/moteus_motor) by extension 'colcon_meta'
[0.417s] Level 1:colcon.colcon_core.package_identification:_identify(src/moteus_motor) by extensions ['ros']
[0.417s] Level 1:colcon.colcon_core.package_identification:_identify(src/moteus_motor) by extension 'ros'
[0.420s] DEBUG:colcon.colcon_core.package_identification:Package 'src/moteus_motor' with type 'ros.ament_python' and name 'moteus_motor'
[0.420s] Level 1:colcon.colcon_core.package_identification:_identify(src/moteus_msgs) by extensions ['ignore', 'ignore_ament_install']
[0.420s] Level 1:colcon.colcon_core.package_identification:_identify(src/moteus_msgs) by extension 'ignore'
[0.420s] Level 1:colcon.colcon_core.package_identification:_identify(src/moteus_msgs) by extension 'ignore_ament_install'
[0.421s] Level 1:colcon.colcon_core.package_identification:_identify(src/moteus_msgs) by extensions ['colcon_pkg']
[0.421s] Level 1:colcon.colcon_core.package_identification:_identify(src/moteus_msgs) by extension 'colcon_pkg'
[0.421s] Level 1:colcon.colcon_core.package_identification:_identify(src/moteus_msgs) by extensions ['colcon_meta']
[0.421s] Level 1:colcon.colcon_core.package_identification:_identify(src/moteus_msgs) by extension 'colcon_meta'
[0.421s] Level 1:colcon.colcon_core.package_identification:_identify(src/moteus_msgs) by extensions ['ros']
[0.421s] Level 1:colcon.colcon_core.package_identification:_identify(src/moteus_msgs) by extension 'ros'
[0.421s] DEBUG:colcon.colcon_core.package_identification:Package 'src/moteus_msgs' with type 'ros.ament_cmake' and name 'moteus_msgs'
[0.422s] Level 1:colcon.colcon_core.package_discovery:discover_packages(recursive) using defaults
[0.422s] Level 1:colcon.colcon_core.package_discovery:discover_packages(ignore) discover
[0.422s] Level 1:colcon.colcon_core.package_discovery:discover_packages(ignore) using defaults
[0.422s] Level 1:colcon.colcon_core.package_discovery:discover_packages(path) discover
[0.422s] Level 1:colcon.colcon_core.package_discovery:discover_packages(path) using defaults
[0.449s] Level 1:colcon.colcon_core.package_discovery:discover_packages(prefix_path) check parameters
[0.449s] Level 1:colcon.colcon_core.package_discovery:discover_packages(prefix_path) discover
[0.453s] DEBUG:colcon.colcon_installed_package_information.package_discovery:Found 270 installed packages in /opt/ros/humble
[0.454s] Level 1:colcon.colcon_core.package_discovery:discover_packages(prefix_path) using defaults
[0.531s] Level 5:colcon.colcon_core.verb:set package 'moteus_motor' build argument 'cmake_args' from command line to 'None'
[0.531s] Level 5:colcon.colcon_core.verb:set package 'moteus_motor' build argument 'cmake_target' from command line to 'None'
[0.531s] Level 5:colcon.colcon_core.verb:set package 'moteus_motor' build argument 'cmake_target_skip_unavailable' from command line to 'False'
[0.531s] Level 5:colcon.colcon_core.verb:set package 'moteus_motor' build argument 'cmake_clean_cache' from command line to 'False'
[0.532s] Level 5:colcon.colcon_core.verb:set package 'moteus_motor' build argument 'cmake_clean_first' from command line to 'False'
[0.532s] Level 5:colcon.colcon_core.verb:set package 'moteus_motor' build argument 'cmake_force_configure' from command line to 'False'
[0.532s] Level 5:colcon.colcon_core.verb:set package 'moteus_motor' build argument 'ament_cmake_args' from command line to 'None'
[0.532s] Level 5:colcon.colcon_core.verb:set package 'moteus_motor' build argument 'catkin_cmake_args' from command line to 'None'
[0.532s] Level 5:colcon.colcon_core.verb:set package 'moteus_motor' build argument 'catkin_skip_building_tests' from command line to 'False'
[0.532s] DEBUG:colcon.colcon_core.verb:Building package 'moteus_motor' with the following arguments: {'ament_cmake_args': None, 'build_base': '/home/bubble/Develops/ROS2/pkg_dev_ws/build/moteus_motor', 'catkin_cmake_args': None, 'catkin_skip_building_tests': False, 'cmake_args': None, 'cmake_clean_cache': False, 'cmake_clean_first': False, 'cmake_force_configure': False, 'cmake_target': None, 'cmake_target_skip_unavailable': False, 'install_base': '/home/bubble/Develops/ROS2/pkg_dev_ws/install/moteus_motor', 'merge_install': False, 'path': '/home/bubble/Develops/ROS2/pkg_dev_ws/src/moteus_motor', 'symlink_install': True, 'test_result_base': None}
[0.533s] Level 5:colcon.colcon_core.verb:set package 'moteus_msgs' build argument 'cmake_args' from command line to 'None'
[0.533s] Level 5:colcon.colcon_core.verb:set package 'moteus_msgs' build argument 'cmake_target' from command line to 'None'
[0.533s] Level 5:colcon.colcon_core.verb:set package 'moteus_msgs' build argument 'cmake_target_skip_unavailable' from command line to 'False'
[0.533s] Level 5:colcon.colcon_core.verb:set package 'moteus_msgs' build argument 'cmake_clean_cache' from command line to 'False'
[0.533s] Level 5:colcon.colcon_core.verb:set package 'moteus_msgs' build argument 'cmake_clean_first' from command line to 'False'
[0.533s] Level 5:colcon.colcon_core.verb:set package 'moteus_msgs' build argument 'cmake_force_configure' from command line to 'False'
[0.533s] Level 5:colcon.colcon_core.verb:set package 'moteus_msgs' build argument 'ament_cmake_args' from command line to 'None'
[0.533s] Level 5:colcon.colcon_core.verb:set package 'moteus_msgs' build argument 'catkin_cmake_args' from command line to 'None'
[0.533s] Level 5:colcon.colcon_core.verb:set package 'moteus_msgs' build argument 'catkin_skip_building_tests' from command line to 'False'
[0.533s] DEBUG:colcon.colcon_core.verb:Building package 'moteus_msgs' with the following arguments: {'ament_cmake_args': None, 'build_base': '/home/bubble/Develops/ROS2/pkg_dev_ws/build/moteus_msgs', 'catkin_cmake_args': None, 'catkin_skip_building_tests': False, 'cmake_args': None, 'cmake_clean_cache': False, 'cmake_clean_first': False, 'cmake_force_configure': False, 'cmake_target': None, 'cmake_target_skip_unavailable': False, 'install_base': '/home/bubble/Develops/ROS2/pkg_dev_ws/install/moteus_msgs', 'merge_install': False, 'path': '/home/bubble/Develops/ROS2/pkg_dev_ws/src/moteus_msgs', 'symlink_install': True, 'test_result_base': None}
[0.534s] INFO:colcon.colcon_core.executor:Executing jobs using 'parallel' executor
[0.538s] DEBUG:colcon.colcon_parallel_executor.executor.parallel:run_until_complete
[0.539s] INFO:colcon.colcon_ros.task.ament_python.build:Building ROS package in '/home/bubble/Develops/ROS2/pkg_dev_ws/src/moteus_motor' with build type 'ament_python'
[0.539s] Level 1:colcon.colcon_core.shell:create_environment_hook('moteus_motor', 'ament_prefix_path')
[0.544s] INFO:colcon.colcon_core.plugin_system:Skipping extension 'colcon_core.shell.bat': Not used on non-Windows systems
[0.544s] INFO:colcon.colcon_core.shell:Creating environment hook '/home/bubble/Develops/ROS2/pkg_dev_ws/install/moteus_motor/share/moteus_motor/hook/ament_prefix_path.ps1'
[0.545s] INFO:colcon.colcon_core.shell:Creating environment descriptor '/home/bubble/Develops/ROS2/pkg_dev_ws/install/moteus_motor/share/moteus_motor/hook/ament_prefix_path.dsv'
[0.545s] INFO:colcon.colcon_core.shell:Creating environment hook '/home/bubble/Develops/ROS2/pkg_dev_ws/install/moteus_motor/share/moteus_motor/hook/ament_prefix_path.sh'
[0.547s] INFO:colcon.colcon_core.shell:Skip shell extension 'powershell' for command environment: Not usable outside of PowerShell
[0.547s] DEBUG:colcon.colcon_core.shell:Skip shell extension 'dsv' for command environment
[0.552s] INFO:colcon.colcon_ros.task.ament_cmake.build:Building ROS package in '/home/bubble/Develops/ROS2/pkg_dev_ws/src/moteus_msgs' with build type 'ament_cmake'
[0.552s] INFO:colcon.colcon_cmake.task.cmake.build:Building CMake package in '/home/bubble/Develops/ROS2/pkg_dev_ws/src/moteus_msgs'
[0.553s] INFO:colcon.colcon_core.shell:Skip shell extension 'powershell' for command environment: Not usable outside of PowerShell
[0.553s] DEBUG:colcon.colcon_core.shell:Skip shell extension 'dsv' for command environment
[0.884s] INFO:colcon.colcon_core.task.python.build:Building Python package in '/home/bubble/Develops/ROS2/pkg_dev_ws/src/moteus_motor'
[0.886s] INFO:colcon.colcon_core.shell:Skip shell extension 'powershell' for command environment: Not usable outside of PowerShell
[0.886s] DEBUG:colcon.colcon_core.shell:Skip shell extension 'dsv' for command environment
[0.900s] DEBUG:colcon.colcon_core.event_handler.log_command:Invoking command in '/home/bubble/Develops/ROS2/pkg_dev_ws/build/moteus_msgs': CMAKE_PREFIX_PATH=/opt/ros/humble /usr/bin/cmake --build /home/bubble/Develops/ROS2/pkg_dev_ws/build/moteus_msgs -- -j32 -l32
[1.326s] DEBUG:colcon.colcon_core.event_handler.log_command:Invoked command in '/home/bubble/Develops/ROS2/pkg_dev_ws/build/moteus_msgs' returned '0': CMAKE_PREFIX_PATH=/opt/ros/humble /usr/bin/cmake --build /home/bubble/Develops/ROS2/pkg_dev_ws/build/moteus_msgs -- -j32 -l32
[1.341s] DEBUG:colcon.colcon_core.event_handler.log_command:Invoking command in '/home/bubble/Develops/ROS2/pkg_dev_ws/build/moteus_motor': PYTHONPATH=/home/bubble/Develops/ROS2/pkg_dev_ws/install/moteus_motor/lib/python3.10/site-packages:${PYTHONPATH} /usr/bin/python3 setup.py develop --prefix /home/bubble/Develops/ROS2/pkg_dev_ws/install/moteus_motor --editable --build-directory /home/bubble/Develops/ROS2/pkg_dev_ws/build/moteus_motor/build --no-deps install_data --install-dir /home/bubble/Develops/ROS2/pkg_dev_ws/install/moteus_motor
[1.429s] DEBUG:colcon.colcon_core.event_handler.log_command:Invoking command in '/home/bubble/Develops/ROS2/pkg_dev_ws/build/moteus_msgs': CMAKE_PREFIX_PATH=/opt/ros/humble /usr/bin/cmake --install /home/bubble/Develops/ROS2/pkg_dev_ws/build/moteus_msgs
[1.518s] Level 1:colcon.colcon_core.environment:create_environment_scripts_only(moteus_msgs)
[1.524s] DEBUG:colcon.colcon_core.event_handler.log_command:Invoked command in '/home/bubble/Develops/ROS2/pkg_dev_ws/build/moteus_msgs' returned '0': CMAKE_PREFIX_PATH=/opt/ros/humble /usr/bin/cmake --install /home/bubble/Develops/ROS2/pkg_dev_ws/build/moteus_msgs
[1.527s] Level 1:colcon.colcon_core.environment:checking '/home/bubble/Develops/ROS2/pkg_dev_ws/install/moteus_msgs' for CMake module files
[1.528s] Level 1:colcon.colcon_core.environment:checking '/home/bubble/Develops/ROS2/pkg_dev_ws/install/moteus_msgs' for CMake config files
[1.529s] Level 1:colcon.colcon_core.shell:create_environment_hook('moteus_msgs', 'cmake_prefix_path')
[1.530s] INFO:colcon.colcon_core.shell:Creating environment hook '/home/bubble/Develops/ROS2/pkg_dev_ws/install/moteus_msgs/share/moteus_msgs/hook/cmake_prefix_path.ps1'
[1.531s] INFO:colcon.colcon_core.shell:Creating environment descriptor '/home/bubble/Develops/ROS2/pkg_dev_ws/install/moteus_msgs/share/moteus_msgs/hook/cmake_prefix_path.dsv'
[1.531s] INFO:colcon.colcon_core.shell:Creating environment hook '/home/bubble/Develops/ROS2/pkg_dev_ws/install/moteus_msgs/share/moteus_msgs/hook/cmake_prefix_path.sh'
[1.532s] Level 1:colcon.colcon_core.environment:checking '/home/bubble/Develops/ROS2/pkg_dev_ws/install/moteus_msgs/lib'
[1.532s] Level 1:colcon.colcon_core.shell:create_environment_hook('moteus_msgs', 'ld_library_path_lib')
[1.534s] INFO:colcon.colcon_core.shell:Creating environment hook '/home/bubble/Develops/ROS2/pkg_dev_ws/install/moteus_msgs/share/moteus_msgs/hook/ld_library_path_lib.ps1'
[1.534s] INFO:colcon.colcon_core.shell:Creating environment descriptor '/home/bubble/Develops/ROS2/pkg_dev_ws/install/moteus_msgs/share/moteus_msgs/hook/ld_library_path_lib.dsv'
[1.535s] INFO:colcon.colcon_core.shell:Creating environment hook '/home/bubble/Develops/ROS2/pkg_dev_ws/install/moteus_msgs/share/moteus_msgs/hook/ld_library_path_lib.sh'
[1.535s] Level 1:colcon.colcon_core.environment:checking '/home/bubble/Develops/ROS2/pkg_dev_ws/install/moteus_msgs/bin'
[1.535s] Level 1:colcon.colcon_core.environment:checking '/home/bubble/Develops/ROS2/pkg_dev_ws/install/moteus_msgs/lib/pkgconfig/moteus_msgs.pc'
[1.536s] Level 1:colcon.colcon_core.environment:checking '/home/bubble/Develops/ROS2/pkg_dev_ws/install/moteus_msgs/lib/python3.10/site-packages'
[1.536s] Level 1:colcon.colcon_core.environment:checking '/home/bubble/Develops/ROS2/pkg_dev_ws/install/moteus_msgs/bin'
[1.538s] INFO:colcon.colcon_core.shell:Creating package script '/home/bubble/Develops/ROS2/pkg_dev_ws/install/moteus_msgs/share/moteus_msgs/package.ps1'
[1.538s] INFO:colcon.colcon_core.shell:Creating package descriptor '/home/bubble/Develops/ROS2/pkg_dev_ws/install/moteus_msgs/share/moteus_msgs/package.dsv'
[1.539s] INFO:colcon.colcon_core.shell:Creating package script '/home/bubble/Develops/ROS2/pkg_dev_ws/install/moteus_msgs/share/moteus_msgs/package.sh'
[1.540s] INFO:colcon.colcon_core.shell:Creating package script '/home/bubble/Develops/ROS2/pkg_dev_ws/install/moteus_msgs/share/moteus_msgs/package.bash'
[1.541s] INFO:colcon.colcon_core.shell:Creating package script '/home/bubble/Develops/ROS2/pkg_dev_ws/install/moteus_msgs/share/moteus_msgs/package.zsh'
[1.542s] Level 1:colcon.colcon_core.environment:create_file_with_runtime_dependencies(/home/bubble/Develops/ROS2/pkg_dev_ws/install/moteus_msgs/share/colcon-core/packages/moteus_msgs)
[1.632s] Level 1:colcon.colcon_core.environment:create_environment_scripts_only(moteus_msgs)
[1.637s] Level 1:colcon.colcon_core.environment:checking '/home/bubble/Develops/ROS2/pkg_dev_ws/install/moteus_msgs' for CMake module files
[1.639s] Level 1:colcon.colcon_core.environment:checking '/home/bubble/Develops/ROS2/pkg_dev_ws/install/moteus_msgs' for CMake config files
[1.642s] Level 1:colcon.colcon_core.shell:create_environment_hook('moteus_msgs', 'cmake_prefix_path')
[1.645s] INFO:colcon.colcon_core.shell:Creating environment hook '/home/bubble/Develops/ROS2/pkg_dev_ws/install/moteus_msgs/share/moteus_msgs/hook/cmake_prefix_path.ps1'
[1.647s] INFO:colcon.colcon_core.shell:Creating environment descriptor '/home/bubble/Develops/ROS2/pkg_dev_ws/install/moteus_msgs/share/moteus_msgs/hook/cmake_prefix_path.dsv'
[1.648s] INFO:colcon.colcon_core.shell:Creating environment hook '/home/bubble/Develops/ROS2/pkg_dev_ws/install/moteus_msgs/share/moteus_msgs/hook/cmake_prefix_path.sh'
[1.649s] Level 1:colcon.colcon_core.environment:checking '/home/bubble/Develops/ROS2/pkg_dev_ws/install/moteus_msgs/lib'
[1.649s] Level 1:colcon.colcon_core.shell:create_environment_hook('moteus_msgs', 'ld_library_path_lib')
[1.653s] INFO:colcon.colcon_core.shell:Creating environment hook '/home/bubble/Develops/ROS2/pkg_dev_ws/install/moteus_msgs/share/moteus_msgs/hook/ld_library_path_lib.ps1'
[1.654s] INFO:colcon.colcon_core.shell:Creating environment descriptor '/home/bubble/Develops/ROS2/pkg_dev_ws/install/moteus_msgs/share/moteus_msgs/hook/ld_library_path_lib.dsv'
[1.655s] INFO:colcon.colcon_core.shell:Creating environment hook '/home/bubble/Develops/ROS2/pkg_dev_ws/install/moteus_msgs/share/moteus_msgs/hook/ld_library_path_lib.sh'
[1.656s] Level 1:colcon.colcon_core.environment:checking '/home/bubble/Develops/ROS2/pkg_dev_ws/install/moteus_msgs/bin'
[1.656s] Level 1:colcon.colcon_core.environment:checking '/home/bubble/Develops/ROS2/pkg_dev_ws/install/moteus_msgs/lib/pkgconfig/moteus_msgs.pc'
[1.657s] Level 1:colcon.colcon_core.environment:checking '/home/bubble/Develops/ROS2/pkg_dev_ws/install/moteus_msgs/lib/python3.10/site-packages'
[1.658s] Level 1:colcon.colcon_core.environment:checking '/home/bubble/Develops/ROS2/pkg_dev_ws/install/moteus_msgs/bin'
[1.661s] INFO:colcon.colcon_core.shell:Creating package script '/home/bubble/Develops/ROS2/pkg_dev_ws/install/moteus_msgs/share/moteus_msgs/package.ps1'
[1.663s] INFO:colcon.colcon_core.shell:Creating package descriptor '/home/bubble/Develops/ROS2/pkg_dev_ws/install/moteus_msgs/share/moteus_msgs/package.dsv'
[1.666s] INFO:colcon.colcon_core.shell:Creating package script '/home/bubble/Develops/ROS2/pkg_dev_ws/install/moteus_msgs/share/moteus_msgs/package.sh'
[1.667s] INFO:colcon.colcon_core.shell:Creating package script '/home/bubble/Develops/ROS2/pkg_dev_ws/install/moteus_msgs/share/moteus_msgs/package.bash'
[1.668s] INFO:colcon.colcon_core.shell:Creating package script '/home/bubble/Develops/ROS2/pkg_dev_ws/install/moteus_msgs/share/moteus_msgs/package.zsh'
[1.669s] Level 1:colcon.colcon_core.environment:create_file_with_runtime_dependencies(/home/bubble/Develops/ROS2/pkg_dev_ws/install/moteus_msgs/share/colcon-core/packages/moteus_msgs)
[1.897s] Level 1:colcon.colcon_core.shell:create_environment_hook('moteus_motor', 'pythonpath_develop')
[1.901s] INFO:colcon.colcon_core.shell:Creating environment hook '/home/bubble/Develops/ROS2/pkg_dev_ws/build/moteus_motor/share/moteus_motor/hook/pythonpath_develop.ps1'
[1.902s] DEBUG:colcon.colcon_core.event_handler.log_command:Invoked command in '/home/bubble/Develops/ROS2/pkg_dev_ws/build/moteus_motor' returned '0': PYTHONPATH=/home/bubble/Develops/ROS2/pkg_dev_ws/install/moteus_motor/lib/python3.10/site-packages:${PYTHONPATH} /usr/bin/python3 setup.py develop --prefix /home/bubble/Develops/ROS2/pkg_dev_ws/install/moteus_motor --editable --build-directory /home/bubble/Develops/ROS2/pkg_dev_ws/build/moteus_motor/build --no-deps install_data --install-dir /home/bubble/Develops/ROS2/pkg_dev_ws/install/moteus_motor
[1.903s] INFO:colcon.colcon_core.shell:Creating environment descriptor '/home/bubble/Develops/ROS2/pkg_dev_ws/build/moteus_motor/share/moteus_motor/hook/pythonpath_develop.dsv'
[1.904s] INFO:colcon.colcon_core.shell:Creating environment hook '/home/bubble/Develops/ROS2/pkg_dev_ws/build/moteus_motor/share/moteus_motor/hook/pythonpath_develop.sh'
[1.910s] Level 1:colcon.colcon_core.environment:checking '/home/bubble/Develops/ROS2/pkg_dev_ws/install/moteus_motor' for CMake module files
[1.911s] Level 1:colcon.colcon_core.environment:checking '/home/bubble/Develops/ROS2/pkg_dev_ws/install/moteus_motor' for CMake config files
[1.913s] Level 1:colcon.colcon_core.environment:checking '/home/bubble/Develops/ROS2/pkg_dev_ws/install/moteus_motor/lib'
[1.913s] Level 1:colcon.colcon_core.environment:checking '/home/bubble/Develops/ROS2/pkg_dev_ws/install/moteus_motor/bin'
[1.914s] Level 1:colcon.colcon_core.environment:checking '/home/bubble/Develops/ROS2/pkg_dev_ws/install/moteus_motor/lib/pkgconfig/moteus_motor.pc'
[1.914s] Level 1:colcon.colcon_core.environment:checking '/home/bubble/Develops/ROS2/pkg_dev_ws/install/moteus_motor/lib/python3.10/site-packages'
[1.915s] Level 1:colcon.colcon_core.shell:create_environment_hook('moteus_motor', 'pythonpath')
[1.918s] INFO:colcon.colcon_core.shell:Creating environment hook '/home/bubble/Develops/ROS2/pkg_dev_ws/install/moteus_motor/share/moteus_motor/hook/pythonpath.ps1'
[1.919s] INFO:colcon.colcon_core.shell:Creating environment descriptor '/home/bubble/Develops/ROS2/pkg_dev_ws/install/moteus_motor/share/moteus_motor/hook/pythonpath.dsv'
[1.919s] INFO:colcon.colcon_core.shell:Creating environment hook '/home/bubble/Develops/ROS2/pkg_dev_ws/install/moteus_motor/share/moteus_motor/hook/pythonpath.sh'
[1.921s] Level 1:colcon.colcon_core.environment:checking '/home/bubble/Develops/ROS2/pkg_dev_ws/install/moteus_motor/bin'
[1.921s] Level 1:colcon.colcon_core.environment:create_environment_scripts_only(moteus_motor)
[1.925s] INFO:colcon.colcon_core.shell:Creating package script '/home/bubble/Develops/ROS2/pkg_dev_ws/install/moteus_motor/share/moteus_motor/package.ps1'
[1.926s] INFO:colcon.colcon_core.shell:Creating package descriptor '/home/bubble/Develops/ROS2/pkg_dev_ws/install/moteus_motor/share/moteus_motor/package.dsv'
[1.927s] INFO:colcon.colcon_core.shell:Creating package script '/home/bubble/Develops/ROS2/pkg_dev_ws/install/moteus_motor/share/moteus_motor/package.sh'
[1.929s] INFO:colcon.colcon_core.shell:Creating package script '/home/bubble/Develops/ROS2/pkg_dev_ws/install/moteus_motor/share/moteus_motor/package.bash'
[1.930s] INFO:colcon.colcon_core.shell:Creating package script '/home/bubble/Develops/ROS2/pkg_dev_ws/install/moteus_motor/share/moteus_motor/package.zsh'
[1.930s] Level 1:colcon.colcon_core.environment:create_file_with_runtime_dependencies(/home/bubble/Develops/ROS2/pkg_dev_ws/install/moteus_motor/share/colcon-core/packages/moteus_motor)
[1.931s] DEBUG:colcon.colcon_parallel_executor.executor.parallel:closing loop
[1.932s] DEBUG:colcon.colcon_parallel_executor.executor.parallel:loop closed
[1.932s] DEBUG:colcon.colcon_parallel_executor.executor.parallel:run_until_complete finished with '0'
[1.933s] DEBUG:colcon.colcon_core.event_reactor:joining thread
[1.949s] INFO:colcon.colcon_core.plugin_system:Skipping extension 'colcon_notification.desktop_notification.terminal_notifier': Not used on non-Darwin systems
[1.950s] INFO:colcon.colcon_core.plugin_system:Skipping extension 'colcon_notification.desktop_notification.win32': Not used on non-Windows systems
[1.950s] INFO:colcon.colcon_notification.desktop_notification:Sending desktop notification using 'notify2'
[1.966s] DEBUG:colcon.colcon_core.event_reactor:joined thread
[1.970s] INFO:colcon.colcon_core.shell:Creating prefix script '/home/bubble/Develops/ROS2/pkg_dev_ws/install/local_setup.ps1'
[1.972s] INFO:colcon.colcon_core.shell:Creating prefix util module '/home/bubble/Develops/ROS2/pkg_dev_ws/install/_local_setup_util_ps1.py'
[1.974s] INFO:colcon.colcon_core.shell:Creating prefix chain script '/home/bubble/Develops/ROS2/pkg_dev_ws/install/setup.ps1'
[1.976s] INFO:colcon.colcon_core.shell:Creating prefix script '/home/bubble/Develops/ROS2/pkg_dev_ws/install/local_setup.sh'
[1.977s] INFO:colcon.colcon_core.shell:Creating prefix util module '/home/bubble/Develops/ROS2/pkg_dev_ws/install/_local_setup_util_sh.py'
[1.977s] INFO:colcon.colcon_core.shell:Creating prefix chain script '/home/bubble/Develops/ROS2/pkg_dev_ws/install/setup.sh'
[1.979s] INFO:colcon.colcon_core.shell:Creating prefix script '/home/bubble/Develops/ROS2/pkg_dev_ws/install/local_setup.bash'
[1.980s] INFO:colcon.colcon_core.shell:Creating prefix chain script '/home/bubble/Develops/ROS2/pkg_dev_ws/install/setup.bash'
[1.981s] INFO:colcon.colcon_core.shell:Creating prefix script '/home/bubble/Develops/ROS2/pkg_dev_ws/install/local_setup.zsh'
[1.982s] INFO:colcon.colcon_core.shell:Creating prefix chain script '/home/bubble/Develops/ROS2/pkg_dev_ws/install/setup.zsh'
