[0.369s] DEBUG:colcon:Command line arguments: ['/usr/bin/colcon', 'build', '--symlink-install']
[0.369s] DEBUG:colcon:Parsed command line arguments: Namespace(log_base=None, log_level=None, verb_name='build', build_base='build', install_base='install', merge_install=False, symlink_install=True, test_result_base=None, continue_on_error=False, executor='parallel', parallel_workers=32, event_handlers=None, ignore_user_meta=False, metas=['./colcon.meta'], base_paths=['.'], packages_ignore=None, packages_ignore_regex=None, paths=None, packages_up_to=None, packages_up_to_regex=None, packages_above=None, packages_above_and_dependencies=None, packages_above_depth=None, packages_select_by_dep=None, packages_skip_by_dep=None, packages_skip_up_to=None, packages_select_build_failed=False, packages_skip_build_finished=False, packages_select_test_failures=False, packages_skip_test_passed=False, packages_select=None, packages_skip=None, packages_select_regex=None, packages_skip_regex=None, packages_start=None, packages_end=None, allow_overriding=[], cmake_args=None, cmake_target=None, cmake_target_skip_unavailable=False, cmake_clean_cache=False, cmake_clean_first=False, cmake_force_configure=False, ament_cmake_args=None, catkin_cmake_args=None, catkin_skip_building_tests=False, verb_parser=<colcon_defaults.argument_parser.defaults.DefaultArgumentsDecorator object at 0x7fe63a502770>, verb_extension=<colcon_core.verb.build.BuildVerb object at 0x7fe63ae89810>, main=<bound method BuildVerb.main of <colcon_core.verb.build.BuildVerb object at 0x7fe63ae89810>>)
[0.398s] Level 1:colcon.colcon_core.package_discovery:discover_packages(colcon_meta) check parameters
[0.398s] Level 1:colcon.colcon_core.package_discovery:discover_packages(recursive) check parameters
[0.398s] Level 1:colcon.colcon_core.package_discovery:discover_packages(ignore) check parameters
[0.398s] Level 1:colcon.colcon_core.package_discovery:discover_packages(path) check parameters
[0.398s] Level 1:colcon.colcon_core.package_discovery:discover_packages(colcon_meta) discover
[0.398s] Level 1:colcon.colcon_core.package_discovery:discover_packages(recursive) discover
[0.398s] INFO:colcon.colcon_core.package_discovery:Crawling recursively for packages in '/home/bubble/Develops/ROS2/pkg_dev_ws'
[0.399s] Level 1:colcon.colcon_core.package_identification:_identify(.) by extensions ['ignore', 'ignore_ament_install']
[0.399s] Level 1:colcon.colcon_core.package_identification:_identify(.) by extension 'ignore'
[0.399s] Level 1:colcon.colcon_core.package_identification:_identify(.) by extension 'ignore_ament_install'
[0.399s] Level 1:colcon.colcon_core.package_identification:_identify(.) by extensions ['colcon_pkg']
[0.399s] Level 1:colcon.colcon_core.package_identification:_identify(.) by extension 'colcon_pkg'
[0.399s] Level 1:colcon.colcon_core.package_identification:_identify(.) by extensions ['colcon_meta']
[0.399s] Level 1:colcon.colcon_core.package_identification:_identify(.) by extension 'colcon_meta'
[0.399s] Level 1:colcon.colcon_core.package_identification:_identify(.) by extensions ['ros']
[0.399s] Level 1:colcon.colcon_core.package_identification:_identify(.) by extension 'ros'
[0.419s] Level 1:colcon.colcon_core.package_identification:_identify(.) by extensions ['cmake', 'python']
[0.420s] Level 1:colcon.colcon_core.package_identification:_identify(.) by extension 'cmake'
[0.420s] Level 1:colcon.colcon_core.package_identification:_identify(.) by extension 'python'
[0.420s] Level 1:colcon.colcon_core.package_identification:_identify(.) by extensions ['python_setup_py']
[0.420s] Level 1:colcon.colcon_core.package_identification:_identify(.) by extension 'python_setup_py'
[0.420s] Level 1:colcon.colcon_core.package_identification:_identify(build) by extensions ['ignore', 'ignore_ament_install']
[0.420s] Level 1:colcon.colcon_core.package_identification:_identify(build) by extension 'ignore'
[0.420s] Level 1:colcon.colcon_core.package_identification:_identify(build) ignored
[0.420s] Level 1:colcon.colcon_core.package_identification:_identify(install) by extensions ['ignore', 'ignore_ament_install']
[0.420s] Level 1:colcon.colcon_core.package_identification:_identify(install) by extension 'ignore'
[0.420s] Level 1:colcon.colcon_core.package_identification:_identify(install) ignored
[0.421s] Level 1:colcon.colcon_core.package_identification:_identify(log) by extensions ['ignore', 'ignore_ament_install']
[0.421s] Level 1:colcon.colcon_core.package_identification:_identify(log) by extension 'ignore'
[0.421s] Level 1:colcon.colcon_core.package_identification:_identify(log) ignored
[0.421s] Level 1:colcon.colcon_core.package_identification:_identify(src) by extensions ['ignore', 'ignore_ament_install']
[0.421s] Level 1:colcon.colcon_core.package_identification:_identify(src) by extension 'ignore'
[0.421s] Level 1:colcon.colcon_core.package_identification:_identify(src) by extension 'ignore_ament_install'
[0.421s] Level 1:colcon.colcon_core.package_identification:_identify(src) by extensions ['colcon_pkg']
[0.421s] Level 1:colcon.colcon_core.package_identification:_identify(src) by extension 'colcon_pkg'
[0.421s] Level 1:colcon.colcon_core.package_identification:_identify(src) by extensions ['colcon_meta']
[0.421s] Level 1:colcon.colcon_core.package_identification:_identify(src) by extension 'colcon_meta'
[0.421s] Level 1:colcon.colcon_core.package_identification:_identify(src) by extensions ['ros']
[0.421s] Level 1:colcon.colcon_core.package_identification:_identify(src) by extension 'ros'
[0.422s] Level 1:colcon.colcon_core.package_identification:_identify(src) by extensions ['cmake', 'python']
[0.422s] Level 1:colcon.colcon_core.package_identification:_identify(src) by extension 'cmake'
[0.422s] Level 1:colcon.colcon_core.package_identification:_identify(src) by extension 'python'
[0.422s] Level 1:colcon.colcon_core.package_identification:_identify(src) by extensions ['python_setup_py']
[0.422s] Level 1:colcon.colcon_core.package_identification:_identify(src) by extension 'python_setup_py'
[0.422s] Level 1:colcon.colcon_core.package_identification:_identify(src/moteus_motor) by extensions ['ignore', 'ignore_ament_install']
[0.422s] Level 1:colcon.colcon_core.package_identification:_identify(src/moteus_motor) by extension 'ignore'
[0.422s] Level 1:colcon.colcon_core.package_identification:_identify(src/moteus_motor) by extension 'ignore_ament_install'
[0.422s] Level 1:colcon.colcon_core.package_identification:_identify(src/moteus_motor) by extensions ['colcon_pkg']
[0.422s] Level 1:colcon.colcon_core.package_identification:_identify(src/moteus_motor) by extension 'colcon_pkg'
[0.422s] Level 1:colcon.colcon_core.package_identification:_identify(src/moteus_motor) by extensions ['colcon_meta']
[0.422s] Level 1:colcon.colcon_core.package_identification:_identify(src/moteus_motor) by extension 'colcon_meta'
[0.423s] Level 1:colcon.colcon_core.package_identification:_identify(src/moteus_motor) by extensions ['ros']
[0.423s] Level 1:colcon.colcon_core.package_identification:_identify(src/moteus_motor) by extension 'ros'
[0.425s] DEBUG:colcon.colcon_core.package_identification:Package 'src/moteus_motor' with type 'ros.ament_python' and name 'moteus_motor'
[0.426s] Level 1:colcon.colcon_core.package_identification:_identify(src/moteus_msgs) by extensions ['ignore', 'ignore_ament_install']
[0.426s] Level 1:colcon.colcon_core.package_identification:_identify(src/moteus_msgs) by extension 'ignore'
[0.426s] Level 1:colcon.colcon_core.package_identification:_identify(src/moteus_msgs) by extension 'ignore_ament_install'
[0.426s] Level 1:colcon.colcon_core.package_identification:_identify(src/moteus_msgs) by extensions ['colcon_pkg']
[0.426s] Level 1:colcon.colcon_core.package_identification:_identify(src/moteus_msgs) by extension 'colcon_pkg'
[0.426s] Level 1:colcon.colcon_core.package_identification:_identify(src/moteus_msgs) by extensions ['colcon_meta']
[0.426s] Level 1:colcon.colcon_core.package_identification:_identify(src/moteus_msgs) by extension 'colcon_meta'
[0.426s] Level 1:colcon.colcon_core.package_identification:_identify(src/moteus_msgs) by extensions ['ros']
[0.426s] Level 1:colcon.colcon_core.package_identification:_identify(src/moteus_msgs) by extension 'ros'
[0.427s] DEBUG:colcon.colcon_core.package_identification:Package 'src/moteus_msgs' with type 'ros.ament_cmake' and name 'moteus_msgs'
[0.427s] Level 1:colcon.colcon_core.package_discovery:discover_packages(recursive) using defaults
[0.427s] Level 1:colcon.colcon_core.package_discovery:discover_packages(ignore) discover
[0.427s] Level 1:colcon.colcon_core.package_discovery:discover_packages(ignore) using defaults
[0.427s] Level 1:colcon.colcon_core.package_discovery:discover_packages(path) discover
[0.427s] Level 1:colcon.colcon_core.package_discovery:discover_packages(path) using defaults
[0.454s] Level 1:colcon.colcon_core.package_discovery:discover_packages(prefix_path) check parameters
[0.454s] Level 1:colcon.colcon_core.package_discovery:discover_packages(prefix_path) discover
[0.458s] DEBUG:colcon.colcon_installed_package_information.package_discovery:Found 270 installed packages in /opt/ros/humble
[0.460s] Level 1:colcon.colcon_core.package_discovery:discover_packages(prefix_path) using defaults
[0.536s] Level 5:colcon.colcon_core.verb:set package 'moteus_motor' build argument 'cmake_args' from command line to 'None'
[0.536s] Level 5:colcon.colcon_core.verb:set package 'moteus_motor' build argument 'cmake_target' from command line to 'None'
[0.536s] Level 5:colcon.colcon_core.verb:set package 'moteus_motor' build argument 'cmake_target_skip_unavailable' from command line to 'False'
[0.536s] Level 5:colcon.colcon_core.verb:set package 'moteus_motor' build argument 'cmake_clean_cache' from command line to 'False'
[0.536s] Level 5:colcon.colcon_core.verb:set package 'moteus_motor' build argument 'cmake_clean_first' from command line to 'False'
[0.537s] Level 5:colcon.colcon_core.verb:set package 'moteus_motor' build argument 'cmake_force_configure' from command line to 'False'
[0.537s] Level 5:colcon.colcon_core.verb:set package 'moteus_motor' build argument 'ament_cmake_args' from command line to 'None'
[0.537s] Level 5:colcon.colcon_core.verb:set package 'moteus_motor' build argument 'catkin_cmake_args' from command line to 'None'
[0.537s] Level 5:colcon.colcon_core.verb:set package 'moteus_motor' build argument 'catkin_skip_building_tests' from command line to 'False'
[0.537s] DEBUG:colcon.colcon_core.verb:Building package 'moteus_motor' with the following arguments: {'ament_cmake_args': None, 'build_base': '/home/bubble/Develops/ROS2/pkg_dev_ws/build/moteus_motor', 'catkin_cmake_args': None, 'catkin_skip_building_tests': False, 'cmake_args': None, 'cmake_clean_cache': False, 'cmake_clean_first': False, 'cmake_force_configure': False, 'cmake_target': None, 'cmake_target_skip_unavailable': False, 'install_base': '/home/bubble/Develops/ROS2/pkg_dev_ws/install/moteus_motor', 'merge_install': False, 'path': '/home/bubble/Develops/ROS2/pkg_dev_ws/src/moteus_motor', 'symlink_install': True, 'test_result_base': None}
[0.538s] Level 5:colcon.colcon_core.verb:set package 'moteus_msgs' build argument 'cmake_args' from command line to 'None'
[0.538s] Level 5:colcon.colcon_core.verb:set package 'moteus_msgs' build argument 'cmake_target' from command line to 'None'
[0.538s] Level 5:colcon.colcon_core.verb:set package 'moteus_msgs' build argument 'cmake_target_skip_unavailable' from command line to 'False'
[0.538s] Level 5:colcon.colcon_core.verb:set package 'moteus_msgs' build argument 'cmake_clean_cache' from command line to 'False'
[0.538s] Level 5:colcon.colcon_core.verb:set package 'moteus_msgs' build argument 'cmake_clean_first' from command line to 'False'
[0.538s] Level 5:colcon.colcon_core.verb:set package 'moteus_msgs' build argument 'cmake_force_configure' from command line to 'False'
[0.538s] Level 5:colcon.colcon_core.verb:set package 'moteus_msgs' build argument 'ament_cmake_args' from command line to 'None'
[0.538s] Level 5:colcon.colcon_core.verb:set package 'moteus_msgs' build argument 'catkin_cmake_args' from command line to 'None'
[0.538s] Level 5:colcon.colcon_core.verb:set package 'moteus_msgs' build argument 'catkin_skip_building_tests' from command line to 'False'
[0.538s] DEBUG:colcon.colcon_core.verb:Building package 'moteus_msgs' with the following arguments: {'ament_cmake_args': None, 'build_base': '/home/bubble/Develops/ROS2/pkg_dev_ws/build/moteus_msgs', 'catkin_cmake_args': None, 'catkin_skip_building_tests': False, 'cmake_args': None, 'cmake_clean_cache': False, 'cmake_clean_first': False, 'cmake_force_configure': False, 'cmake_target': None, 'cmake_target_skip_unavailable': False, 'install_base': '/home/bubble/Develops/ROS2/pkg_dev_ws/install/moteus_msgs', 'merge_install': False, 'path': '/home/bubble/Develops/ROS2/pkg_dev_ws/src/moteus_msgs', 'symlink_install': True, 'test_result_base': None}
[0.539s] INFO:colcon.colcon_core.executor:Executing jobs using 'parallel' executor
[0.543s] DEBUG:colcon.colcon_parallel_executor.executor.parallel:run_until_complete
[0.544s] INFO:colcon.colcon_ros.task.ament_python.build:Building ROS package in '/home/bubble/Develops/ROS2/pkg_dev_ws/src/moteus_motor' with build type 'ament_python'
[0.544s] Level 1:colcon.colcon_core.shell:create_environment_hook('moteus_motor', 'ament_prefix_path')
[0.549s] INFO:colcon.colcon_core.plugin_system:Skipping extension 'colcon_core.shell.bat': Not used on non-Windows systems
[0.550s] INFO:colcon.colcon_core.shell:Creating environment hook '/home/bubble/Develops/ROS2/pkg_dev_ws/install/moteus_motor/share/moteus_motor/hook/ament_prefix_path.ps1'
[0.551s] INFO:colcon.colcon_core.shell:Creating environment descriptor '/home/bubble/Develops/ROS2/pkg_dev_ws/install/moteus_motor/share/moteus_motor/hook/ament_prefix_path.dsv'
[0.551s] INFO:colcon.colcon_core.shell:Creating environment hook '/home/bubble/Develops/ROS2/pkg_dev_ws/install/moteus_motor/share/moteus_motor/hook/ament_prefix_path.sh'
[0.553s] INFO:colcon.colcon_core.shell:Skip shell extension 'powershell' for command environment: Not usable outside of PowerShell
[0.553s] DEBUG:colcon.colcon_core.shell:Skip shell extension 'dsv' for command environment
[0.558s] INFO:colcon.colcon_ros.task.ament_cmake.build:Building ROS package in '/home/bubble/Develops/ROS2/pkg_dev_ws/src/moteus_msgs' with build type 'ament_cmake'
[0.558s] INFO:colcon.colcon_cmake.task.cmake.build:Building CMake package in '/home/bubble/Develops/ROS2/pkg_dev_ws/src/moteus_msgs'
[0.559s] INFO:colcon.colcon_core.shell:Skip shell extension 'powershell' for command environment: Not usable outside of PowerShell
[0.560s] DEBUG:colcon.colcon_core.shell:Skip shell extension 'dsv' for command environment
[0.909s] INFO:colcon.colcon_core.task.python.build:Building Python package in '/home/bubble/Develops/ROS2/pkg_dev_ws/src/moteus_motor'
[0.911s] INFO:colcon.colcon_core.shell:Skip shell extension 'powershell' for command environment: Not usable outside of PowerShell
[0.911s] DEBUG:colcon.colcon_core.shell:Skip shell extension 'dsv' for command environment
[0.924s] DEBUG:colcon.colcon_core.event_handler.log_command:Invoking command in '/home/bubble/Develops/ROS2/pkg_dev_ws/build/moteus_msgs': CMAKE_PREFIX_PATH=/opt/ros/humble /usr/bin/cmake /home/bubble/Develops/ROS2/pkg_dev_ws/src/moteus_msgs -DAMENT_CMAKE_SYMLINK_INSTALL=1 -DCMAKE_INSTALL_PREFIX=/home/bubble/Develops/ROS2/pkg_dev_ws/install/moteus_msgs
[1.416s] DEBUG:colcon.colcon_core.event_handler.log_command:Invoking command in '/home/bubble/Develops/ROS2/pkg_dev_ws/build/moteus_motor': PYTHONPATH=/home/bubble/Develops/ROS2/pkg_dev_ws/install/moteus_motor/lib/python3.10/site-packages:${PYTHONPATH} /usr/bin/python3 setup.py develop --prefix /home/bubble/Develops/ROS2/pkg_dev_ws/install/moteus_motor --editable --build-directory /home/bubble/Develops/ROS2/pkg_dev_ws/build/moteus_motor/build --no-deps install_data --install-dir /home/bubble/Develops/ROS2/pkg_dev_ws/install/moteus_motor
[1.969s] Level 1:colcon.colcon_core.shell:create_environment_hook('moteus_motor', 'pythonpath_develop')
[1.971s] INFO:colcon.colcon_core.shell:Creating environment hook '/home/bubble/Develops/ROS2/pkg_dev_ws/build/moteus_motor/share/moteus_motor/hook/pythonpath_develop.ps1'
[1.973s] DEBUG:colcon.colcon_core.event_handler.log_command:Invoked command in '/home/bubble/Develops/ROS2/pkg_dev_ws/build/moteus_motor' returned '0': PYTHONPATH=/home/bubble/Develops/ROS2/pkg_dev_ws/install/moteus_motor/lib/python3.10/site-packages:${PYTHONPATH} /usr/bin/python3 setup.py develop --prefix /home/bubble/Develops/ROS2/pkg_dev_ws/install/moteus_motor --editable --build-directory /home/bubble/Develops/ROS2/pkg_dev_ws/build/moteus_motor/build --no-deps install_data --install-dir /home/bubble/Develops/ROS2/pkg_dev_ws/install/moteus_motor
[1.973s] INFO:colcon.colcon_core.shell:Creating environment descriptor '/home/bubble/Develops/ROS2/pkg_dev_ws/build/moteus_motor/share/moteus_motor/hook/pythonpath_develop.dsv'
[1.974s] INFO:colcon.colcon_core.shell:Creating environment hook '/home/bubble/Develops/ROS2/pkg_dev_ws/build/moteus_motor/share/moteus_motor/hook/pythonpath_develop.sh'
[1.980s] Level 1:colcon.colcon_core.environment:checking '/home/bubble/Develops/ROS2/pkg_dev_ws/install/moteus_motor' for CMake module files
[1.980s] Level 1:colcon.colcon_core.environment:checking '/home/bubble/Develops/ROS2/pkg_dev_ws/install/moteus_motor' for CMake config files
[1.981s] Level 1:colcon.colcon_core.environment:checking '/home/bubble/Develops/ROS2/pkg_dev_ws/install/moteus_motor/lib'
[1.981s] Level 1:colcon.colcon_core.environment:checking '/home/bubble/Develops/ROS2/pkg_dev_ws/install/moteus_motor/bin'
[1.981s] Level 1:colcon.colcon_core.environment:checking '/home/bubble/Develops/ROS2/pkg_dev_ws/install/moteus_motor/lib/pkgconfig/moteus_motor.pc'
[1.982s] Level 1:colcon.colcon_core.environment:checking '/home/bubble/Develops/ROS2/pkg_dev_ws/install/moteus_motor/lib/python3.10/site-packages'
[1.982s] Level 1:colcon.colcon_core.shell:create_environment_hook('moteus_motor', 'pythonpath')
[1.983s] INFO:colcon.colcon_core.shell:Creating environment hook '/home/bubble/Develops/ROS2/pkg_dev_ws/install/moteus_motor/share/moteus_motor/hook/pythonpath.ps1'
[1.984s] INFO:colcon.colcon_core.shell:Creating environment descriptor '/home/bubble/Develops/ROS2/pkg_dev_ws/install/moteus_motor/share/moteus_motor/hook/pythonpath.dsv'
[1.984s] INFO:colcon.colcon_core.shell:Creating environment hook '/home/bubble/Develops/ROS2/pkg_dev_ws/install/moteus_motor/share/moteus_motor/hook/pythonpath.sh'
[1.985s] Level 1:colcon.colcon_core.environment:checking '/home/bubble/Develops/ROS2/pkg_dev_ws/install/moteus_motor/bin'
[1.985s] Level 1:colcon.colcon_core.environment:create_environment_scripts_only(moteus_motor)
[1.986s] INFO:colcon.colcon_core.shell:Creating package script '/home/bubble/Develops/ROS2/pkg_dev_ws/install/moteus_motor/share/moteus_motor/package.ps1'
[1.987s] INFO:colcon.colcon_core.shell:Creating package descriptor '/home/bubble/Develops/ROS2/pkg_dev_ws/install/moteus_motor/share/moteus_motor/package.dsv'
[1.988s] INFO:colcon.colcon_core.shell:Creating package script '/home/bubble/Develops/ROS2/pkg_dev_ws/install/moteus_motor/share/moteus_motor/package.sh'
[1.989s] INFO:colcon.colcon_core.shell:Creating package script '/home/bubble/Develops/ROS2/pkg_dev_ws/install/moteus_motor/share/moteus_motor/package.bash'
[1.990s] INFO:colcon.colcon_core.shell:Creating package script '/home/bubble/Develops/ROS2/pkg_dev_ws/install/moteus_motor/share/moteus_motor/package.zsh'
[1.991s] Level 1:colcon.colcon_core.environment:create_file_with_runtime_dependencies(/home/bubble/Develops/ROS2/pkg_dev_ws/install/moteus_motor/share/colcon-core/packages/moteus_motor)
[3.407s] DEBUG:colcon.colcon_core.event_handler.log_command:Invoked command in '/home/bubble/Develops/ROS2/pkg_dev_ws/build/moteus_msgs' returned '0': CMAKE_PREFIX_PATH=/opt/ros/humble /usr/bin/cmake /home/bubble/Develops/ROS2/pkg_dev_ws/src/moteus_msgs -DAMENT_CMAKE_SYMLINK_INSTALL=1 -DCMAKE_INSTALL_PREFIX=/home/bubble/Develops/ROS2/pkg_dev_ws/install/moteus_msgs
[3.410s] DEBUG:colcon.colcon_core.event_handler.log_command:Invoking command in '/home/bubble/Develops/ROS2/pkg_dev_ws/build/moteus_msgs': CMAKE_PREFIX_PATH=/opt/ros/humble /usr/bin/cmake --build /home/bubble/Develops/ROS2/pkg_dev_ws/build/moteus_msgs -- -j32 -l32
[6.057s] DEBUG:colcon.colcon_core.event_handler.log_command:Invoked command in '/home/bubble/Develops/ROS2/pkg_dev_ws/build/moteus_msgs' returned '0': CMAKE_PREFIX_PATH=/opt/ros/humble /usr/bin/cmake --build /home/bubble/Develops/ROS2/pkg_dev_ws/build/moteus_msgs -- -j32 -l32
[6.159s] DEBUG:colcon.colcon_core.event_handler.log_command:Invoking command in '/home/bubble/Develops/ROS2/pkg_dev_ws/build/moteus_msgs': CMAKE_PREFIX_PATH=/opt/ros/humble /usr/bin/cmake --install /home/bubble/Develops/ROS2/pkg_dev_ws/build/moteus_msgs
[7.001s] Level 1:colcon.colcon_core.environment:create_environment_scripts_only(moteus_msgs)
[7.004s] Level 1:colcon.colcon_core.environment:checking '/home/bubble/Develops/ROS2/pkg_dev_ws/install/moteus_msgs' for CMake module files
[7.006s] DEBUG:colcon.colcon_core.event_handler.log_command:Invoked command in '/home/bubble/Develops/ROS2/pkg_dev_ws/build/moteus_msgs' returned '0': CMAKE_PREFIX_PATH=/opt/ros/humble /usr/bin/cmake --install /home/bubble/Develops/ROS2/pkg_dev_ws/build/moteus_msgs
[7.008s] Level 1:colcon.colcon_core.environment:checking '/home/bubble/Develops/ROS2/pkg_dev_ws/install/moteus_msgs' for CMake config files
[7.010s] Level 1:colcon.colcon_core.shell:create_environment_hook('moteus_msgs', 'cmake_prefix_path')
[7.012s] INFO:colcon.colcon_core.shell:Creating environment hook '/home/bubble/Develops/ROS2/pkg_dev_ws/install/moteus_msgs/share/moteus_msgs/hook/cmake_prefix_path.ps1'
[7.013s] INFO:colcon.colcon_core.shell:Creating environment descriptor '/home/bubble/Develops/ROS2/pkg_dev_ws/install/moteus_msgs/share/moteus_msgs/hook/cmake_prefix_path.dsv'
[7.014s] INFO:colcon.colcon_core.shell:Creating environment hook '/home/bubble/Develops/ROS2/pkg_dev_ws/install/moteus_msgs/share/moteus_msgs/hook/cmake_prefix_path.sh'
[7.014s] Level 1:colcon.colcon_core.environment:checking '/home/bubble/Develops/ROS2/pkg_dev_ws/install/moteus_msgs/lib'
[7.015s] Level 1:colcon.colcon_core.shell:create_environment_hook('moteus_msgs', 'ld_library_path_lib')
[7.016s] INFO:colcon.colcon_core.shell:Creating environment hook '/home/bubble/Develops/ROS2/pkg_dev_ws/install/moteus_msgs/share/moteus_msgs/hook/ld_library_path_lib.ps1'
[7.017s] INFO:colcon.colcon_core.shell:Creating environment descriptor '/home/bubble/Develops/ROS2/pkg_dev_ws/install/moteus_msgs/share/moteus_msgs/hook/ld_library_path_lib.dsv'
[7.018s] INFO:colcon.colcon_core.shell:Creating environment hook '/home/bubble/Develops/ROS2/pkg_dev_ws/install/moteus_msgs/share/moteus_msgs/hook/ld_library_path_lib.sh'
[7.018s] Level 1:colcon.colcon_core.environment:checking '/home/bubble/Develops/ROS2/pkg_dev_ws/install/moteus_msgs/bin'
[7.018s] Level 1:colcon.colcon_core.environment:checking '/home/bubble/Develops/ROS2/pkg_dev_ws/install/moteus_msgs/lib/pkgconfig/moteus_msgs.pc'
[7.019s] Level 1:colcon.colcon_core.environment:checking '/home/bubble/Develops/ROS2/pkg_dev_ws/install/moteus_msgs/lib/python3.10/site-packages'
[7.019s] Level 1:colcon.colcon_core.environment:checking '/home/bubble/Develops/ROS2/pkg_dev_ws/install/moteus_msgs/bin'
[7.021s] INFO:colcon.colcon_core.shell:Creating package script '/home/bubble/Develops/ROS2/pkg_dev_ws/install/moteus_msgs/share/moteus_msgs/package.ps1'
[7.022s] INFO:colcon.colcon_core.shell:Creating package descriptor '/home/bubble/Develops/ROS2/pkg_dev_ws/install/moteus_msgs/share/moteus_msgs/package.dsv'
[7.023s] INFO:colcon.colcon_core.shell:Creating package script '/home/bubble/Develops/ROS2/pkg_dev_ws/install/moteus_msgs/share/moteus_msgs/package.sh'
[7.023s] INFO:colcon.colcon_core.shell:Creating package script '/home/bubble/Develops/ROS2/pkg_dev_ws/install/moteus_msgs/share/moteus_msgs/package.bash'
[7.024s] INFO:colcon.colcon_core.shell:Creating package script '/home/bubble/Develops/ROS2/pkg_dev_ws/install/moteus_msgs/share/moteus_msgs/package.zsh'
[7.025s] Level 1:colcon.colcon_core.environment:create_file_with_runtime_dependencies(/home/bubble/Develops/ROS2/pkg_dev_ws/install/moteus_msgs/share/colcon-core/packages/moteus_msgs)
[7.126s] Level 1:colcon.colcon_core.environment:create_environment_scripts_only(moteus_msgs)
[7.128s] Level 1:colcon.colcon_core.environment:checking '/home/bubble/Develops/ROS2/pkg_dev_ws/install/moteus_msgs' for CMake module files
[7.128s] Level 1:colcon.colcon_core.environment:checking '/home/bubble/Develops/ROS2/pkg_dev_ws/install/moteus_msgs' for CMake config files
[7.130s] Level 1:colcon.colcon_core.shell:create_environment_hook('moteus_msgs', 'cmake_prefix_path')
[7.131s] INFO:colcon.colcon_core.shell:Creating environment hook '/home/bubble/Develops/ROS2/pkg_dev_ws/install/moteus_msgs/share/moteus_msgs/hook/cmake_prefix_path.ps1'
[7.132s] INFO:colcon.colcon_core.shell:Creating environment descriptor '/home/bubble/Develops/ROS2/pkg_dev_ws/install/moteus_msgs/share/moteus_msgs/hook/cmake_prefix_path.dsv'
[7.132s] INFO:colcon.colcon_core.shell:Creating environment hook '/home/bubble/Develops/ROS2/pkg_dev_ws/install/moteus_msgs/share/moteus_msgs/hook/cmake_prefix_path.sh'
[7.133s] Level 1:colcon.colcon_core.environment:checking '/home/bubble/Develops/ROS2/pkg_dev_ws/install/moteus_msgs/lib'
[7.133s] Level 1:colcon.colcon_core.shell:create_environment_hook('moteus_msgs', 'ld_library_path_lib')
[7.134s] INFO:colcon.colcon_core.shell:Creating environment hook '/home/bubble/Develops/ROS2/pkg_dev_ws/install/moteus_msgs/share/moteus_msgs/hook/ld_library_path_lib.ps1'
[7.135s] INFO:colcon.colcon_core.shell:Creating environment descriptor '/home/bubble/Develops/ROS2/pkg_dev_ws/install/moteus_msgs/share/moteus_msgs/hook/ld_library_path_lib.dsv'
[7.135s] INFO:colcon.colcon_core.shell:Creating environment hook '/home/bubble/Develops/ROS2/pkg_dev_ws/install/moteus_msgs/share/moteus_msgs/hook/ld_library_path_lib.sh'
[7.136s] Level 1:colcon.colcon_core.environment:checking '/home/bubble/Develops/ROS2/pkg_dev_ws/install/moteus_msgs/bin'
[7.136s] Level 1:colcon.colcon_core.environment:checking '/home/bubble/Develops/ROS2/pkg_dev_ws/install/moteus_msgs/lib/pkgconfig/moteus_msgs.pc'
[7.136s] Level 1:colcon.colcon_core.environment:checking '/home/bubble/Develops/ROS2/pkg_dev_ws/install/moteus_msgs/lib/python3.10/site-packages'
[7.136s] Level 1:colcon.colcon_core.environment:checking '/home/bubble/Develops/ROS2/pkg_dev_ws/install/moteus_msgs/bin'
[7.138s] INFO:colcon.colcon_core.shell:Creating package script '/home/bubble/Develops/ROS2/pkg_dev_ws/install/moteus_msgs/share/moteus_msgs/package.ps1'
[7.138s] INFO:colcon.colcon_core.shell:Creating package descriptor '/home/bubble/Develops/ROS2/pkg_dev_ws/install/moteus_msgs/share/moteus_msgs/package.dsv'
[7.139s] INFO:colcon.colcon_core.shell:Creating package script '/home/bubble/Develops/ROS2/pkg_dev_ws/install/moteus_msgs/share/moteus_msgs/package.sh'
[7.140s] INFO:colcon.colcon_core.shell:Creating package script '/home/bubble/Develops/ROS2/pkg_dev_ws/install/moteus_msgs/share/moteus_msgs/package.bash'
[7.140s] INFO:colcon.colcon_core.shell:Creating package script '/home/bubble/Develops/ROS2/pkg_dev_ws/install/moteus_msgs/share/moteus_msgs/package.zsh'
[7.141s] Level 1:colcon.colcon_core.environment:create_file_with_runtime_dependencies(/home/bubble/Develops/ROS2/pkg_dev_ws/install/moteus_msgs/share/colcon-core/packages/moteus_msgs)
[7.141s] DEBUG:colcon.colcon_parallel_executor.executor.parallel:closing loop
[7.141s] DEBUG:colcon.colcon_parallel_executor.executor.parallel:loop closed
[7.142s] DEBUG:colcon.colcon_parallel_executor.executor.parallel:run_until_complete finished with '0'
[7.142s] DEBUG:colcon.colcon_core.event_reactor:joining thread
[7.162s] INFO:colcon.colcon_core.plugin_system:Skipping extension 'colcon_notification.desktop_notification.terminal_notifier': Not used on non-Darwin systems
[7.163s] INFO:colcon.colcon_core.plugin_system:Skipping extension 'colcon_notification.desktop_notification.win32': Not used on non-Windows systems
[7.163s] INFO:colcon.colcon_notification.desktop_notification:Sending desktop notification using 'notify2'
[7.191s] DEBUG:colcon.colcon_core.event_reactor:joined thread
[7.194s] INFO:colcon.colcon_core.shell:Creating prefix script '/home/bubble/Develops/ROS2/pkg_dev_ws/install/local_setup.ps1'
[7.196s] INFO:colcon.colcon_core.shell:Creating prefix util module '/home/bubble/Develops/ROS2/pkg_dev_ws/install/_local_setup_util_ps1.py'
[7.197s] INFO:colcon.colcon_core.shell:Creating prefix chain script '/home/bubble/Develops/ROS2/pkg_dev_ws/install/setup.ps1'
[7.200s] INFO:colcon.colcon_core.shell:Creating prefix script '/home/bubble/Develops/ROS2/pkg_dev_ws/install/local_setup.sh'
[7.201s] INFO:colcon.colcon_core.shell:Creating prefix util module '/home/bubble/Develops/ROS2/pkg_dev_ws/install/_local_setup_util_sh.py'
[7.202s] INFO:colcon.colcon_core.shell:Creating prefix chain script '/home/bubble/Develops/ROS2/pkg_dev_ws/install/setup.sh'
[7.204s] INFO:colcon.colcon_core.shell:Creating prefix script '/home/bubble/Develops/ROS2/pkg_dev_ws/install/local_setup.bash'
[7.205s] INFO:colcon.colcon_core.shell:Creating prefix chain script '/home/bubble/Develops/ROS2/pkg_dev_ws/install/setup.bash'
[7.208s] INFO:colcon.colcon_core.shell:Creating prefix script '/home/bubble/Develops/ROS2/pkg_dev_ws/install/local_setup.zsh'
[7.209s] INFO:colcon.colcon_core.shell:Creating prefix chain script '/home/bubble/Develops/ROS2/pkg_dev_ws/install/setup.zsh'
