[0.809s] Invoking command in '/home/bubble/Develops/ROS2/pkg_dev_ws/build/moteus_motor': PYTHONPATH=/home/bubble/Develops/ROS2/pkg_dev_ws/install/moteus_motor/lib/python3.10/site-packages:${PYTHONPATH} /usr/bin/python3 setup.py develop --prefix /home/bubble/Develops/ROS2/pkg_dev_ws/install/moteus_motor --editable --build-directory /home/bubble/Develops/ROS2/pkg_dev_ws/build/moteus_motor/build --no-deps install_data --install-dir /home/bubble/Develops/ROS2/pkg_dev_ws/install/moteus_motor
[1.163s] running develop
[1.163s] /usr/lib/python3/dist-packages/setuptools/command/easy_install.py:158: EasyInstallDeprecationWarning: easy_install command is deprecated. Use build and pip and other standards-based tools.
[1.164s]   warnings.warn(
[1.165s] /usr/lib/python3/dist-packages/setuptools/command/install.py:34: SetuptoolsDeprecationWarning: setup.py install is deprecated. Use build and pip and other standards-based tools.
[1.165s]   warnings.warn(
[1.237s] /usr/lib/python3/dist-packages/pkg_resources/__init__.py:116: PkgResourcesDeprecationWarning: 0.1.43ubuntu1 is an invalid version and will not be supported in a future release
[1.237s]   warnings.warn(
[1.238s] /usr/lib/python3/dist-packages/pkg_resources/__init__.py:116: PkgResourcesDeprecationWarning: 1.1build1 is an invalid version and will not be supported in a future release
[1.238s]   warnings.warn(
[1.367s] running egg_info
[1.367s] writing moteus_motor.egg-info/PKG-INFO
[1.367s] writing dependency_links to moteus_motor.egg-info/dependency_links.txt
[1.368s] writing entry points to moteus_motor.egg-info/entry_points.txt
[1.368s] writing requirements to moteus_motor.egg-info/requires.txt
[1.368s] writing top-level names to moteus_motor.egg-info/top_level.txt
[1.369s] reading manifest file 'moteus_motor.egg-info/SOURCES.txt'
[1.370s] writing manifest file 'moteus_motor.egg-info/SOURCES.txt'
[1.372s] running build_ext
[1.372s] Creating /home/bubble/Develops/ROS2/pkg_dev_ws/install/moteus_motor/lib/python3.10/site-packages/moteus-motor.egg-link (link to .)
[1.373s] Installing moteus_motor script to /home/bubble/Develops/ROS2/pkg_dev_ws/install/moteus_motor/lib/moteus_motor
[1.374s] 
[1.374s] Installed /home/bubble/Develops/ROS2/pkg_dev_ws/build/moteus_motor
[1.374s] running install_data
[1.404s] Invoked command in '/home/bubble/Develops/ROS2/pkg_dev_ws/build/moteus_motor' returned '0': PYTHONPATH=/home/bubble/Develops/ROS2/pkg_dev_ws/install/moteus_motor/lib/python3.10/site-packages:${PYTHONPATH} /usr/bin/python3 setup.py develop --prefix /home/bubble/Develops/ROS2/pkg_dev_ws/install/moteus_motor --editable --build-directory /home/bubble/Develops/ROS2/pkg_dev_ws/build/moteus_motor/build --no-deps install_data --install-dir /home/bubble/Develops/ROS2/pkg_dev_ws/install/moteus_motor
