[0.751s] Invoking command in '/home/bubble/Develops/ROS2/pkg_dev_ws/build/moteus_motor': PYTHONPATH=/home/bubble/Develops/ROS2/pkg_dev_ws/install/moteus_motor/lib/python3.10/site-packages:${PYTHONPATH} /usr/bin/python3 setup.py develop --prefix /home/bubble/Develops/ROS2/pkg_dev_ws/install/moteus_motor --editable --build-directory /home/bubble/Develops/ROS2/pkg_dev_ws/build/moteus_motor/build --no-deps install_data --install-dir /home/bubble/Develops/ROS2/pkg_dev_ws/install/moteus_motor
[1.121s] running develop
[1.122s] /usr/lib/python3/dist-packages/setuptools/command/easy_install.py:158: EasyInstallDeprecationWarning: easy_install command is deprecated. Use build and pip and other standards-based tools.
[1.122s]   warnings.warn(
[1.123s] /usr/lib/python3/dist-packages/setuptools/command/install.py:34: SetuptoolsDeprecationWarning: setup.py install is deprecated. Use build and pip and other standards-based tools.
[1.124s]   warnings.warn(
[1.200s] /usr/lib/python3/dist-packages/pkg_resources/__init__.py:116: PkgResourcesDeprecationWarning: 0.1.43ubuntu1 is an invalid version and will not be supported in a future release
[1.200s]   warnings.warn(
[1.201s] /usr/lib/python3/dist-packages/pkg_resources/__init__.py:116: PkgResourcesDeprecationWarning: 1.1build1 is an invalid version and will not be supported in a future release
[1.202s]   warnings.warn(
[1.335s] running egg_info
[1.336s] writing moteus_motor.egg-info/PKG-INFO
[1.336s] writing dependency_links to moteus_motor.egg-info/dependency_links.txt
[1.336s] writing entry points to moteus_motor.egg-info/entry_points.txt
[1.337s] writing requirements to moteus_motor.egg-info/requires.txt
[1.337s] writing top-level names to moteus_motor.egg-info/top_level.txt
[1.338s] reading manifest file 'moteus_motor.egg-info/SOURCES.txt'
[1.339s] writing manifest file 'moteus_motor.egg-info/SOURCES.txt'
[1.341s] running build_ext
[1.341s] Creating /home/bubble/Develops/ROS2/pkg_dev_ws/install/moteus_motor/lib/python3.10/site-packages/moteus-motor.egg-link (link to .)
[1.342s] Installing moteus_motor script to /home/bubble/Develops/ROS2/pkg_dev_ws/install/moteus_motor/lib/moteus_motor
[1.343s] 
[1.343s] Installed /home/bubble/Develops/ROS2/pkg_dev_ws/build/moteus_motor
[1.343s] running install_data
[1.371s] Invoked command in '/home/bubble/Develops/ROS2/pkg_dev_ws/build/moteus_motor' returned '0': PYTHONPATH=/home/bubble/Develops/ROS2/pkg_dev_ws/install/moteus_motor/lib/python3.10/site-packages:${PYTHONPATH} /usr/bin/python3 setup.py develop --prefix /home/bubble/Develops/ROS2/pkg_dev_ws/install/moteus_motor --editable --build-directory /home/bubble/Develops/ROS2/pkg_dev_ws/build/moteus_motor/build --no-deps install_data --install-dir /home/bubble/Develops/ROS2/pkg_dev_ws/install/moteus_motor
