[0.383s] DEBUG:colcon:Command line arguments: ['/usr/bin/colcon', 'build', '--symlink-install']
[0.384s] DEBUG:colcon:Parsed command line arguments: Namespace(log_base=None, log_level=None, verb_name='build', build_base='build', install_base='install', merge_install=False, symlink_install=True, test_result_base=None, continue_on_error=False, executor='parallel', parallel_workers=32, event_handlers=None, ignore_user_meta=False, metas=['./colcon.meta'], base_paths=['.'], packages_ignore=None, packages_ignore_regex=None, paths=None, packages_up_to=None, packages_up_to_regex=None, packages_above=None, packages_above_and_dependencies=None, packages_above_depth=None, packages_select_by_dep=None, packages_skip_by_dep=None, packages_skip_up_to=None, packages_select_build_failed=False, packages_skip_build_finished=False, packages_select_test_failures=False, packages_skip_test_passed=False, packages_select=None, packages_skip=None, packages_select_regex=None, packages_skip_regex=None, packages_start=None, packages_end=None, allow_overriding=[], cmake_args=None, cmake_target=None, cmake_target_skip_unavailable=False, cmake_clean_cache=False, cmake_clean_first=False, cmake_force_configure=False, ament_cmake_args=None, catkin_cmake_args=None, catkin_skip_building_tests=False, verb_parser=<colcon_defaults.argument_parser.defaults.DefaultArgumentsDecorator object at 0x7fe52dd49d20>, verb_extension=<colcon_core.verb.build.BuildVerb object at 0x7fe52e67be50>, main=<bound method BuildVerb.main of <colcon_core.verb.build.BuildVerb object at 0x7fe52e67be50>>)
[0.412s] Level 1:colcon.colcon_core.package_discovery:discover_packages(colcon_meta) check parameters
[0.412s] Level 1:colcon.colcon_core.package_discovery:discover_packages(recursive) check parameters
[0.412s] Level 1:colcon.colcon_core.package_discovery:discover_packages(ignore) check parameters
[0.412s] Level 1:colcon.colcon_core.package_discovery:discover_packages(path) check parameters
[0.412s] Level 1:colcon.colcon_core.package_discovery:discover_packages(colcon_meta) discover
[0.412s] Level 1:colcon.colcon_core.package_discovery:discover_packages(recursive) discover
[0.413s] INFO:colcon.colcon_core.package_discovery:Crawling recursively for packages in '/home/bubble/Develops/ROS2/pkg_dev_ws'
[0.413s] Level 1:colcon.colcon_core.package_identification:_identify(.) by extensions ['ignore', 'ignore_ament_install']
[0.413s] Level 1:colcon.colcon_core.package_identification:_identify(.) by extension 'ignore'
[0.413s] Level 1:colcon.colcon_core.package_identification:_identify(.) by extension 'ignore_ament_install'
[0.413s] Level 1:colcon.colcon_core.package_identification:_identify(.) by extensions ['colcon_pkg']
[0.413s] Level 1:colcon.colcon_core.package_identification:_identify(.) by extension 'colcon_pkg'
[0.413s] Level 1:colcon.colcon_core.package_identification:_identify(.) by extensions ['colcon_meta']
[0.413s] Level 1:colcon.colcon_core.package_identification:_identify(.) by extension 'colcon_meta'
[0.413s] Level 1:colcon.colcon_core.package_identification:_identify(.) by extensions ['ros']
[0.413s] Level 1:colcon.colcon_core.package_identification:_identify(.) by extension 'ros'
[0.434s] Level 1:colcon.colcon_core.package_identification:_identify(.) by extensions ['cmake', 'python']
[0.434s] Level 1:colcon.colcon_core.package_identification:_identify(.) by extension 'cmake'
[0.434s] Level 1:colcon.colcon_core.package_identification:_identify(.) by extension 'python'
[0.434s] Level 1:colcon.colcon_core.package_identification:_identify(.) by extensions ['python_setup_py']
[0.434s] Level 1:colcon.colcon_core.package_identification:_identify(.) by extension 'python_setup_py'
[0.435s] Level 1:colcon.colcon_core.package_identification:_identify(build) by extensions ['ignore', 'ignore_ament_install']
[0.435s] Level 1:colcon.colcon_core.package_identification:_identify(build) by extension 'ignore'
[0.435s] Level 1:colcon.colcon_core.package_identification:_identify(build) ignored
[0.435s] Level 1:colcon.colcon_core.package_identification:_identify(install) by extensions ['ignore', 'ignore_ament_install']
[0.435s] Level 1:colcon.colcon_core.package_identification:_identify(install) by extension 'ignore'
[0.435s] Level 1:colcon.colcon_core.package_identification:_identify(install) ignored
[0.435s] Level 1:colcon.colcon_core.package_identification:_identify(log) by extensions ['ignore', 'ignore_ament_install']
[0.436s] Level 1:colcon.colcon_core.package_identification:_identify(log) by extension 'ignore'
[0.436s] Level 1:colcon.colcon_core.package_identification:_identify(log) ignored
[0.436s] Level 1:colcon.colcon_core.package_identification:_identify(src) by extensions ['ignore', 'ignore_ament_install']
[0.436s] Level 1:colcon.colcon_core.package_identification:_identify(src) by extension 'ignore'
[0.436s] Level 1:colcon.colcon_core.package_identification:_identify(src) by extension 'ignore_ament_install'
[0.436s] Level 1:colcon.colcon_core.package_identification:_identify(src) by extensions ['colcon_pkg']
[0.436s] Level 1:colcon.colcon_core.package_identification:_identify(src) by extension 'colcon_pkg'
[0.436s] Level 1:colcon.colcon_core.package_identification:_identify(src) by extensions ['colcon_meta']
[0.436s] Level 1:colcon.colcon_core.package_identification:_identify(src) by extension 'colcon_meta'
[0.436s] Level 1:colcon.colcon_core.package_identification:_identify(src) by extensions ['ros']
[0.436s] Level 1:colcon.colcon_core.package_identification:_identify(src) by extension 'ros'
[0.437s] Level 1:colcon.colcon_core.package_identification:_identify(src) by extensions ['cmake', 'python']
[0.437s] Level 1:colcon.colcon_core.package_identification:_identify(src) by extension 'cmake'
[0.437s] Level 1:colcon.colcon_core.package_identification:_identify(src) by extension 'python'
[0.437s] Level 1:colcon.colcon_core.package_identification:_identify(src) by extensions ['python_setup_py']
[0.437s] Level 1:colcon.colcon_core.package_identification:_identify(src) by extension 'python_setup_py'
[0.437s] Level 1:colcon.colcon_core.package_identification:_identify(src/moteus_motor) by extensions ['ignore', 'ignore_ament_install']
[0.437s] Level 1:colcon.colcon_core.package_identification:_identify(src/moteus_motor) by extension 'ignore'
[0.437s] Level 1:colcon.colcon_core.package_identification:_identify(src/moteus_motor) by extension 'ignore_ament_install'
[0.437s] Level 1:colcon.colcon_core.package_identification:_identify(src/moteus_motor) by extensions ['colcon_pkg']
[0.437s] Level 1:colcon.colcon_core.package_identification:_identify(src/moteus_motor) by extension 'colcon_pkg'
[0.437s] Level 1:colcon.colcon_core.package_identification:_identify(src/moteus_motor) by extensions ['colcon_meta']
[0.437s] Level 1:colcon.colcon_core.package_identification:_identify(src/moteus_motor) by extension 'colcon_meta'
[0.438s] Level 1:colcon.colcon_core.package_identification:_identify(src/moteus_motor) by extensions ['ros']
[0.438s] Level 1:colcon.colcon_core.package_identification:_identify(src/moteus_motor) by extension 'ros'
[0.440s] DEBUG:colcon.colcon_core.package_identification:Package 'src/moteus_motor' with type 'ros.ament_python' and name 'moteus_motor'
[0.441s] Level 1:colcon.colcon_core.package_identification:_identify(src/moteus_msgs) by extensions ['ignore', 'ignore_ament_install']
[0.441s] Level 1:colcon.colcon_core.package_identification:_identify(src/moteus_msgs) by extension 'ignore'
[0.441s] Level 1:colcon.colcon_core.package_identification:_identify(src/moteus_msgs) by extension 'ignore_ament_install'
[0.441s] Level 1:colcon.colcon_core.package_identification:_identify(src/moteus_msgs) by extensions ['colcon_pkg']
[0.441s] Level 1:colcon.colcon_core.package_identification:_identify(src/moteus_msgs) by extension 'colcon_pkg'
[0.441s] Level 1:colcon.colcon_core.package_identification:_identify(src/moteus_msgs) by extensions ['colcon_meta']
[0.441s] Level 1:colcon.colcon_core.package_identification:_identify(src/moteus_msgs) by extension 'colcon_meta'
[0.441s] Level 1:colcon.colcon_core.package_identification:_identify(src/moteus_msgs) by extensions ['ros']
[0.441s] Level 1:colcon.colcon_core.package_identification:_identify(src/moteus_msgs) by extension 'ros'
[0.442s] DEBUG:colcon.colcon_core.package_identification:Package 'src/moteus_msgs' with type 'ros.ament_cmake' and name 'moteus_msgs'
[0.442s] Level 1:colcon.colcon_core.package_discovery:discover_packages(recursive) using defaults
[0.442s] Level 1:colcon.colcon_core.package_discovery:discover_packages(ignore) discover
[0.442s] Level 1:colcon.colcon_core.package_discovery:discover_packages(ignore) using defaults
[0.442s] Level 1:colcon.colcon_core.package_discovery:discover_packages(path) discover
[0.442s] Level 1:colcon.colcon_core.package_discovery:discover_packages(path) using defaults
[0.470s] Level 1:colcon.colcon_core.package_discovery:discover_packages(prefix_path) check parameters
[0.470s] Level 1:colcon.colcon_core.package_discovery:discover_packages(prefix_path) discover
[0.473s] DEBUG:colcon.colcon_installed_package_information.package_discovery:Found 2 installed packages in /home/bubble/Develops/ROS2/pkg_dev_ws/install
[0.475s] DEBUG:colcon.colcon_installed_package_information.package_discovery:Found 270 installed packages in /opt/ros/humble
[0.477s] Level 1:colcon.colcon_core.package_discovery:discover_packages(prefix_path) using defaults
[0.552s] Level 5:colcon.colcon_core.verb:set package 'moteus_motor' build argument 'cmake_args' from command line to 'None'
[0.552s] Level 5:colcon.colcon_core.verb:set package 'moteus_motor' build argument 'cmake_target' from command line to 'None'
[0.552s] Level 5:colcon.colcon_core.verb:set package 'moteus_motor' build argument 'cmake_target_skip_unavailable' from command line to 'False'
[0.552s] Level 5:colcon.colcon_core.verb:set package 'moteus_motor' build argument 'cmake_clean_cache' from command line to 'False'
[0.552s] Level 5:colcon.colcon_core.verb:set package 'moteus_motor' build argument 'cmake_clean_first' from command line to 'False'
[0.553s] Level 5:colcon.colcon_core.verb:set package 'moteus_motor' build argument 'cmake_force_configure' from command line to 'False'
[0.553s] Level 5:colcon.colcon_core.verb:set package 'moteus_motor' build argument 'ament_cmake_args' from command line to 'None'
[0.553s] Level 5:colcon.colcon_core.verb:set package 'moteus_motor' build argument 'catkin_cmake_args' from command line to 'None'
[0.553s] Level 5:colcon.colcon_core.verb:set package 'moteus_motor' build argument 'catkin_skip_building_tests' from command line to 'False'
[0.553s] DEBUG:colcon.colcon_core.verb:Building package 'moteus_motor' with the following arguments: {'ament_cmake_args': None, 'build_base': '/home/bubble/Develops/ROS2/pkg_dev_ws/build/moteus_motor', 'catkin_cmake_args': None, 'catkin_skip_building_tests': False, 'cmake_args': None, 'cmake_clean_cache': False, 'cmake_clean_first': False, 'cmake_force_configure': False, 'cmake_target': None, 'cmake_target_skip_unavailable': False, 'install_base': '/home/bubble/Develops/ROS2/pkg_dev_ws/install/moteus_motor', 'merge_install': False, 'path': '/home/bubble/Develops/ROS2/pkg_dev_ws/src/moteus_motor', 'symlink_install': True, 'test_result_base': None}
[0.554s] Level 5:colcon.colcon_core.verb:set package 'moteus_msgs' build argument 'cmake_args' from command line to 'None'
[0.554s] Level 5:colcon.colcon_core.verb:set package 'moteus_msgs' build argument 'cmake_target' from command line to 'None'
[0.554s] Level 5:colcon.colcon_core.verb:set package 'moteus_msgs' build argument 'cmake_target_skip_unavailable' from command line to 'False'
[0.554s] Level 5:colcon.colcon_core.verb:set package 'moteus_msgs' build argument 'cmake_clean_cache' from command line to 'False'
[0.554s] Level 5:colcon.colcon_core.verb:set package 'moteus_msgs' build argument 'cmake_clean_first' from command line to 'False'
[0.554s] Level 5:colcon.colcon_core.verb:set package 'moteus_msgs' build argument 'cmake_force_configure' from command line to 'False'
[0.554s] Level 5:colcon.colcon_core.verb:set package 'moteus_msgs' build argument 'ament_cmake_args' from command line to 'None'
[0.554s] Level 5:colcon.colcon_core.verb:set package 'moteus_msgs' build argument 'catkin_cmake_args' from command line to 'None'
[0.554s] Level 5:colcon.colcon_core.verb:set package 'moteus_msgs' build argument 'catkin_skip_building_tests' from command line to 'False'
[0.554s] DEBUG:colcon.colcon_core.verb:Building package 'moteus_msgs' with the following arguments: {'ament_cmake_args': None, 'build_base': '/home/bubble/Develops/ROS2/pkg_dev_ws/build/moteus_msgs', 'catkin_cmake_args': None, 'catkin_skip_building_tests': False, 'cmake_args': None, 'cmake_clean_cache': False, 'cmake_clean_first': False, 'cmake_force_configure': False, 'cmake_target': None, 'cmake_target_skip_unavailable': False, 'install_base': '/home/bubble/Develops/ROS2/pkg_dev_ws/install/moteus_msgs', 'merge_install': False, 'path': '/home/bubble/Develops/ROS2/pkg_dev_ws/src/moteus_msgs', 'symlink_install': True, 'test_result_base': None}
[0.555s] INFO:colcon.colcon_core.executor:Executing jobs using 'parallel' executor
[0.560s] DEBUG:colcon.colcon_parallel_executor.executor.parallel:run_until_complete
[0.560s] INFO:colcon.colcon_ros.task.ament_python.build:Building ROS package in '/home/bubble/Develops/ROS2/pkg_dev_ws/src/moteus_motor' with build type 'ament_python'
[0.560s] Level 1:colcon.colcon_core.shell:create_environment_hook('moteus_motor', 'ament_prefix_path')
[0.565s] INFO:colcon.colcon_core.plugin_system:Skipping extension 'colcon_core.shell.bat': Not used on non-Windows systems
[0.566s] INFO:colcon.colcon_core.shell:Creating environment hook '/home/bubble/Develops/ROS2/pkg_dev_ws/install/moteus_motor/share/moteus_motor/hook/ament_prefix_path.ps1'
[0.566s] INFO:colcon.colcon_core.shell:Creating environment descriptor '/home/bubble/Develops/ROS2/pkg_dev_ws/install/moteus_motor/share/moteus_motor/hook/ament_prefix_path.dsv'
[0.567s] INFO:colcon.colcon_core.shell:Creating environment hook '/home/bubble/Develops/ROS2/pkg_dev_ws/install/moteus_motor/share/moteus_motor/hook/ament_prefix_path.sh'
[0.569s] INFO:colcon.colcon_core.shell:Skip shell extension 'powershell' for command environment: Not usable outside of PowerShell
[0.569s] DEBUG:colcon.colcon_core.shell:Skip shell extension 'dsv' for command environment
[0.574s] INFO:colcon.colcon_ros.task.ament_cmake.build:Building ROS package in '/home/bubble/Develops/ROS2/pkg_dev_ws/src/moteus_msgs' with build type 'ament_cmake'
[0.574s] INFO:colcon.colcon_cmake.task.cmake.build:Building CMake package in '/home/bubble/Develops/ROS2/pkg_dev_ws/src/moteus_msgs'
[0.576s] INFO:colcon.colcon_core.shell:Skip shell extension 'powershell' for command environment: Not usable outside of PowerShell
[0.576s] DEBUG:colcon.colcon_core.shell:Skip shell extension 'dsv' for command environment
[0.926s] INFO:colcon.colcon_core.task.python.build:Building Python package in '/home/bubble/Develops/ROS2/pkg_dev_ws/src/moteus_motor'
[0.929s] INFO:colcon.colcon_core.shell:Skip shell extension 'powershell' for command environment: Not usable outside of PowerShell
[0.929s] DEBUG:colcon.colcon_core.shell:Skip shell extension 'dsv' for command environment
[0.942s] DEBUG:colcon.colcon_core.event_handler.log_command:Invoking command in '/home/bubble/Develops/ROS2/pkg_dev_ws/build/moteus_msgs': CMAKE_PREFIX_PATH=${CMAKE_PREFIX_PATH}:/home/bubble/Develops/ROS2/pkg_dev_ws/install/moteus_motor:/opt/ros/humble /usr/bin/cmake --build /home/bubble/Develops/ROS2/pkg_dev_ws/build/moteus_msgs -- -j32 -l32
[1.370s] DEBUG:colcon.colcon_core.event_handler.log_command:Invoking command in '/home/bubble/Develops/ROS2/pkg_dev_ws/build/moteus_motor': PYTHONPATH=/home/bubble/Develops/ROS2/pkg_dev_ws/install/moteus_motor/lib/python3.10/site-packages:${PYTHONPATH} /usr/bin/python3 setup.py develop --prefix /home/bubble/Develops/ROS2/pkg_dev_ws/install/moteus_motor --editable --build-directory /home/bubble/Develops/ROS2/pkg_dev_ws/build/moteus_motor/build --no-deps install_data --install-dir /home/bubble/Develops/ROS2/pkg_dev_ws/install/moteus_motor
[1.960s] Level 1:colcon.colcon_core.shell:create_environment_hook('moteus_motor', 'pythonpath_develop')
[1.964s] INFO:colcon.colcon_core.shell:Creating environment hook '/home/bubble/Develops/ROS2/pkg_dev_ws/build/moteus_motor/share/moteus_motor/hook/pythonpath_develop.ps1'
[1.965s] DEBUG:colcon.colcon_core.event_handler.log_command:Invoked command in '/home/bubble/Develops/ROS2/pkg_dev_ws/build/moteus_motor' returned '0': PYTHONPATH=/home/bubble/Develops/ROS2/pkg_dev_ws/install/moteus_motor/lib/python3.10/site-packages:${PYTHONPATH} /usr/bin/python3 setup.py develop --prefix /home/bubble/Develops/ROS2/pkg_dev_ws/install/moteus_motor --editable --build-directory /home/bubble/Develops/ROS2/pkg_dev_ws/build/moteus_motor/build --no-deps install_data --install-dir /home/bubble/Develops/ROS2/pkg_dev_ws/install/moteus_motor
[1.966s] INFO:colcon.colcon_core.shell:Creating environment descriptor '/home/bubble/Develops/ROS2/pkg_dev_ws/build/moteus_motor/share/moteus_motor/hook/pythonpath_develop.dsv'
[1.967s] INFO:colcon.colcon_core.shell:Creating environment hook '/home/bubble/Develops/ROS2/pkg_dev_ws/build/moteus_motor/share/moteus_motor/hook/pythonpath_develop.sh'
[1.981s] Level 1:colcon.colcon_core.environment:checking '/home/bubble/Develops/ROS2/pkg_dev_ws/install/moteus_motor' for CMake module files
[1.982s] Level 1:colcon.colcon_core.environment:checking '/home/bubble/Develops/ROS2/pkg_dev_ws/install/moteus_motor' for CMake config files
[1.984s] Level 1:colcon.colcon_core.environment:checking '/home/bubble/Develops/ROS2/pkg_dev_ws/install/moteus_motor/lib'
[1.985s] Level 1:colcon.colcon_core.environment:checking '/home/bubble/Develops/ROS2/pkg_dev_ws/install/moteus_motor/bin'
[1.985s] Level 1:colcon.colcon_core.environment:checking '/home/bubble/Develops/ROS2/pkg_dev_ws/install/moteus_motor/lib/pkgconfig/moteus_motor.pc'
[1.986s] Level 1:colcon.colcon_core.environment:checking '/home/bubble/Develops/ROS2/pkg_dev_ws/install/moteus_motor/lib/python3.10/site-packages'
[1.986s] Level 1:colcon.colcon_core.shell:create_environment_hook('moteus_motor', 'pythonpath')
[1.990s] INFO:colcon.colcon_core.shell:Creating environment hook '/home/bubble/Develops/ROS2/pkg_dev_ws/install/moteus_motor/share/moteus_motor/hook/pythonpath.ps1'
[1.991s] INFO:colcon.colcon_core.shell:Creating environment descriptor '/home/bubble/Develops/ROS2/pkg_dev_ws/install/moteus_motor/share/moteus_motor/hook/pythonpath.dsv'
[1.992s] INFO:colcon.colcon_core.shell:Creating environment hook '/home/bubble/Develops/ROS2/pkg_dev_ws/install/moteus_motor/share/moteus_motor/hook/pythonpath.sh'
[1.993s] Level 1:colcon.colcon_core.environment:checking '/home/bubble/Develops/ROS2/pkg_dev_ws/install/moteus_motor/bin'
[1.993s] Level 1:colcon.colcon_core.environment:create_environment_scripts_only(moteus_motor)
[1.997s] INFO:colcon.colcon_core.shell:Creating package script '/home/bubble/Develops/ROS2/pkg_dev_ws/install/moteus_motor/share/moteus_motor/package.ps1'
[1.999s] INFO:colcon.colcon_core.shell:Creating package descriptor '/home/bubble/Develops/ROS2/pkg_dev_ws/install/moteus_motor/share/moteus_motor/package.dsv'
[2.001s] INFO:colcon.colcon_core.shell:Creating package script '/home/bubble/Develops/ROS2/pkg_dev_ws/install/moteus_motor/share/moteus_motor/package.sh'
[2.003s] INFO:colcon.colcon_core.shell:Creating package script '/home/bubble/Develops/ROS2/pkg_dev_ws/install/moteus_motor/share/moteus_motor/package.bash'
[2.005s] INFO:colcon.colcon_core.shell:Creating package script '/home/bubble/Develops/ROS2/pkg_dev_ws/install/moteus_motor/share/moteus_motor/package.zsh'
[2.006s] Level 1:colcon.colcon_core.environment:create_file_with_runtime_dependencies(/home/bubble/Develops/ROS2/pkg_dev_ws/install/moteus_motor/share/colcon-core/packages/moteus_motor)
[5.585s] DEBUG:colcon.colcon_core.event_handler.log_command:Invoked command in '/home/bubble/Develops/ROS2/pkg_dev_ws/build/moteus_msgs' returned '0': CMAKE_PREFIX_PATH=${CMAKE_PREFIX_PATH}:/home/bubble/Develops/ROS2/pkg_dev_ws/install/moteus_motor:/opt/ros/humble /usr/bin/cmake --build /home/bubble/Develops/ROS2/pkg_dev_ws/build/moteus_msgs -- -j32 -l32
[5.724s] DEBUG:colcon.colcon_core.event_handler.log_command:Invoking command in '/home/bubble/Develops/ROS2/pkg_dev_ws/build/moteus_msgs': CMAKE_PREFIX_PATH=${CMAKE_PREFIX_PATH}:/home/bubble/Develops/ROS2/pkg_dev_ws/install/moteus_motor:/opt/ros/humble /usr/bin/cmake --install /home/bubble/Develops/ROS2/pkg_dev_ws/build/moteus_msgs
[6.003s] Level 1:colcon.colcon_core.environment:create_environment_scripts_only(moteus_msgs)
[6.009s] Level 1:colcon.colcon_core.environment:checking '/home/bubble/Develops/ROS2/pkg_dev_ws/install/moteus_msgs' for CMake module files
[6.011s] DEBUG:colcon.colcon_core.event_handler.log_command:Invoked command in '/home/bubble/Develops/ROS2/pkg_dev_ws/build/moteus_msgs' returned '0': CMAKE_PREFIX_PATH=${CMAKE_PREFIX_PATH}:/home/bubble/Develops/ROS2/pkg_dev_ws/install/moteus_motor:/opt/ros/humble /usr/bin/cmake --install /home/bubble/Develops/ROS2/pkg_dev_ws/build/moteus_msgs
[6.013s] Level 1:colcon.colcon_core.environment:checking '/home/bubble/Develops/ROS2/pkg_dev_ws/install/moteus_msgs' for CMake config files
[6.016s] Level 1:colcon.colcon_core.shell:create_environment_hook('moteus_msgs', 'cmake_prefix_path')
[6.019s] INFO:colcon.colcon_core.shell:Creating environment hook '/home/bubble/Develops/ROS2/pkg_dev_ws/install/moteus_msgs/share/moteus_msgs/hook/cmake_prefix_path.ps1'
[6.020s] INFO:colcon.colcon_core.shell:Creating environment descriptor '/home/bubble/Develops/ROS2/pkg_dev_ws/install/moteus_msgs/share/moteus_msgs/hook/cmake_prefix_path.dsv'
[6.021s] INFO:colcon.colcon_core.shell:Creating environment hook '/home/bubble/Develops/ROS2/pkg_dev_ws/install/moteus_msgs/share/moteus_msgs/hook/cmake_prefix_path.sh'
[6.023s] Level 1:colcon.colcon_core.environment:checking '/home/bubble/Develops/ROS2/pkg_dev_ws/install/moteus_msgs/lib'
[6.023s] Level 1:colcon.colcon_core.shell:create_environment_hook('moteus_msgs', 'ld_library_path_lib')
[6.026s] INFO:colcon.colcon_core.shell:Creating environment hook '/home/bubble/Develops/ROS2/pkg_dev_ws/install/moteus_msgs/share/moteus_msgs/hook/ld_library_path_lib.ps1'
[6.027s] INFO:colcon.colcon_core.shell:Creating environment descriptor '/home/bubble/Develops/ROS2/pkg_dev_ws/install/moteus_msgs/share/moteus_msgs/hook/ld_library_path_lib.dsv'
[6.028s] INFO:colcon.colcon_core.shell:Creating environment hook '/home/bubble/Develops/ROS2/pkg_dev_ws/install/moteus_msgs/share/moteus_msgs/hook/ld_library_path_lib.sh'
[6.030s] Level 1:colcon.colcon_core.environment:checking '/home/bubble/Develops/ROS2/pkg_dev_ws/install/moteus_msgs/bin'
[6.030s] Level 1:colcon.colcon_core.environment:checking '/home/bubble/Develops/ROS2/pkg_dev_ws/install/moteus_msgs/lib/pkgconfig/moteus_msgs.pc'
[6.031s] Level 1:colcon.colcon_core.environment:checking '/home/bubble/Develops/ROS2/pkg_dev_ws/install/moteus_msgs/lib/python3.10/site-packages'
[6.031s] Level 1:colcon.colcon_core.environment:checking '/home/bubble/Develops/ROS2/pkg_dev_ws/install/moteus_msgs/bin'
[6.035s] INFO:colcon.colcon_core.shell:Creating package script '/home/bubble/Develops/ROS2/pkg_dev_ws/install/moteus_msgs/share/moteus_msgs/package.ps1'
[6.036s] INFO:colcon.colcon_core.shell:Creating package descriptor '/home/bubble/Develops/ROS2/pkg_dev_ws/install/moteus_msgs/share/moteus_msgs/package.dsv'
[6.038s] INFO:colcon.colcon_core.shell:Creating package script '/home/bubble/Develops/ROS2/pkg_dev_ws/install/moteus_msgs/share/moteus_msgs/package.sh'
[6.039s] INFO:colcon.colcon_core.shell:Creating package script '/home/bubble/Develops/ROS2/pkg_dev_ws/install/moteus_msgs/share/moteus_msgs/package.bash'
[6.040s] INFO:colcon.colcon_core.shell:Creating package script '/home/bubble/Develops/ROS2/pkg_dev_ws/install/moteus_msgs/share/moteus_msgs/package.zsh'
[6.041s] Level 1:colcon.colcon_core.environment:create_file_with_runtime_dependencies(/home/bubble/Develops/ROS2/pkg_dev_ws/install/moteus_msgs/share/colcon-core/packages/moteus_msgs)
[6.184s] Level 1:colcon.colcon_core.environment:create_environment_scripts_only(moteus_msgs)
[6.187s] Level 1:colcon.colcon_core.environment:checking '/home/bubble/Develops/ROS2/pkg_dev_ws/install/moteus_msgs' for CMake module files
[6.189s] Level 1:colcon.colcon_core.environment:checking '/home/bubble/Develops/ROS2/pkg_dev_ws/install/moteus_msgs' for CMake config files
[6.191s] Level 1:colcon.colcon_core.shell:create_environment_hook('moteus_msgs', 'cmake_prefix_path')
[6.193s] INFO:colcon.colcon_core.shell:Creating environment hook '/home/bubble/Develops/ROS2/pkg_dev_ws/install/moteus_msgs/share/moteus_msgs/hook/cmake_prefix_path.ps1'
[6.194s] INFO:colcon.colcon_core.shell:Creating environment descriptor '/home/bubble/Develops/ROS2/pkg_dev_ws/install/moteus_msgs/share/moteus_msgs/hook/cmake_prefix_path.dsv'
[6.194s] INFO:colcon.colcon_core.shell:Creating environment hook '/home/bubble/Develops/ROS2/pkg_dev_ws/install/moteus_msgs/share/moteus_msgs/hook/cmake_prefix_path.sh'
[6.196s] Level 1:colcon.colcon_core.environment:checking '/home/bubble/Develops/ROS2/pkg_dev_ws/install/moteus_msgs/lib'
[6.196s] Level 1:colcon.colcon_core.shell:create_environment_hook('moteus_msgs', 'ld_library_path_lib')
[6.199s] INFO:colcon.colcon_core.shell:Creating environment hook '/home/bubble/Develops/ROS2/pkg_dev_ws/install/moteus_msgs/share/moteus_msgs/hook/ld_library_path_lib.ps1'
[6.200s] INFO:colcon.colcon_core.shell:Creating environment descriptor '/home/bubble/Develops/ROS2/pkg_dev_ws/install/moteus_msgs/share/moteus_msgs/hook/ld_library_path_lib.dsv'
[6.200s] INFO:colcon.colcon_core.shell:Creating environment hook '/home/bubble/Develops/ROS2/pkg_dev_ws/install/moteus_msgs/share/moteus_msgs/hook/ld_library_path_lib.sh'
[6.201s] Level 1:colcon.colcon_core.environment:checking '/home/bubble/Develops/ROS2/pkg_dev_ws/install/moteus_msgs/bin'
[6.201s] Level 1:colcon.colcon_core.environment:checking '/home/bubble/Develops/ROS2/pkg_dev_ws/install/moteus_msgs/lib/pkgconfig/moteus_msgs.pc'
[6.202s] Level 1:colcon.colcon_core.environment:checking '/home/bubble/Develops/ROS2/pkg_dev_ws/install/moteus_msgs/lib/python3.10/site-packages'
[6.202s] Level 1:colcon.colcon_core.environment:checking '/home/bubble/Develops/ROS2/pkg_dev_ws/install/moteus_msgs/bin'
[6.205s] INFO:colcon.colcon_core.shell:Creating package script '/home/bubble/Develops/ROS2/pkg_dev_ws/install/moteus_msgs/share/moteus_msgs/package.ps1'
[6.206s] INFO:colcon.colcon_core.shell:Creating package descriptor '/home/bubble/Develops/ROS2/pkg_dev_ws/install/moteus_msgs/share/moteus_msgs/package.dsv'
[6.207s] INFO:colcon.colcon_core.shell:Creating package script '/home/bubble/Develops/ROS2/pkg_dev_ws/install/moteus_msgs/share/moteus_msgs/package.sh'
[6.207s] INFO:colcon.colcon_core.shell:Creating package script '/home/bubble/Develops/ROS2/pkg_dev_ws/install/moteus_msgs/share/moteus_msgs/package.bash'
[6.208s] INFO:colcon.colcon_core.shell:Creating package script '/home/bubble/Develops/ROS2/pkg_dev_ws/install/moteus_msgs/share/moteus_msgs/package.zsh'
[6.209s] Level 1:colcon.colcon_core.environment:create_file_with_runtime_dependencies(/home/bubble/Develops/ROS2/pkg_dev_ws/install/moteus_msgs/share/colcon-core/packages/moteus_msgs)
[6.209s] DEBUG:colcon.colcon_parallel_executor.executor.parallel:closing loop
[6.210s] DEBUG:colcon.colcon_parallel_executor.executor.parallel:loop closed
[6.210s] DEBUG:colcon.colcon_parallel_executor.executor.parallel:run_until_complete finished with '0'
[6.211s] DEBUG:colcon.colcon_core.event_reactor:joining thread
[6.222s] INFO:colcon.colcon_core.plugin_system:Skipping extension 'colcon_notification.desktop_notification.terminal_notifier': Not used on non-Darwin systems
[6.222s] INFO:colcon.colcon_core.plugin_system:Skipping extension 'colcon_notification.desktop_notification.win32': Not used on non-Windows systems
[6.222s] INFO:colcon.colcon_notification.desktop_notification:Sending desktop notification using 'notify2'
[6.248s] DEBUG:colcon.colcon_core.event_reactor:joined thread
[6.250s] INFO:colcon.colcon_core.shell:Creating prefix script '/home/bubble/Develops/ROS2/pkg_dev_ws/install/local_setup.ps1'
[6.252s] INFO:colcon.colcon_core.shell:Creating prefix util module '/home/bubble/Develops/ROS2/pkg_dev_ws/install/_local_setup_util_ps1.py'
[6.254s] INFO:colcon.colcon_core.shell:Creating prefix chain script '/home/bubble/Develops/ROS2/pkg_dev_ws/install/setup.ps1'
[6.256s] INFO:colcon.colcon_core.shell:Creating prefix script '/home/bubble/Develops/ROS2/pkg_dev_ws/install/local_setup.sh'
[6.256s] INFO:colcon.colcon_core.shell:Creating prefix util module '/home/bubble/Develops/ROS2/pkg_dev_ws/install/_local_setup_util_sh.py'
[6.257s] INFO:colcon.colcon_core.shell:Creating prefix chain script '/home/bubble/Develops/ROS2/pkg_dev_ws/install/setup.sh'
[6.259s] INFO:colcon.colcon_core.shell:Creating prefix script '/home/bubble/Develops/ROS2/pkg_dev_ws/install/local_setup.bash'
[6.260s] INFO:colcon.colcon_core.shell:Creating prefix chain script '/home/bubble/Develops/ROS2/pkg_dev_ws/install/setup.bash'
[6.262s] INFO:colcon.colcon_core.shell:Creating prefix script '/home/bubble/Develops/ROS2/pkg_dev_ws/install/local_setup.zsh'
[6.263s] INFO:colcon.colcon_core.shell:Creating prefix chain script '/home/bubble/Develops/ROS2/pkg_dev_ws/install/setup.zsh'
