[0.367s] Invoking command in '/home/bubble/Develops/ROS2/pkg_dev_ws/build/moteus_msgs': CMAKE_PREFIX_PATH=${CMAKE_PREFIX_PATH}:/home/bubble/Develops/ROS2/pkg_dev_ws/install/moteus_motor:/opt/ros/humble /usr/bin/cmake --build /home/bubble/Develops/ROS2/pkg_dev_ws/build/moteus_msgs -- -j32 -l32
[0.403s] -- Found ament_cmake: 1.3.2 (/opt/ros/humble/share/ament_cmake/cmake)
[0.593s] -- Override CMake install command with custom implementation using symlinks instead of copying resources
[0.609s] -- Found std_msgs: 4.2.2 (/opt/ros/humble/share/std_msgs/cmake)
[0.652s] -- Found rosidl_generator_c: 3.1.3 (/opt/ros/humble/share/rosidl_generator_c/cmake)
[0.656s] -- Found rosidl_adapter: 3.1.3 (/opt/ros/humble/share/rosidl_adapter/cmake)
[0.666s] -- Found rosidl_generator_cpp: 3.1.3 (/opt/ros/humble/share/rosidl_generator_cpp/cmake)
[0.684s] -- Using all available rosidl_typesupport_c: rosidl_typesupport_fastrtps_c;rosidl_typesupport_introspection_c
[0.704s] -- Using all available rosidl_typesupport_cpp: rosidl_typesupport_fastrtps_cpp;rosidl_typesupport_introspection_cpp
[0.769s] -- Found geometry_msgs: 4.2.2 (/opt/ros/humble/share/geometry_msgs/cmake)
[0.820s] -- Found rosidl_default_generators: 1.2.0 (/opt/ros/humble/share/rosidl_default_generators/cmake)
[1.291s] -- Found ament_cmake_ros: 0.10.0 (/opt/ros/humble/share/ament_cmake_ros/cmake)
[1.879s] -- Using all available rosidl_typesupport_c: rosidl_typesupport_fastrtps_c;rosidl_typesupport_introspection_c
[2.050s] -- Using all available rosidl_typesupport_cpp: rosidl_typesupport_fastrtps_cpp;rosidl_typesupport_introspection_cpp
[2.075s] -- Found python_cmake_module: 0.10.0 (/opt/ros/humble/share/python_cmake_module/cmake)
[2.101s] -- Using PYTHON_EXECUTABLE: /usr/bin/python3
[2.101s] -- Using PYTHON_INCLUDE_DIRS: /usr/include/python3.10
[2.101s] -- Using PYTHON_LIBRARIES: /usr/lib/x86_64-linux-gnu/libpython3.10.so
[2.152s] -- Configuring done
[2.213s] -- Generating done
[2.219s] -- Build files have been written to: /home/bubble/Develops/ROS2/pkg_dev_ws/build/moteus_msgs
[2.255s] [  2%] [34m[1mGenerating C code for ROS interfaces[0m
[2.270s] [  4%] [34m[1mGenerating C++ code for ROS interfaces[0m
[2.280s] [  4%] Built target ament_cmake_python_symlink_moteus_msgs
[2.617s] running egg_info
[2.618s] writing moteus_msgs.egg-info/PKG-INFO
[2.619s] writing dependency_links to moteus_msgs.egg-info/dependency_links.txt
[2.619s] writing top-level names to moteus_msgs.egg-info/top_level.txt
[2.621s] reading manifest file 'moteus_msgs.egg-info/SOURCES.txt'
[2.622s] writing manifest file 'moteus_msgs.egg-info/SOURCES.txt'
[2.654s] [  4%] Built target ament_cmake_python_build_moteus_msgs_egg
[2.711s] [35m[1mConsolidate compiler generated dependencies of target moteus_msgs__rosidl_generator_c[0m
[2.712s] [  4%] Built target moteus_msgs__cpp
[2.725s] [  6%] [34m[1mGenerating C++ introspection for ROS interfaces[0m
[2.726s] [ 10%] [34m[1mGenerating C++ type support for eProsima Fast-RTPS[0m
[2.726s] [ 10%] [34m[1mGenerating C++ type support dispatch for ROS interfaces[0m
[2.727s] [ 12%] [32mBuilding C object CMakeFiles/moteus_msgs__rosidl_generator_c.dir/rosidl_generator_c/moteus_msgs/msg/detail/moteus_state_multi__functions.c.o[0m
[2.727s] [ 14%] [32mBuilding C object CMakeFiles/moteus_msgs__rosidl_generator_c.dir/rosidl_generator_c/moteus_msgs/msg/detail/moteus_state_stamped__functions.c.o[0m
[2.727s] [ 17%] [32mBuilding C object CMakeFiles/moteus_msgs__rosidl_generator_c.dir/rosidl_generator_c/moteus_msgs/msg/detail/moteus_state__functions.c.o[0m
[2.794s] [ 19%] [32m[1mLinking C shared library libmoteus_msgs__rosidl_generator_c.so[0m
[2.844s] [ 19%] Built target moteus_msgs__rosidl_generator_c
[2.855s] [ 21%] [34m[1mGenerating C type support for eProsima Fast-RTPS[0m
[2.856s] [ 23%] [34m[1mGenerating C introspection for ROS interfaces[0m
[2.859s] [ 25%] [34m[1mGenerating C type support dispatch for ROS interfaces[0m
[3.069s] [35m[1mConsolidate compiler generated dependencies of target moteus_msgs__rosidl_typesupport_cpp[0m
[3.092s] [ 27%] [32mBuilding CXX object CMakeFiles/moteus_msgs__rosidl_typesupport_cpp.dir/rosidl_typesupport_cpp/moteus_msgs/msg/moteus_state_stamped__type_support.cpp.o[0m
[3.094s] [ 31%] [32mBuilding CXX object CMakeFiles/moteus_msgs__rosidl_typesupport_cpp.dir/rosidl_typesupport_cpp/moteus_msgs/msg/moteus_state_multi__type_support.cpp.o[0m
[3.094s] [ 31%] [32mBuilding CXX object CMakeFiles/moteus_msgs__rosidl_typesupport_cpp.dir/rosidl_typesupport_cpp/moteus_msgs/msg/moteus_state__type_support.cpp.o[0m
[3.099s] [35m[1mConsolidate compiler generated dependencies of target moteus_msgs__rosidl_typesupport_introspection_cpp[0m
[3.123s] [ 36%] [32mBuilding CXX object CMakeFiles/moteus_msgs__rosidl_typesupport_introspection_cpp.dir/rosidl_typesupport_introspection_cpp/moteus_msgs/msg/detail/moteus_state_stamped__type_support.cpp.o[0m
[3.123s] [ 36%] [32mBuilding CXX object CMakeFiles/moteus_msgs__rosidl_typesupport_introspection_cpp.dir/rosidl_typesupport_introspection_cpp/moteus_msgs/msg/detail/moteus_state__type_support.cpp.o[0m
[3.124s] [ 38%] [32mBuilding CXX object CMakeFiles/moteus_msgs__rosidl_typesupport_introspection_cpp.dir/rosidl_typesupport_introspection_cpp/moteus_msgs/msg/detail/moteus_state_multi__type_support.cpp.o[0m
[3.151s] [35m[1mConsolidate compiler generated dependencies of target moteus_msgs__rosidl_typesupport_fastrtps_cpp[0m
[3.169s] [35m[1mConsolidate compiler generated dependencies of target moteus_msgs__rosidl_typesupport_c[0m
[3.175s] [ 40%] [32mBuilding CXX object CMakeFiles/moteus_msgs__rosidl_typesupport_fastrtps_cpp.dir/rosidl_typesupport_fastrtps_cpp/moteus_msgs/msg/detail/dds_fastrtps/moteus_state_multi__type_support.cpp.o[0m
[3.175s] [ 42%] [32mBuilding CXX object CMakeFiles/moteus_msgs__rosidl_typesupport_fastrtps_cpp.dir/rosidl_typesupport_fastrtps_cpp/moteus_msgs/msg/detail/dds_fastrtps/moteus_state__type_support.cpp.o[0m
[3.175s] [ 44%] [32mBuilding CXX object CMakeFiles/moteus_msgs__rosidl_typesupport_fastrtps_cpp.dir/rosidl_typesupport_fastrtps_cpp/moteus_msgs/msg/detail/dds_fastrtps/moteus_state_stamped__type_support.cpp.o[0m
[3.183s] [ 48%] [32mBuilding CXX object CMakeFiles/moteus_msgs__rosidl_typesupport_c.dir/rosidl_typesupport_c/moteus_msgs/msg/moteus_state_stamped__type_support.cpp.o[0m
[3.184s] [ 48%] [32mBuilding CXX object CMakeFiles/moteus_msgs__rosidl_typesupport_c.dir/rosidl_typesupport_c/moteus_msgs/msg/moteus_state_multi__type_support.cpp.o[0m
[3.185s] [ 51%] [32mBuilding CXX object CMakeFiles/moteus_msgs__rosidl_typesupport_c.dir/rosidl_typesupport_c/moteus_msgs/msg/moteus_state__type_support.cpp.o[0m
[3.227s] [ 53%] [32m[1mLinking CXX shared library libmoteus_msgs__rosidl_typesupport_c.so[0m
[3.258s] [35m[1mConsolidate compiler generated dependencies of target moteus_msgs__rosidl_typesupport_introspection_c[0m
[3.275s] [ 57%] [32mBuilding C object CMakeFiles/moteus_msgs__rosidl_typesupport_introspection_c.dir/rosidl_typesupport_introspection_c/moteus_msgs/msg/detail/moteus_state_multi__type_support.c.o[0m
[3.275s] [ 57%] [32mBuilding C object CMakeFiles/moteus_msgs__rosidl_typesupport_introspection_c.dir/rosidl_typesupport_introspection_c/moteus_msgs/msg/detail/moteus_state__type_support.c.o[0m
[3.275s] [ 59%] [32mBuilding C object CMakeFiles/moteus_msgs__rosidl_typesupport_introspection_c.dir/rosidl_typesupport_introspection_c/moteus_msgs/msg/detail/moteus_state_stamped__type_support.c.o[0m
[3.285s] [35m[1mConsolidate compiler generated dependencies of target moteus_msgs__rosidl_typesupport_fastrtps_c[0m
[3.309s] [ 63%] [32mBuilding CXX object CMakeFiles/moteus_msgs__rosidl_typesupport_fastrtps_c.dir/rosidl_typesupport_fastrtps_c/moteus_msgs/msg/detail/moteus_state_stamped__type_support_c.cpp.o[0m
[3.309s] [ 63%] [32mBuilding CXX object CMakeFiles/moteus_msgs__rosidl_typesupport_fastrtps_c.dir/rosidl_typesupport_fastrtps_c/moteus_msgs/msg/detail/moteus_state_multi__type_support_c.cpp.o[0m
[3.310s] [ 63%] Built target moteus_msgs__rosidl_typesupport_c
[3.313s] [ 65%] [32mBuilding CXX object CMakeFiles/moteus_msgs__rosidl_typesupport_fastrtps_c.dir/rosidl_typesupport_fastrtps_c/moteus_msgs/msg/detail/moteus_state__type_support_c.cpp.o[0m
[3.324s] [ 68%] [32m[1mLinking C shared library libmoteus_msgs__rosidl_typesupport_introspection_c.so[0m
[3.365s] [ 68%] Built target moteus_msgs__rosidl_typesupport_introspection_c
[3.474s] [ 70%] [32m[1mLinking CXX shared library libmoteus_msgs__rosidl_typesupport_cpp.so[0m
[3.529s] [ 70%] Built target moteus_msgs__rosidl_typesupport_cpp
[3.712s] [ 72%] [32m[1mLinking CXX shared library libmoteus_msgs__rosidl_typesupport_introspection_cpp.so[0m
[3.756s] [ 74%] [32m[1mLinking CXX shared library libmoteus_msgs__rosidl_typesupport_fastrtps_c.so[0m
[3.784s] [ 76%] [32m[1mLinking CXX shared library libmoteus_msgs__rosidl_typesupport_fastrtps_cpp.so[0m
[3.798s] [ 76%] Built target moteus_msgs__rosidl_typesupport_introspection_cpp
[3.853s] [ 76%] Built target moteus_msgs__rosidl_typesupport_fastrtps_c
[3.872s] [ 76%] Built target moteus_msgs__rosidl_typesupport_fastrtps_cpp
[3.890s] [ 76%] Built target moteus_msgs
[3.912s] [ 78%] [34m[1mGenerating Python code for ROS interfaces[0m
[4.535s] [ 78%] Built target moteus_msgs__py
[4.545s] [35m[1mConsolidate compiler generated dependencies of target moteus_msgs__rosidl_generator_py[0m
[4.564s] [ 80%] [32mBuilding C object CMakeFiles/moteus_msgs__rosidl_generator_py.dir/rosidl_generator_py/moteus_msgs/msg/_moteus_state_stamped_s.c.o[0m
[4.565s] [ 82%] [32mBuilding C object CMakeFiles/moteus_msgs__rosidl_generator_py.dir/rosidl_generator_py/moteus_msgs/msg/_moteus_state_multi_s.c.o[0m
[4.569s] [ 85%] [32mBuilding C object CMakeFiles/moteus_msgs__rosidl_generator_py.dir/rosidl_generator_py/moteus_msgs/msg/_moteus_state_s.c.o[0m
[4.714s] [ 87%] [32m[1mLinking C shared library rosidl_generator_py/moteus_msgs/libmoteus_msgs__rosidl_generator_py.so[0m
[4.768s] [ 87%] Built target moteus_msgs__rosidl_generator_py
[4.779s] [35m[1mConsolidate compiler generated dependencies of target moteus_msgs__rosidl_typesupport_fastrtps_c__pyext[0m
[4.783s] [35m[1mConsolidate compiler generated dependencies of target moteus_msgs__rosidl_typesupport_introspection_c__pyext[0m
[4.784s] [35m[1mConsolidate compiler generated dependencies of target moteus_msgs__rosidl_typesupport_c__pyext[0m
[4.800s] [ 89%] [32mBuilding C object CMakeFiles/moteus_msgs__rosidl_typesupport_fastrtps_c__pyext.dir/rosidl_generator_py/moteus_msgs/_moteus_msgs_s.ep.rosidl_typesupport_fastrtps_c.c.o[0m
[4.804s] [ 91%] [32mBuilding C object CMakeFiles/moteus_msgs__rosidl_typesupport_introspection_c__pyext.dir/rosidl_generator_py/moteus_msgs/_moteus_msgs_s.ep.rosidl_typesupport_introspection_c.c.o[0m
[4.809s] [ 93%] [32mBuilding C object CMakeFiles/moteus_msgs__rosidl_typesupport_c__pyext.dir/rosidl_generator_py/moteus_msgs/_moteus_msgs_s.ep.rosidl_typesupport_c.c.o[0m
[4.935s] [ 95%] [32m[1mLinking C shared library rosidl_generator_py/moteus_msgs/moteus_msgs_s__rosidl_typesupport_fastrtps_c.cpython-310-x86_64-linux-gnu.so[0m
[4.942s] [ 97%] [32m[1mLinking C shared library rosidl_generator_py/moteus_msgs/moteus_msgs_s__rosidl_typesupport_c.cpython-310-x86_64-linux-gnu.so[0m
[4.944s] [100%] [32m[1mLinking C shared library rosidl_generator_py/moteus_msgs/moteus_msgs_s__rosidl_typesupport_introspection_c.cpython-310-x86_64-linux-gnu.so[0m
[4.989s] [100%] Built target moteus_msgs__rosidl_typesupport_fastrtps_c__pyext
[4.992s] [100%] Built target moteus_msgs__rosidl_typesupport_c__pyext
[4.997s] [100%] Built target moteus_msgs__rosidl_typesupport_introspection_c__pyext
[5.010s] Invoked command in '/home/bubble/Develops/ROS2/pkg_dev_ws/build/moteus_msgs' returned '0': CMAKE_PREFIX_PATH=${CMAKE_PREFIX_PATH}:/home/bubble/Develops/ROS2/pkg_dev_ws/install/moteus_motor:/opt/ros/humble /usr/bin/cmake --build /home/bubble/Develops/ROS2/pkg_dev_ws/build/moteus_msgs -- -j32 -l32
[5.150s] Invoking command in '/home/bubble/Develops/ROS2/pkg_dev_ws/build/moteus_msgs': CMAKE_PREFIX_PATH=${CMAKE_PREFIX_PATH}:/home/bubble/Develops/ROS2/pkg_dev_ws/install/moteus_motor:/opt/ros/humble /usr/bin/cmake --install /home/bubble/Develops/ROS2/pkg_dev_ws/build/moteus_msgs
[5.159s] -- Install configuration: ""
[5.160s] -- Execute custom install script
[5.161s] -- Up-to-date symlink: /home/bubble/Develops/ROS2/pkg_dev_ws/install/moteus_msgs/share/ament_index/resource_index/rosidl_interfaces/moteus_msgs
[5.162s] -- Up-to-date symlink: /home/bubble/Develops/ROS2/pkg_dev_ws/install/moteus_msgs/include/moteus_msgs/moteus_msgs/msg/detail/moteus_state__functions.h
[5.162s] -- Up-to-date symlink: /home/bubble/Develops/ROS2/pkg_dev_ws/install/moteus_msgs/include/moteus_msgs/moteus_msgs/msg/detail/moteus_state__struct.h
[5.162s] -- Up-to-date symlink: /home/bubble/Develops/ROS2/pkg_dev_ws/install/moteus_msgs/include/moteus_msgs/moteus_msgs/msg/detail/moteus_state__type_support.h
[5.162s] -- Symlinking: /home/bubble/Develops/ROS2/pkg_dev_ws/install/moteus_msgs/include/moteus_msgs/moteus_msgs/msg/detail/moteus_state_multi__functions.h
[5.176s] -- Symlinking: /home/bubble/Develops/ROS2/pkg_dev_ws/install/moteus_msgs/include/moteus_msgs/moteus_msgs/msg/detail/moteus_state_multi__struct.h
[5.186s] -- Symlinking: /home/bubble/Develops/ROS2/pkg_dev_ws/install/moteus_msgs/include/moteus_msgs/moteus_msgs/msg/detail/moteus_state_multi__type_support.h
[5.198s] -- Up-to-date symlink: /home/bubble/Develops/ROS2/pkg_dev_ws/install/moteus_msgs/include/moteus_msgs/moteus_msgs/msg/detail/moteus_state_stamped__functions.h
[5.198s] -- Up-to-date symlink: /home/bubble/Develops/ROS2/pkg_dev_ws/install/moteus_msgs/include/moteus_msgs/moteus_msgs/msg/detail/moteus_state_stamped__struct.h
[5.199s] -- Up-to-date symlink: /home/bubble/Develops/ROS2/pkg_dev_ws/install/moteus_msgs/include/moteus_msgs/moteus_msgs/msg/detail/moteus_state_stamped__type_support.h
[5.199s] -- Up-to-date symlink: /home/bubble/Develops/ROS2/pkg_dev_ws/install/moteus_msgs/include/moteus_msgs/moteus_msgs/msg/moteus_state.h
[5.199s] -- Symlinking: /home/bubble/Develops/ROS2/pkg_dev_ws/install/moteus_msgs/include/moteus_msgs/moteus_msgs/msg/moteus_state_multi.h
[5.208s] -- Up-to-date symlink: /home/bubble/Develops/ROS2/pkg_dev_ws/install/moteus_msgs/include/moteus_msgs/moteus_msgs/msg/moteus_state_stamped.h
[5.208s] -- Up-to-date symlink: /home/bubble/Develops/ROS2/pkg_dev_ws/install/moteus_msgs/include/moteus_msgs/moteus_msgs/msg/rosidl_generator_c__visibility_control.h
[5.209s] -- Up-to-date symlink: /home/bubble/Develops/ROS2/pkg_dev_ws/install/moteus_msgs/share/moteus_msgs/environment/library_path.sh
[5.209s] -- Up-to-date symlink: /home/bubble/Develops/ROS2/pkg_dev_ws/install/moteus_msgs/share/moteus_msgs/environment/library_path.dsv
[5.210s] -- Up-to-date symlink: /home/bubble/Develops/ROS2/pkg_dev_ws/install/moteus_msgs/include/moteus_msgs/moteus_msgs/msg/detail/moteus_state__rosidl_typesupport_fastrtps_c.h
[5.210s] -- Symlinking: /home/bubble/Develops/ROS2/pkg_dev_ws/install/moteus_msgs/include/moteus_msgs/moteus_msgs/msg/detail/moteus_state_multi__rosidl_typesupport_fastrtps_c.h
[5.220s] -- Up-to-date symlink: /home/bubble/Develops/ROS2/pkg_dev_ws/install/moteus_msgs/include/moteus_msgs/moteus_msgs/msg/detail/moteus_state_stamped__rosidl_typesupport_fastrtps_c.h
[5.220s] -- Up-to-date symlink: /home/bubble/Develops/ROS2/pkg_dev_ws/install/moteus_msgs/include/moteus_msgs/moteus_msgs/msg/rosidl_typesupport_fastrtps_c__visibility_control.h
[5.221s] -- Up-to-date symlink: /home/bubble/Develops/ROS2/pkg_dev_ws/install/moteus_msgs/include/moteus_msgs/moteus_msgs/msg/detail/moteus_state__builder.hpp
[5.221s] -- Up-to-date symlink: /home/bubble/Develops/ROS2/pkg_dev_ws/install/moteus_msgs/include/moteus_msgs/moteus_msgs/msg/detail/moteus_state__struct.hpp
[5.222s] -- Up-to-date symlink: /home/bubble/Develops/ROS2/pkg_dev_ws/install/moteus_msgs/include/moteus_msgs/moteus_msgs/msg/detail/moteus_state__traits.hpp
[5.222s] -- Symlinking: /home/bubble/Develops/ROS2/pkg_dev_ws/install/moteus_msgs/include/moteus_msgs/moteus_msgs/msg/detail/moteus_state_multi__builder.hpp
[5.233s] -- Symlinking: /home/bubble/Develops/ROS2/pkg_dev_ws/install/moteus_msgs/include/moteus_msgs/moteus_msgs/msg/detail/moteus_state_multi__struct.hpp
[5.245s] -- Symlinking: /home/bubble/Develops/ROS2/pkg_dev_ws/install/moteus_msgs/include/moteus_msgs/moteus_msgs/msg/detail/moteus_state_multi__traits.hpp
[5.254s] -- Up-to-date symlink: /home/bubble/Develops/ROS2/pkg_dev_ws/install/moteus_msgs/include/moteus_msgs/moteus_msgs/msg/detail/moteus_state_stamped__builder.hpp
[5.254s] -- Up-to-date symlink: /home/bubble/Develops/ROS2/pkg_dev_ws/install/moteus_msgs/include/moteus_msgs/moteus_msgs/msg/detail/moteus_state_stamped__struct.hpp
[5.255s] -- Up-to-date symlink: /home/bubble/Develops/ROS2/pkg_dev_ws/install/moteus_msgs/include/moteus_msgs/moteus_msgs/msg/detail/moteus_state_stamped__traits.hpp
[5.255s] -- Up-to-date symlink: /home/bubble/Develops/ROS2/pkg_dev_ws/install/moteus_msgs/include/moteus_msgs/moteus_msgs/msg/moteus_state.hpp
[5.256s] -- Symlinking: /home/bubble/Develops/ROS2/pkg_dev_ws/install/moteus_msgs/include/moteus_msgs/moteus_msgs/msg/moteus_state_multi.hpp
[5.263s] -- Up-to-date symlink: /home/bubble/Develops/ROS2/pkg_dev_ws/install/moteus_msgs/include/moteus_msgs/moteus_msgs/msg/moteus_state_stamped.hpp
[5.264s] -- Up-to-date symlink: /home/bubble/Develops/ROS2/pkg_dev_ws/install/moteus_msgs/include/moteus_msgs/moteus_msgs/msg/detail/moteus_state__rosidl_typesupport_fastrtps_cpp.hpp
[5.264s] -- Symlinking: /home/bubble/Develops/ROS2/pkg_dev_ws/install/moteus_msgs/include/moteus_msgs/moteus_msgs/msg/detail/moteus_state_multi__rosidl_typesupport_fastrtps_cpp.hpp
[5.272s] -- Up-to-date symlink: /home/bubble/Develops/ROS2/pkg_dev_ws/install/moteus_msgs/include/moteus_msgs/moteus_msgs/msg/detail/moteus_state_stamped__rosidl_typesupport_fastrtps_cpp.hpp
[5.273s] -- Up-to-date symlink: /home/bubble/Develops/ROS2/pkg_dev_ws/install/moteus_msgs/include/moteus_msgs/moteus_msgs/msg/rosidl_typesupport_fastrtps_cpp__visibility_control.h
[5.273s] -- Up-to-date symlink: /home/bubble/Develops/ROS2/pkg_dev_ws/install/moteus_msgs/include/moteus_msgs/moteus_msgs/msg/detail/moteus_state__rosidl_typesupport_introspection_c.h
[5.273s] -- Symlinking: /home/bubble/Develops/ROS2/pkg_dev_ws/install/moteus_msgs/include/moteus_msgs/moteus_msgs/msg/detail/moteus_state_multi__rosidl_typesupport_introspection_c.h
[5.283s] -- Up-to-date symlink: /home/bubble/Develops/ROS2/pkg_dev_ws/install/moteus_msgs/include/moteus_msgs/moteus_msgs/msg/detail/moteus_state_stamped__rosidl_typesupport_introspection_c.h
[5.283s] -- Up-to-date symlink: /home/bubble/Develops/ROS2/pkg_dev_ws/install/moteus_msgs/include/moteus_msgs/moteus_msgs/msg/rosidl_typesupport_introspection_c__visibility_control.h
[5.284s] -- Up-to-date symlink: /home/bubble/Develops/ROS2/pkg_dev_ws/install/moteus_msgs/include/moteus_msgs/moteus_msgs/msg/detail/moteus_state__rosidl_typesupport_introspection_cpp.hpp
[5.284s] -- Symlinking: /home/bubble/Develops/ROS2/pkg_dev_ws/install/moteus_msgs/include/moteus_msgs/moteus_msgs/msg/detail/moteus_state_multi__rosidl_typesupport_introspection_cpp.hpp
[5.292s] -- Up-to-date symlink: /home/bubble/Develops/ROS2/pkg_dev_ws/install/moteus_msgs/include/moteus_msgs/moteus_msgs/msg/detail/moteus_state_stamped__rosidl_typesupport_introspection_cpp.hpp
[5.292s] -- Up-to-date symlink: /home/bubble/Develops/ROS2/pkg_dev_ws/install/moteus_msgs/share/moteus_msgs/environment/pythonpath.sh
[5.292s] -- Up-to-date symlink: /home/bubble/Develops/ROS2/pkg_dev_ws/install/moteus_msgs/share/moteus_msgs/environment/pythonpath.dsv
[5.293s] -- Up-to-date symlink: /home/bubble/Develops/ROS2/pkg_dev_ws/install/moteus_msgs/local/lib/python3.10/dist-packages/moteus_msgs-0.0.1-py3.10.egg-info/PKG-INFO
[5.293s] -- Up-to-date symlink: /home/bubble/Develops/ROS2/pkg_dev_ws/install/moteus_msgs/local/lib/python3.10/dist-packages/moteus_msgs-0.0.1-py3.10.egg-info/SOURCES.txt
[5.294s] -- Up-to-date symlink: /home/bubble/Develops/ROS2/pkg_dev_ws/install/moteus_msgs/local/lib/python3.10/dist-packages/moteus_msgs-0.0.1-py3.10.egg-info/dependency_links.txt
[5.294s] -- Up-to-date symlink: /home/bubble/Develops/ROS2/pkg_dev_ws/install/moteus_msgs/local/lib/python3.10/dist-packages/moteus_msgs-0.0.1-py3.10.egg-info/top_level.txt
[5.295s] -- Up-to-date symlink: /home/bubble/Develops/ROS2/pkg_dev_ws/install/moteus_msgs/local/lib/python3.10/dist-packages/moteus_msgs/__init__.py
[5.295s] -- Up-to-date symlink: /home/bubble/Develops/ROS2/pkg_dev_ws/install/moteus_msgs/local/lib/python3.10/dist-packages/moteus_msgs/_moteus_msgs_s.ep.rosidl_typesupport_c.c
[5.295s] -- Up-to-date symlink: /home/bubble/Develops/ROS2/pkg_dev_ws/install/moteus_msgs/local/lib/python3.10/dist-packages/moteus_msgs/_moteus_msgs_s.ep.rosidl_typesupport_fastrtps_c.c
[5.296s] -- Up-to-date symlink: /home/bubble/Develops/ROS2/pkg_dev_ws/install/moteus_msgs/local/lib/python3.10/dist-packages/moteus_msgs/_moteus_msgs_s.ep.rosidl_typesupport_introspection_c.c
[5.296s] -- Up-to-date symlink: /home/bubble/Develops/ROS2/pkg_dev_ws/install/moteus_msgs/local/lib/python3.10/dist-packages/moteus_msgs/libmoteus_msgs__rosidl_generator_py.so
[5.296s] -- Up-to-date symlink: /home/bubble/Develops/ROS2/pkg_dev_ws/install/moteus_msgs/local/lib/python3.10/dist-packages/moteus_msgs/moteus_msgs_s__rosidl_typesupport_c.cpython-310-x86_64-linux-gnu.so
[5.297s] -- Up-to-date symlink: /home/bubble/Develops/ROS2/pkg_dev_ws/install/moteus_msgs/local/lib/python3.10/dist-packages/moteus_msgs/moteus_msgs_s__rosidl_typesupport_fastrtps_c.cpython-310-x86_64-linux-gnu.so
[5.297s] -- Up-to-date symlink: /home/bubble/Develops/ROS2/pkg_dev_ws/install/moteus_msgs/local/lib/python3.10/dist-packages/moteus_msgs/moteus_msgs_s__rosidl_typesupport_introspection_c.cpython-310-x86_64-linux-gnu.so
[5.297s] -- Up-to-date symlink: /home/bubble/Develops/ROS2/pkg_dev_ws/install/moteus_msgs/local/lib/python3.10/dist-packages/moteus_msgs/msg/__init__.py
[5.298s] -- Up-to-date symlink: /home/bubble/Develops/ROS2/pkg_dev_ws/install/moteus_msgs/local/lib/python3.10/dist-packages/moteus_msgs/msg/_moteus_state.py
[5.298s] -- Symlinking: /home/bubble/Develops/ROS2/pkg_dev_ws/install/moteus_msgs/local/lib/python3.10/dist-packages/moteus_msgs/msg/_moteus_state_multi.py
[5.305s] -- Symlinking: /home/bubble/Develops/ROS2/pkg_dev_ws/install/moteus_msgs/local/lib/python3.10/dist-packages/moteus_msgs/msg/_moteus_state_multi_s.c
[5.315s] -- Up-to-date symlink: /home/bubble/Develops/ROS2/pkg_dev_ws/install/moteus_msgs/local/lib/python3.10/dist-packages/moteus_msgs/msg/_moteus_state_s.c
[5.316s] -- Up-to-date symlink: /home/bubble/Develops/ROS2/pkg_dev_ws/install/moteus_msgs/local/lib/python3.10/dist-packages/moteus_msgs/msg/_moteus_state_stamped.py
[5.316s] -- Up-to-date symlink: /home/bubble/Develops/ROS2/pkg_dev_ws/install/moteus_msgs/local/lib/python3.10/dist-packages/moteus_msgs/msg/_moteus_state_stamped_s.c
[5.316s] -- Up-to-date symlink: /home/bubble/Develops/ROS2/pkg_dev_ws/install/moteus_msgs/local/lib/python3.10/dist-packages/moteus_msgs/moteus_msgs_s__rosidl_typesupport_fastrtps_c.cpython-310-x86_64-linux-gnu.so
[5.317s] -- Up-to-date symlink: /home/bubble/Develops/ROS2/pkg_dev_ws/install/moteus_msgs/local/lib/python3.10/dist-packages/moteus_msgs/moteus_msgs_s__rosidl_typesupport_introspection_c.cpython-310-x86_64-linux-gnu.so
[5.317s] -- Up-to-date symlink: /home/bubble/Develops/ROS2/pkg_dev_ws/install/moteus_msgs/local/lib/python3.10/dist-packages/moteus_msgs/moteus_msgs_s__rosidl_typesupport_c.cpython-310-x86_64-linux-gnu.so
[5.317s] -- Up-to-date symlink: /home/bubble/Develops/ROS2/pkg_dev_ws/install/moteus_msgs/share/moteus_msgs/msg/MoteusStateStamped.idl
[5.318s] -- Symlinking: /home/bubble/Develops/ROS2/pkg_dev_ws/install/moteus_msgs/share/moteus_msgs/msg/MoteusStateMulti.idl
[5.328s] -- Up-to-date symlink: /home/bubble/Develops/ROS2/pkg_dev_ws/install/moteus_msgs/share/moteus_msgs/msg/MoteusState.idl
[5.328s] -- Up-to-date symlink: /home/bubble/Develops/ROS2/pkg_dev_ws/install/moteus_msgs/share/moteus_msgs/msg/MoteusStateStamped.msg
[5.329s] -- Symlinking: /home/bubble/Develops/ROS2/pkg_dev_ws/install/moteus_msgs/share/moteus_msgs/msg/MoteusStateMulti.msg
[5.338s] -- Up-to-date symlink: /home/bubble/Develops/ROS2/pkg_dev_ws/install/moteus_msgs/share/moteus_msgs/msg/MoteusState.msg
[5.339s] -- Up-to-date symlink: /home/bubble/Develops/ROS2/pkg_dev_ws/install/moteus_msgs/share/ament_index/resource_index/package_run_dependencies/moteus_msgs
[5.339s] -- Up-to-date symlink: /home/bubble/Develops/ROS2/pkg_dev_ws/install/moteus_msgs/share/ament_index/resource_index/parent_prefix_path/moteus_msgs
[5.339s] -- Up-to-date symlink: /home/bubble/Develops/ROS2/pkg_dev_ws/install/moteus_msgs/share/moteus_msgs/environment/ament_prefix_path.sh
[5.340s] -- Up-to-date symlink: /home/bubble/Develops/ROS2/pkg_dev_ws/install/moteus_msgs/share/moteus_msgs/environment/ament_prefix_path.dsv
[5.340s] -- Up-to-date symlink: /home/bubble/Develops/ROS2/pkg_dev_ws/install/moteus_msgs/share/moteus_msgs/environment/path.sh
[5.340s] -- Up-to-date symlink: /home/bubble/Develops/ROS2/pkg_dev_ws/install/moteus_msgs/share/moteus_msgs/environment/path.dsv
[5.341s] -- Up-to-date symlink: /home/bubble/Develops/ROS2/pkg_dev_ws/install/moteus_msgs/share/moteus_msgs/local_setup.bash
[5.341s] -- Up-to-date symlink: /home/bubble/Develops/ROS2/pkg_dev_ws/install/moteus_msgs/share/moteus_msgs/local_setup.sh
[5.342s] -- Up-to-date symlink: /home/bubble/Develops/ROS2/pkg_dev_ws/install/moteus_msgs/share/moteus_msgs/local_setup.zsh
[5.342s] -- Up-to-date symlink: /home/bubble/Develops/ROS2/pkg_dev_ws/install/moteus_msgs/share/moteus_msgs/local_setup.dsv
[5.342s] -- Symlinking: /home/bubble/Develops/ROS2/pkg_dev_ws/install/moteus_msgs/share/moteus_msgs/package.dsv
[5.354s] -- Up-to-date symlink: /home/bubble/Develops/ROS2/pkg_dev_ws/install/moteus_msgs/share/ament_index/resource_index/packages/moteus_msgs
[5.354s] -- Up-to-date symlink: /home/bubble/Develops/ROS2/pkg_dev_ws/install/moteus_msgs/share/moteus_msgs/cmake/rosidl_cmake-extras.cmake
[5.354s] -- Up-to-date symlink: /home/bubble/Develops/ROS2/pkg_dev_ws/install/moteus_msgs/share/moteus_msgs/cmake/ament_cmake_export_dependencies-extras.cmake
[5.355s] -- Up-to-date symlink: /home/bubble/Develops/ROS2/pkg_dev_ws/install/moteus_msgs/share/moteus_msgs/cmake/ament_cmake_export_include_directories-extras.cmake
[5.355s] -- Up-to-date symlink: /home/bubble/Develops/ROS2/pkg_dev_ws/install/moteus_msgs/share/moteus_msgs/cmake/ament_cmake_export_libraries-extras.cmake
[5.355s] -- Up-to-date symlink: /home/bubble/Develops/ROS2/pkg_dev_ws/install/moteus_msgs/share/moteus_msgs/cmake/ament_cmake_export_targets-extras.cmake
[5.356s] -- Up-to-date symlink: /home/bubble/Develops/ROS2/pkg_dev_ws/install/moteus_msgs/share/moteus_msgs/cmake/rosidl_cmake_export_typesupport_targets-extras.cmake
[5.356s] -- Up-to-date symlink: /home/bubble/Develops/ROS2/pkg_dev_ws/install/moteus_msgs/share/moteus_msgs/cmake/rosidl_cmake_export_typesupport_libraries-extras.cmake
[5.356s] -- Up-to-date symlink: /home/bubble/Develops/ROS2/pkg_dev_ws/install/moteus_msgs/share/moteus_msgs/cmake/moteus_msgsConfig.cmake
[5.357s] -- Up-to-date symlink: /home/bubble/Develops/ROS2/pkg_dev_ws/install/moteus_msgs/share/moteus_msgs/cmake/moteus_msgsConfig-version.cmake
[5.357s] -- Up-to-date symlink: /home/bubble/Develops/ROS2/pkg_dev_ws/install/moteus_msgs/share/moteus_msgs/package.xml
[5.358s] -- Installing: /home/bubble/Develops/ROS2/pkg_dev_ws/install/moteus_msgs/lib/libmoteus_msgs__rosidl_generator_c.so
[5.358s] -- Set runtime path of "/home/bubble/Develops/ROS2/pkg_dev_ws/install/moteus_msgs/lib/libmoteus_msgs__rosidl_generator_c.so" to ""
[5.359s] -- Installing: /home/bubble/Develops/ROS2/pkg_dev_ws/install/moteus_msgs/lib/libmoteus_msgs__rosidl_typesupport_fastrtps_c.so
[5.360s] -- Set runtime path of "/home/bubble/Develops/ROS2/pkg_dev_ws/install/moteus_msgs/lib/libmoteus_msgs__rosidl_typesupport_fastrtps_c.so" to ""
[5.360s] -- Installing: /home/bubble/Develops/ROS2/pkg_dev_ws/install/moteus_msgs/lib/libmoteus_msgs__rosidl_typesupport_fastrtps_cpp.so
[5.362s] -- Set runtime path of "/home/bubble/Develops/ROS2/pkg_dev_ws/install/moteus_msgs/lib/libmoteus_msgs__rosidl_typesupport_fastrtps_cpp.so" to ""
[5.362s] -- Installing: /home/bubble/Develops/ROS2/pkg_dev_ws/install/moteus_msgs/lib/libmoteus_msgs__rosidl_typesupport_introspection_c.so
[5.363s] -- Set runtime path of "/home/bubble/Develops/ROS2/pkg_dev_ws/install/moteus_msgs/lib/libmoteus_msgs__rosidl_typesupport_introspection_c.so" to ""
[5.364s] -- Installing: /home/bubble/Develops/ROS2/pkg_dev_ws/install/moteus_msgs/lib/libmoteus_msgs__rosidl_typesupport_c.so
[5.365s] -- Set runtime path of "/home/bubble/Develops/ROS2/pkg_dev_ws/install/moteus_msgs/lib/libmoteus_msgs__rosidl_typesupport_c.so" to ""
[5.365s] -- Installing: /home/bubble/Develops/ROS2/pkg_dev_ws/install/moteus_msgs/lib/libmoteus_msgs__rosidl_typesupport_introspection_cpp.so
[5.367s] -- Set runtime path of "/home/bubble/Develops/ROS2/pkg_dev_ws/install/moteus_msgs/lib/libmoteus_msgs__rosidl_typesupport_introspection_cpp.so" to ""
[5.367s] -- Installing: /home/bubble/Develops/ROS2/pkg_dev_ws/install/moteus_msgs/lib/libmoteus_msgs__rosidl_typesupport_cpp.so
[5.368s] -- Set runtime path of "/home/bubble/Develops/ROS2/pkg_dev_ws/install/moteus_msgs/lib/libmoteus_msgs__rosidl_typesupport_cpp.so" to ""
[5.415s] Listing '/home/bubble/Develops/ROS2/pkg_dev_ws/install/moteus_msgs/local/lib/python3.10/dist-packages/moteus_msgs'...
[5.415s] Compiling '/home/bubble/Develops/ROS2/pkg_dev_ws/install/moteus_msgs/local/lib/python3.10/dist-packages/moteus_msgs/__init__.py'...
[5.416s] Listing '/home/bubble/Develops/ROS2/pkg_dev_ws/install/moteus_msgs/local/lib/python3.10/dist-packages/moteus_msgs/msg'...
[5.416s] Compiling '/home/bubble/Develops/ROS2/pkg_dev_ws/install/moteus_msgs/local/lib/python3.10/dist-packages/moteus_msgs/msg/__init__.py'...
[5.416s] Compiling '/home/bubble/Develops/ROS2/pkg_dev_ws/install/moteus_msgs/local/lib/python3.10/dist-packages/moteus_msgs/msg/_moteus_state.py'...
[5.417s] Compiling '/home/bubble/Develops/ROS2/pkg_dev_ws/install/moteus_msgs/local/lib/python3.10/dist-packages/moteus_msgs/msg/_moteus_state_multi.py'...
[5.417s] Compiling '/home/bubble/Develops/ROS2/pkg_dev_ws/install/moteus_msgs/local/lib/python3.10/dist-packages/moteus_msgs/msg/_moteus_state_stamped.py'...
[5.422s] -- Installing: /home/bubble/Develops/ROS2/pkg_dev_ws/install/moteus_msgs/lib/libmoteus_msgs__rosidl_generator_py.so
[5.423s] -- Set runtime path of "/home/bubble/Develops/ROS2/pkg_dev_ws/install/moteus_msgs/lib/libmoteus_msgs__rosidl_generator_py.so" to ""
[5.423s] -- Up-to-date: /home/bubble/Develops/ROS2/pkg_dev_ws/install/moteus_msgs/share/moteus_msgs/cmake/export_moteus_msgs__rosidl_generator_cExport.cmake
[5.424s] -- Up-to-date: /home/bubble/Develops/ROS2/pkg_dev_ws/install/moteus_msgs/share/moteus_msgs/cmake/export_moteus_msgs__rosidl_generator_cExport-noconfig.cmake
[5.424s] -- Up-to-date: /home/bubble/Develops/ROS2/pkg_dev_ws/install/moteus_msgs/share/moteus_msgs/cmake/export_moteus_msgs__rosidl_typesupport_fastrtps_cExport.cmake
[5.424s] -- Up-to-date: /home/bubble/Develops/ROS2/pkg_dev_ws/install/moteus_msgs/share/moteus_msgs/cmake/export_moteus_msgs__rosidl_typesupport_fastrtps_cExport-noconfig.cmake
[5.425s] -- Up-to-date: /home/bubble/Develops/ROS2/pkg_dev_ws/install/moteus_msgs/share/moteus_msgs/cmake/export_moteus_msgs__rosidl_generator_cppExport.cmake
[5.425s] -- Up-to-date: /home/bubble/Develops/ROS2/pkg_dev_ws/install/moteus_msgs/share/moteus_msgs/cmake/export_moteus_msgs__rosidl_typesupport_fastrtps_cppExport.cmake
[5.425s] -- Up-to-date: /home/bubble/Develops/ROS2/pkg_dev_ws/install/moteus_msgs/share/moteus_msgs/cmake/export_moteus_msgs__rosidl_typesupport_fastrtps_cppExport-noconfig.cmake
[5.426s] -- Up-to-date: /home/bubble/Develops/ROS2/pkg_dev_ws/install/moteus_msgs/share/moteus_msgs/cmake/moteus_msgs__rosidl_typesupport_introspection_cExport.cmake
[5.426s] -- Up-to-date: /home/bubble/Develops/ROS2/pkg_dev_ws/install/moteus_msgs/share/moteus_msgs/cmake/moteus_msgs__rosidl_typesupport_introspection_cExport-noconfig.cmake
[5.426s] -- Up-to-date: /home/bubble/Develops/ROS2/pkg_dev_ws/install/moteus_msgs/share/moteus_msgs/cmake/moteus_msgs__rosidl_typesupport_cExport.cmake
[5.427s] -- Up-to-date: /home/bubble/Develops/ROS2/pkg_dev_ws/install/moteus_msgs/share/moteus_msgs/cmake/moteus_msgs__rosidl_typesupport_cExport-noconfig.cmake
[5.427s] -- Up-to-date: /home/bubble/Develops/ROS2/pkg_dev_ws/install/moteus_msgs/share/moteus_msgs/cmake/moteus_msgs__rosidl_typesupport_introspection_cppExport.cmake
[5.428s] -- Up-to-date: /home/bubble/Develops/ROS2/pkg_dev_ws/install/moteus_msgs/share/moteus_msgs/cmake/moteus_msgs__rosidl_typesupport_introspection_cppExport-noconfig.cmake
[5.429s] -- Up-to-date: /home/bubble/Develops/ROS2/pkg_dev_ws/install/moteus_msgs/share/moteus_msgs/cmake/moteus_msgs__rosidl_typesupport_cppExport.cmake
[5.435s] -- Up-to-date: /home/bubble/Develops/ROS2/pkg_dev_ws/install/moteus_msgs/share/moteus_msgs/cmake/moteus_msgs__rosidl_typesupport_cppExport-noconfig.cmake
[5.436s] -- Up-to-date: /home/bubble/Develops/ROS2/pkg_dev_ws/install/moteus_msgs/share/moteus_msgs/cmake/export_moteus_msgs__rosidl_generator_pyExport.cmake
[5.436s] -- Up-to-date: /home/bubble/Develops/ROS2/pkg_dev_ws/install/moteus_msgs/share/moteus_msgs/cmake/export_moteus_msgs__rosidl_generator_pyExport-noconfig.cmake
[5.437s] Invoked command in '/home/bubble/Develops/ROS2/pkg_dev_ws/build/moteus_msgs' returned '0': CMAKE_PREFIX_PATH=${CMAKE_PREFIX_PATH}:/home/bubble/Develops/ROS2/pkg_dev_ws/install/moteus_motor:/opt/ros/humble /usr/bin/cmake --install /home/bubble/Develops/ROS2/pkg_dev_ws/build/moteus_msgs
