[0.348s] Invoking command in '/home/bubble/Develops/ROS2/pkg_dev_ws/build/moteus_msgs': CMAKE_PREFIX_PATH=/opt/ros/humble /usr/bin/cmake --build /home/bubble/Develops/ROS2/pkg_dev_ws/build/moteus_msgs -- -j32 -l32
[0.399s] [35m[1mConsolidate compiler generated dependencies of target moteus_msgs__rosidl_generator_c[0m
[0.414s] [  2%] Built target moteus_msgs__cpp
[0.418s] [ 12%] Built target moteus_msgs__rosidl_generator_c
[0.419s] [ 12%] Built target ament_cmake_python_symlink_moteus_msgs
[0.428s] [35m[1mConsolidate compiler generated dependencies of target moteus_msgs__rosidl_typesupport_fastrtps_cpp[0m
[0.429s] [35m[1mConsolidate compiler generated dependencies of target moteus_msgs__rosidl_typesupport_cpp[0m
[0.429s] [35m[1mConsolidate compiler generated dependencies of target moteus_msgs__rosidl_typesupport_introspection_cpp[0m
[0.431s] [35m[1mConsolidate compiler generated dependencies of target moteus_msgs__rosidl_typesupport_c[0m
[0.432s] [35m[1mConsolidate compiler generated dependencies of target moteus_msgs__rosidl_typesupport_introspection_c[0m
[0.432s] [35m[1mConsolidate compiler generated dependencies of target moteus_msgs__rosidl_typesupport_fastrtps_c[0m
[0.447s] [ 23%] Built target moteus_msgs__rosidl_typesupport_c
[0.450s] [ 33%] Built target moteus_msgs__rosidl_typesupport_introspection_c
[0.452s] [ 43%] Built target moteus_msgs__rosidl_typesupport_cpp
[0.454s] [ 64%] Built target moteus_msgs__rosidl_typesupport_introspection_cpp
[0.455s] [ 64%] Built target moteus_msgs__rosidl_typesupport_fastrtps_cpp
[0.457s] [ 74%] Built target moteus_msgs__rosidl_typesupport_fastrtps_c
[0.480s] [ 74%] Built target moteus_msgs
[0.505s] [ 76%] Built target moteus_msgs__py
[0.520s] [35m[1mConsolidate compiler generated dependencies of target moteus_msgs__rosidl_generator_py[0m
[0.544s] [ 84%] Built target moteus_msgs__rosidl_generator_py
[0.558s] [35m[1mConsolidate compiler generated dependencies of target moteus_msgs__rosidl_typesupport_fastrtps_c__pyext[0m
[0.558s] [35m[1mConsolidate compiler generated dependencies of target moteus_msgs__rosidl_typesupport_c__pyext[0m
[0.559s] [35m[1mConsolidate compiler generated dependencies of target moteus_msgs__rosidl_typesupport_introspection_c__pyext[0m
[0.581s] [100%] Built target moteus_msgs__rosidl_typesupport_c__pyext
[0.581s] [100%] Built target moteus_msgs__rosidl_typesupport_introspection_c__pyext
[0.582s] [100%] Built target moteus_msgs__rosidl_typesupport_fastrtps_c__pyext
[0.718s] running egg_info
[0.718s] writing moteus_msgs.egg-info/PKG-INFO
[0.719s] writing dependency_links to moteus_msgs.egg-info/dependency_links.txt
[0.719s] writing top-level names to moteus_msgs.egg-info/top_level.txt
[0.722s] reading manifest file 'moteus_msgs.egg-info/SOURCES.txt'
[0.722s] writing manifest file 'moteus_msgs.egg-info/SOURCES.txt'
[0.752s] [100%] Built target ament_cmake_python_build_moteus_msgs_egg
[0.773s] Invoked command in '/home/bubble/Develops/ROS2/pkg_dev_ws/build/moteus_msgs' returned '0': CMAKE_PREFIX_PATH=/opt/ros/humble /usr/bin/cmake --build /home/bubble/Develops/ROS2/pkg_dev_ws/build/moteus_msgs -- -j32 -l32
[0.877s] Invoking command in '/home/bubble/Develops/ROS2/pkg_dev_ws/build/moteus_msgs': CMAKE_PREFIX_PATH=/opt/ros/humble /usr/bin/cmake --install /home/bubble/Develops/ROS2/pkg_dev_ws/build/moteus_msgs
[0.884s] -- Install configuration: ""
[0.885s] -- Execute custom install script
[0.886s] -- Up-to-date symlink: /home/bubble/Develops/ROS2/pkg_dev_ws/install/moteus_msgs/share/ament_index/resource_index/rosidl_interfaces/moteus_msgs
[0.886s] -- Up-to-date symlink: /home/bubble/Develops/ROS2/pkg_dev_ws/install/moteus_msgs/include/moteus_msgs/moteus_msgs/msg/detail/moteus_state__functions.h
[0.886s] -- Up-to-date symlink: /home/bubble/Develops/ROS2/pkg_dev_ws/install/moteus_msgs/include/moteus_msgs/moteus_msgs/msg/detail/moteus_state__struct.h
[0.887s] -- Up-to-date symlink: /home/bubble/Develops/ROS2/pkg_dev_ws/install/moteus_msgs/include/moteus_msgs/moteus_msgs/msg/detail/moteus_state__type_support.h
[0.887s] -- Up-to-date symlink: /home/bubble/Develops/ROS2/pkg_dev_ws/install/moteus_msgs/include/moteus_msgs/moteus_msgs/msg/detail/moteus_state_stamped__functions.h
[0.887s] -- Up-to-date symlink: /home/bubble/Develops/ROS2/pkg_dev_ws/install/moteus_msgs/include/moteus_msgs/moteus_msgs/msg/detail/moteus_state_stamped__struct.h
[0.887s] -- Up-to-date symlink: /home/bubble/Develops/ROS2/pkg_dev_ws/install/moteus_msgs/include/moteus_msgs/moteus_msgs/msg/detail/moteus_state_stamped__type_support.h
[0.887s] -- Up-to-date symlink: /home/bubble/Develops/ROS2/pkg_dev_ws/install/moteus_msgs/include/moteus_msgs/moteus_msgs/msg/moteus_state.h
[0.887s] -- Up-to-date symlink: /home/bubble/Develops/ROS2/pkg_dev_ws/install/moteus_msgs/include/moteus_msgs/moteus_msgs/msg/moteus_state_stamped.h
[0.888s] -- Up-to-date symlink: /home/bubble/Develops/ROS2/pkg_dev_ws/install/moteus_msgs/include/moteus_msgs/moteus_msgs/msg/rosidl_generator_c__visibility_control.h
[0.888s] -- Up-to-date symlink: /home/bubble/Develops/ROS2/pkg_dev_ws/install/moteus_msgs/share/moteus_msgs/environment/library_path.sh
[0.888s] -- Up-to-date symlink: /home/bubble/Develops/ROS2/pkg_dev_ws/install/moteus_msgs/share/moteus_msgs/environment/library_path.dsv
[0.889s] -- Up-to-date symlink: /home/bubble/Develops/ROS2/pkg_dev_ws/install/moteus_msgs/include/moteus_msgs/moteus_msgs/msg/detail/moteus_state__rosidl_typesupport_fastrtps_c.h
[0.889s] -- Up-to-date symlink: /home/bubble/Develops/ROS2/pkg_dev_ws/install/moteus_msgs/include/moteus_msgs/moteus_msgs/msg/detail/moteus_state_stamped__rosidl_typesupport_fastrtps_c.h
[0.890s] -- Up-to-date symlink: /home/bubble/Develops/ROS2/pkg_dev_ws/install/moteus_msgs/include/moteus_msgs/moteus_msgs/msg/rosidl_typesupport_fastrtps_c__visibility_control.h
[0.890s] -- Up-to-date symlink: /home/bubble/Develops/ROS2/pkg_dev_ws/install/moteus_msgs/include/moteus_msgs/moteus_msgs/msg/detail/moteus_state__builder.hpp
[0.890s] -- Up-to-date symlink: /home/bubble/Develops/ROS2/pkg_dev_ws/install/moteus_msgs/include/moteus_msgs/moteus_msgs/msg/detail/moteus_state__struct.hpp
[0.890s] -- Up-to-date symlink: /home/bubble/Develops/ROS2/pkg_dev_ws/install/moteus_msgs/include/moteus_msgs/moteus_msgs/msg/detail/moteus_state__traits.hpp
[0.891s] -- Up-to-date symlink: /home/bubble/Develops/ROS2/pkg_dev_ws/install/moteus_msgs/include/moteus_msgs/moteus_msgs/msg/detail/moteus_state_stamped__builder.hpp
[0.891s] -- Up-to-date symlink: /home/bubble/Develops/ROS2/pkg_dev_ws/install/moteus_msgs/include/moteus_msgs/moteus_msgs/msg/detail/moteus_state_stamped__struct.hpp
[0.891s] -- Up-to-date symlink: /home/bubble/Develops/ROS2/pkg_dev_ws/install/moteus_msgs/include/moteus_msgs/moteus_msgs/msg/detail/moteus_state_stamped__traits.hpp
[0.891s] -- Up-to-date symlink: /home/bubble/Develops/ROS2/pkg_dev_ws/install/moteus_msgs/include/moteus_msgs/moteus_msgs/msg/moteus_state.hpp
[0.891s] -- Up-to-date symlink: /home/bubble/Develops/ROS2/pkg_dev_ws/install/moteus_msgs/include/moteus_msgs/moteus_msgs/msg/moteus_state_stamped.hpp
[0.892s] -- Up-to-date symlink: /home/bubble/Develops/ROS2/pkg_dev_ws/install/moteus_msgs/include/moteus_msgs/moteus_msgs/msg/detail/moteus_state__rosidl_typesupport_fastrtps_cpp.hpp
[0.892s] -- Up-to-date symlink: /home/bubble/Develops/ROS2/pkg_dev_ws/install/moteus_msgs/include/moteus_msgs/moteus_msgs/msg/detail/moteus_state_stamped__rosidl_typesupport_fastrtps_cpp.hpp
[0.893s] -- Up-to-date symlink: /home/bubble/Develops/ROS2/pkg_dev_ws/install/moteus_msgs/include/moteus_msgs/moteus_msgs/msg/rosidl_typesupport_fastrtps_cpp__visibility_control.h
[0.893s] -- Up-to-date symlink: /home/bubble/Develops/ROS2/pkg_dev_ws/install/moteus_msgs/include/moteus_msgs/moteus_msgs/msg/detail/moteus_state__rosidl_typesupport_introspection_c.h
[0.893s] -- Up-to-date symlink: /home/bubble/Develops/ROS2/pkg_dev_ws/install/moteus_msgs/include/moteus_msgs/moteus_msgs/msg/detail/moteus_state_stamped__rosidl_typesupport_introspection_c.h
[0.894s] -- Up-to-date symlink: /home/bubble/Develops/ROS2/pkg_dev_ws/install/moteus_msgs/include/moteus_msgs/moteus_msgs/msg/rosidl_typesupport_introspection_c__visibility_control.h
[0.894s] -- Up-to-date symlink: /home/bubble/Develops/ROS2/pkg_dev_ws/install/moteus_msgs/include/moteus_msgs/moteus_msgs/msg/detail/moteus_state__rosidl_typesupport_introspection_cpp.hpp
[0.894s] -- Up-to-date symlink: /home/bubble/Develops/ROS2/pkg_dev_ws/install/moteus_msgs/include/moteus_msgs/moteus_msgs/msg/detail/moteus_state_stamped__rosidl_typesupport_introspection_cpp.hpp
[0.895s] -- Up-to-date symlink: /home/bubble/Develops/ROS2/pkg_dev_ws/install/moteus_msgs/share/moteus_msgs/environment/pythonpath.sh
[0.895s] -- Up-to-date symlink: /home/bubble/Develops/ROS2/pkg_dev_ws/install/moteus_msgs/share/moteus_msgs/environment/pythonpath.dsv
[0.895s] -- Up-to-date symlink: /home/bubble/Develops/ROS2/pkg_dev_ws/install/moteus_msgs/local/lib/python3.10/dist-packages/moteus_msgs-0.0.1-py3.10.egg-info/PKG-INFO
[0.895s] -- Up-to-date symlink: /home/bubble/Develops/ROS2/pkg_dev_ws/install/moteus_msgs/local/lib/python3.10/dist-packages/moteus_msgs-0.0.1-py3.10.egg-info/SOURCES.txt
[0.896s] -- Up-to-date symlink: /home/bubble/Develops/ROS2/pkg_dev_ws/install/moteus_msgs/local/lib/python3.10/dist-packages/moteus_msgs-0.0.1-py3.10.egg-info/dependency_links.txt
[0.896s] -- Up-to-date symlink: /home/bubble/Develops/ROS2/pkg_dev_ws/install/moteus_msgs/local/lib/python3.10/dist-packages/moteus_msgs-0.0.1-py3.10.egg-info/top_level.txt
[0.897s] -- Up-to-date symlink: /home/bubble/Develops/ROS2/pkg_dev_ws/install/moteus_msgs/local/lib/python3.10/dist-packages/moteus_msgs/__init__.py
[0.897s] -- Up-to-date symlink: /home/bubble/Develops/ROS2/pkg_dev_ws/install/moteus_msgs/local/lib/python3.10/dist-packages/moteus_msgs/_moteus_msgs_s.ep.rosidl_typesupport_c.c
[0.897s] -- Up-to-date symlink: /home/bubble/Develops/ROS2/pkg_dev_ws/install/moteus_msgs/local/lib/python3.10/dist-packages/moteus_msgs/_moteus_msgs_s.ep.rosidl_typesupport_fastrtps_c.c
[0.897s] -- Up-to-date symlink: /home/bubble/Develops/ROS2/pkg_dev_ws/install/moteus_msgs/local/lib/python3.10/dist-packages/moteus_msgs/_moteus_msgs_s.ep.rosidl_typesupport_introspection_c.c
[0.898s] -- Up-to-date symlink: /home/bubble/Develops/ROS2/pkg_dev_ws/install/moteus_msgs/local/lib/python3.10/dist-packages/moteus_msgs/libmoteus_msgs__rosidl_generator_py.so
[0.898s] -- Up-to-date symlink: /home/bubble/Develops/ROS2/pkg_dev_ws/install/moteus_msgs/local/lib/python3.10/dist-packages/moteus_msgs/moteus_msgs_s__rosidl_typesupport_c.cpython-310-x86_64-linux-gnu.so
[0.898s] -- Up-to-date symlink: /home/bubble/Develops/ROS2/pkg_dev_ws/install/moteus_msgs/local/lib/python3.10/dist-packages/moteus_msgs/moteus_msgs_s__rosidl_typesupport_fastrtps_c.cpython-310-x86_64-linux-gnu.so
[0.898s] -- Up-to-date symlink: /home/bubble/Develops/ROS2/pkg_dev_ws/install/moteus_msgs/local/lib/python3.10/dist-packages/moteus_msgs/moteus_msgs_s__rosidl_typesupport_introspection_c.cpython-310-x86_64-linux-gnu.so
[0.898s] -- Up-to-date symlink: /home/bubble/Develops/ROS2/pkg_dev_ws/install/moteus_msgs/local/lib/python3.10/dist-packages/moteus_msgs/msg/__init__.py
[0.899s] -- Up-to-date symlink: /home/bubble/Develops/ROS2/pkg_dev_ws/install/moteus_msgs/local/lib/python3.10/dist-packages/moteus_msgs/msg/_moteus_state.py
[0.899s] -- Up-to-date symlink: /home/bubble/Develops/ROS2/pkg_dev_ws/install/moteus_msgs/local/lib/python3.10/dist-packages/moteus_msgs/msg/_moteus_state_s.c
[0.899s] -- Up-to-date symlink: /home/bubble/Develops/ROS2/pkg_dev_ws/install/moteus_msgs/local/lib/python3.10/dist-packages/moteus_msgs/msg/_moteus_state_stamped.py
[0.899s] -- Up-to-date symlink: /home/bubble/Develops/ROS2/pkg_dev_ws/install/moteus_msgs/local/lib/python3.10/dist-packages/moteus_msgs/msg/_moteus_state_stamped_s.c
[0.900s] -- Up-to-date symlink: /home/bubble/Develops/ROS2/pkg_dev_ws/install/moteus_msgs/local/lib/python3.10/dist-packages/moteus_msgs/moteus_msgs_s__rosidl_typesupport_fastrtps_c.cpython-310-x86_64-linux-gnu.so
[0.900s] -- Up-to-date symlink: /home/bubble/Develops/ROS2/pkg_dev_ws/install/moteus_msgs/local/lib/python3.10/dist-packages/moteus_msgs/moteus_msgs_s__rosidl_typesupport_introspection_c.cpython-310-x86_64-linux-gnu.so
[0.900s] -- Up-to-date symlink: /home/bubble/Develops/ROS2/pkg_dev_ws/install/moteus_msgs/local/lib/python3.10/dist-packages/moteus_msgs/moteus_msgs_s__rosidl_typesupport_c.cpython-310-x86_64-linux-gnu.so
[0.901s] -- Up-to-date symlink: /home/bubble/Develops/ROS2/pkg_dev_ws/install/moteus_msgs/share/moteus_msgs/msg/MoteusStateStamped.idl
[0.901s] -- Up-to-date symlink: /home/bubble/Develops/ROS2/pkg_dev_ws/install/moteus_msgs/share/moteus_msgs/msg/MoteusState.idl
[0.901s] -- Up-to-date symlink: /home/bubble/Develops/ROS2/pkg_dev_ws/install/moteus_msgs/share/moteus_msgs/msg/MoteusStateStamped.msg
[0.901s] -- Up-to-date symlink: /home/bubble/Develops/ROS2/pkg_dev_ws/install/moteus_msgs/share/moteus_msgs/msg/MoteusState.msg
[0.902s] -- Up-to-date symlink: /home/bubble/Develops/ROS2/pkg_dev_ws/install/moteus_msgs/share/ament_index/resource_index/package_run_dependencies/moteus_msgs
[0.902s] -- Up-to-date symlink: /home/bubble/Develops/ROS2/pkg_dev_ws/install/moteus_msgs/share/ament_index/resource_index/parent_prefix_path/moteus_msgs
[0.902s] -- Up-to-date symlink: /home/bubble/Develops/ROS2/pkg_dev_ws/install/moteus_msgs/share/moteus_msgs/environment/ament_prefix_path.sh
[0.902s] -- Up-to-date symlink: /home/bubble/Develops/ROS2/pkg_dev_ws/install/moteus_msgs/share/moteus_msgs/environment/ament_prefix_path.dsv
[0.903s] -- Up-to-date symlink: /home/bubble/Develops/ROS2/pkg_dev_ws/install/moteus_msgs/share/moteus_msgs/environment/path.sh
[0.903s] -- Up-to-date symlink: /home/bubble/Develops/ROS2/pkg_dev_ws/install/moteus_msgs/share/moteus_msgs/environment/path.dsv
[0.903s] -- Up-to-date symlink: /home/bubble/Develops/ROS2/pkg_dev_ws/install/moteus_msgs/share/moteus_msgs/local_setup.bash
[0.903s] -- Up-to-date symlink: /home/bubble/Develops/ROS2/pkg_dev_ws/install/moteus_msgs/share/moteus_msgs/local_setup.sh
[0.904s] -- Up-to-date symlink: /home/bubble/Develops/ROS2/pkg_dev_ws/install/moteus_msgs/share/moteus_msgs/local_setup.zsh
[0.904s] -- Up-to-date symlink: /home/bubble/Develops/ROS2/pkg_dev_ws/install/moteus_msgs/share/moteus_msgs/local_setup.dsv
[0.904s] -- Symlinking: /home/bubble/Develops/ROS2/pkg_dev_ws/install/moteus_msgs/share/moteus_msgs/package.dsv
[0.913s] -- Up-to-date symlink: /home/bubble/Develops/ROS2/pkg_dev_ws/install/moteus_msgs/share/ament_index/resource_index/packages/moteus_msgs
[0.914s] -- Up-to-date symlink: /home/bubble/Develops/ROS2/pkg_dev_ws/install/moteus_msgs/share/moteus_msgs/cmake/rosidl_cmake-extras.cmake
[0.914s] -- Up-to-date symlink: /home/bubble/Develops/ROS2/pkg_dev_ws/install/moteus_msgs/share/moteus_msgs/cmake/ament_cmake_export_dependencies-extras.cmake
[0.914s] -- Up-to-date symlink: /home/bubble/Develops/ROS2/pkg_dev_ws/install/moteus_msgs/share/moteus_msgs/cmake/ament_cmake_export_include_directories-extras.cmake
[0.915s] -- Up-to-date symlink: /home/bubble/Develops/ROS2/pkg_dev_ws/install/moteus_msgs/share/moteus_msgs/cmake/ament_cmake_export_libraries-extras.cmake
[0.915s] -- Up-to-date symlink: /home/bubble/Develops/ROS2/pkg_dev_ws/install/moteus_msgs/share/moteus_msgs/cmake/ament_cmake_export_targets-extras.cmake
[0.915s] -- Up-to-date symlink: /home/bubble/Develops/ROS2/pkg_dev_ws/install/moteus_msgs/share/moteus_msgs/cmake/rosidl_cmake_export_typesupport_targets-extras.cmake
[0.915s] -- Up-to-date symlink: /home/bubble/Develops/ROS2/pkg_dev_ws/install/moteus_msgs/share/moteus_msgs/cmake/rosidl_cmake_export_typesupport_libraries-extras.cmake
[0.915s] -- Up-to-date symlink: /home/bubble/Develops/ROS2/pkg_dev_ws/install/moteus_msgs/share/moteus_msgs/cmake/moteus_msgsConfig.cmake
[0.916s] -- Up-to-date symlink: /home/bubble/Develops/ROS2/pkg_dev_ws/install/moteus_msgs/share/moteus_msgs/cmake/moteus_msgsConfig-version.cmake
[0.916s] -- Up-to-date symlink: /home/bubble/Develops/ROS2/pkg_dev_ws/install/moteus_msgs/share/moteus_msgs/package.xml
[0.917s] -- Up-to-date: /home/bubble/Develops/ROS2/pkg_dev_ws/install/moteus_msgs/lib/libmoteus_msgs__rosidl_generator_c.so
[0.917s] -- Up-to-date: /home/bubble/Develops/ROS2/pkg_dev_ws/install/moteus_msgs/lib/libmoteus_msgs__rosidl_typesupport_fastrtps_c.so
[0.918s] -- Up-to-date: /home/bubble/Develops/ROS2/pkg_dev_ws/install/moteus_msgs/lib/libmoteus_msgs__rosidl_typesupport_fastrtps_cpp.so
[0.919s] -- Up-to-date: /home/bubble/Develops/ROS2/pkg_dev_ws/install/moteus_msgs/lib/libmoteus_msgs__rosidl_typesupport_introspection_c.so
[0.920s] -- Up-to-date: /home/bubble/Develops/ROS2/pkg_dev_ws/install/moteus_msgs/lib/libmoteus_msgs__rosidl_typesupport_c.so
[0.921s] -- Up-to-date: /home/bubble/Develops/ROS2/pkg_dev_ws/install/moteus_msgs/lib/libmoteus_msgs__rosidl_typesupport_introspection_cpp.so
[0.922s] -- Up-to-date: /home/bubble/Develops/ROS2/pkg_dev_ws/install/moteus_msgs/lib/libmoteus_msgs__rosidl_typesupport_cpp.so
[0.955s] Listing '/home/bubble/Develops/ROS2/pkg_dev_ws/install/moteus_msgs/local/lib/python3.10/dist-packages/moteus_msgs'...
[0.956s] Listing '/home/bubble/Develops/ROS2/pkg_dev_ws/install/moteus_msgs/local/lib/python3.10/dist-packages/moteus_msgs/msg'...
[0.960s] -- Up-to-date: /home/bubble/Develops/ROS2/pkg_dev_ws/install/moteus_msgs/lib/libmoteus_msgs__rosidl_generator_py.so
[0.961s] -- Up-to-date: /home/bubble/Develops/ROS2/pkg_dev_ws/install/moteus_msgs/share/moteus_msgs/cmake/export_moteus_msgs__rosidl_generator_cExport.cmake
[0.961s] -- Up-to-date: /home/bubble/Develops/ROS2/pkg_dev_ws/install/moteus_msgs/share/moteus_msgs/cmake/export_moteus_msgs__rosidl_generator_cExport-noconfig.cmake
[0.962s] -- Up-to-date: /home/bubble/Develops/ROS2/pkg_dev_ws/install/moteus_msgs/share/moteus_msgs/cmake/export_moteus_msgs__rosidl_typesupport_fastrtps_cExport.cmake
[0.962s] -- Up-to-date: /home/bubble/Develops/ROS2/pkg_dev_ws/install/moteus_msgs/share/moteus_msgs/cmake/export_moteus_msgs__rosidl_typesupport_fastrtps_cExport-noconfig.cmake
[0.962s] -- Up-to-date: /home/bubble/Develops/ROS2/pkg_dev_ws/install/moteus_msgs/share/moteus_msgs/cmake/export_moteus_msgs__rosidl_generator_cppExport.cmake
[0.963s] -- Up-to-date: /home/bubble/Develops/ROS2/pkg_dev_ws/install/moteus_msgs/share/moteus_msgs/cmake/export_moteus_msgs__rosidl_typesupport_fastrtps_cppExport.cmake
[0.963s] -- Up-to-date: /home/bubble/Develops/ROS2/pkg_dev_ws/install/moteus_msgs/share/moteus_msgs/cmake/export_moteus_msgs__rosidl_typesupport_fastrtps_cppExport-noconfig.cmake
[0.963s] -- Up-to-date: /home/bubble/Develops/ROS2/pkg_dev_ws/install/moteus_msgs/share/moteus_msgs/cmake/moteus_msgs__rosidl_typesupport_introspection_cExport.cmake
[0.964s] -- Up-to-date: /home/bubble/Develops/ROS2/pkg_dev_ws/install/moteus_msgs/share/moteus_msgs/cmake/moteus_msgs__rosidl_typesupport_introspection_cExport-noconfig.cmake
[0.964s] -- Up-to-date: /home/bubble/Develops/ROS2/pkg_dev_ws/install/moteus_msgs/share/moteus_msgs/cmake/moteus_msgs__rosidl_typesupport_cExport.cmake
[0.964s] -- Up-to-date: /home/bubble/Develops/ROS2/pkg_dev_ws/install/moteus_msgs/share/moteus_msgs/cmake/moteus_msgs__rosidl_typesupport_cExport-noconfig.cmake
[0.964s] -- Up-to-date: /home/bubble/Develops/ROS2/pkg_dev_ws/install/moteus_msgs/share/moteus_msgs/cmake/moteus_msgs__rosidl_typesupport_introspection_cppExport.cmake
[0.965s] -- Up-to-date: /home/bubble/Develops/ROS2/pkg_dev_ws/install/moteus_msgs/share/moteus_msgs/cmake/moteus_msgs__rosidl_typesupport_introspection_cppExport-noconfig.cmake
[0.967s] -- Up-to-date: /home/bubble/Develops/ROS2/pkg_dev_ws/install/moteus_msgs/share/moteus_msgs/cmake/moteus_msgs__rosidl_typesupport_cppExport.cmake
[0.969s] -- Up-to-date: /home/bubble/Develops/ROS2/pkg_dev_ws/install/moteus_msgs/share/moteus_msgs/cmake/moteus_msgs__rosidl_typesupport_cppExport-noconfig.cmake
[0.970s] -- Up-to-date: /home/bubble/Develops/ROS2/pkg_dev_ws/install/moteus_msgs/share/moteus_msgs/cmake/export_moteus_msgs__rosidl_generator_pyExport.cmake
[0.970s] -- Up-to-date: /home/bubble/Develops/ROS2/pkg_dev_ws/install/moteus_msgs/share/moteus_msgs/cmake/export_moteus_msgs__rosidl_generator_pyExport-noconfig.cmake
[0.971s] Invoked command in '/home/bubble/Develops/ROS2/pkg_dev_ws/build/moteus_msgs' returned '0': CMAKE_PREFIX_PATH=/opt/ros/humble /usr/bin/cmake --install /home/bubble/Develops/ROS2/pkg_dev_ws/build/moteus_msgs
